137.927 10.8118
137.961 11.3631
134.377 10.8784
137.914 11.647
135.242 11.5724
137.963 10.8899
136.097 9.82319
137.657 10.3731
135.747 10.7319
137.307 12.1193
136.805 10.7117
139.024 10.9608
136.828 11.1816
135.77 11.8328
134.591 10.4239
136.56 10.2192
134.72 11.0989
134.891 11.2851
134.69 11.3122
139.766 10.2963
133.286 12.2874
136.635 11.0481
135.704 11.2191
137.712 11.0173
135.466 10.9975
135.025 11.1095
135.191 11.2007
137.596 10.4159
137.566 10.7236
135.512 11.0125
136.921 10.9354
137.761 10.6594
134.871 10.5749
134.928 10.779
138.189 11.6718
138.093 11.4475
136.616 10.4443
138.063 10.8693
136.909 11.1673
135.809 11.7809
138.871 11.5349
139.384 10.0822
139.301 10.5521
139.856 10.2075
135.258 11.8092
135.374 11.2005
135.74 10.8152
138.423 9.89847
137.754 11.1264
136.963 11.0273
133.935 11.0273
134.706 10.8259
133.722 11.5186
136.481 10.2493
135.734 11.1269
136.106 11.5346
136.07 10.4092
138.531 10.5865
138.092 11.0344
137.32 10.8482
131.351 10.7923
133.045 12.0799
134.786 11.6203
136.574 10.6144
133.858 11.8128
134.79 11.9754
135.564 11.7579
137.938 10.8692
136.799 10.3609
135.391 10.9609
135.727 10.2592
135.293 9.67282
137.01 11.292
137.574 11.0099
136.351 11.343
135.656 11.189
135.532 11.3373
135.105 10.8647
133.984 11.5615
133.142 11.0704
132.967 10.5494
132.728 11.3692
131.408 11.6391
135.383 10.8594
137.256 11.7475
135.314 11.1206
136.321 11.1315
135.051 11.3841
135.557 11.4049
139.672 10.3901
138.765 10.9846
138.347 11.3118
140.271 10.9146
136.293 10.787
134.285 11.5258
138.608 10.9302
137.8 11.0111
139.742 10.3019
138.006 10.4714
137.348 12.0984
138.086 10.9203
137.857 10.9167
142.009 11.8614
140.324 11.3993
139.792 12.2229
142.054 10.8344
144.41 10.9779
144.466 10.7375
143.103 10.3033
139.147 11.0838
144.656 11.1453
144.519 10.9568
139.583 11.6618
141.539 11.8994
142.024 11.1514
141.852 10.6701
139.362 11.6155
137.713 11.895
140.504 11.1619
140.504 11.5482
138.711 11.1883
135.396 10.9692
137.97 10.7166
137.929 11.1648
139.739 11.4355
139.058 11.5567
135.77 10.7192
137.45 11.1287
137.287 11.7085
138.224 12.4483
139.322 11.7152
139.968 11.2535
141.009 11.1657
141.13 11.4866
138.063 11.8273
136.914 10.2192
139.005 10.1519
137.577 11.6458
138.661 10.9272
141.974 10.947
144.408 10.4034
139.505 11.2406
138.937 11.2444
140.261 10.9924
139.585 11.0334
138.872 11.7819
138.755 11.4597
141.33 10.6105
141.834 10.5706
137.665 10.773
137.129 10.6599
136.479 10.3891
139.156 10.6651
140.073 11.0874
139.005 11.3677
139.84 11.8622
138.516 10.8397
137.986 10.6275
140.972 11.6716
136.411 12.5777
136.675 11.4562
135.31 11.812
137.687 11.3178
133.047 11.0904
135.285 10.8106
134.071 11.1817
137.1 11.6007
137.487 10.8266
135.565 10.7242
136.522 11.4706
136.008 11.5882
136.539 11.1513
136.233 11.3623
136.155 11.4718
136.183 11.3967
135.869 11.3935
136.967 11.8166
136.572 11.2933
137.623 11.1889
138.161 10.5244
140.143 10.9937
137.686 10.7817
138.012 10.7525
138.463 11.0312
139.088 10.928
138.102 11.1771
135.555 11.4659
139.505 10.6532
139.418 11.9779
137.576 11.7944
137.185 11.5908
137.468 12.5415
136.318 12.8899
136.469 11.7947
136.601 11.3506
134.344 11.4076
134.838 10.9816
136.758 10.7137
137.17 10.3774
137.501 11.7197
137.995 11.6506
137.736 11.3657
138.09 11.1971
140.376 10.8353
140.376 11.182
138.39 11.4409
138.98 11.1754
141.306 11.6258
142.989 11.7665
141.988 10.2962
141.988 11.3719
139.11 11.2776
137.646 11.2636
140.985 11.2991
139.351 11.2873
139.336 11.3364
139.31 11.3582
139.467 11.481
137.749 11.0046
136.339 11.1529
138.006 11.7395
141.513 10.3538
137.039 10.2528
136.839 10.4259
138.82 10.6015
138.1 10.6792
138.435 11.5198
138.048 12.0689
140.638 11.7194
138.501 11.5549
138.533 10.8846
137.93 11.3408
136.894 10.8689
140.12 11.1311
141.439 10.7517
140.537 11.227
141.639 11.7176
140.378 10.5219
142.013 11.5426
140.021 11.4954
139.833 11.5583
139.637 11.3712
145.778 11.2628
138.595 11.4249
139.737 10.724
142.682 10.4085
141.433 10.9553
142.992 11.3582
142.965 10.3192
143.33 11.6307
140.135 11.1437
142.779 10.5858
146.561 11.7859
143.092 10.6485
141.849 10.6106
141.849 11.8707
141.849 11.871
141.985 11.7989
140.878 12.1735
141.448 11.5989
140.823 11.2009
140.595 11.2871
140.779 11.2561
144.6 11.0752
142.935 10.7088
138.036 10.7418
140.167 10.762
139.124 11.1376
139.696 11.0342
138.68 11.4009
139.516 11.4463
137.991 12.2084
137.716 11.4129
138.002 11.7976
141.086 11.9468
139.924 11.8811
139.587 11.8606
143.548 11.8366
142.807 10.7803
142.616 10.9144
144.487 11.2973
142.706 10.7077
139.414 10.2449
137.703 10.2429
140.424 11.6973
141.651 10.3678
141.852 10.6435
138.544 10.4271
140.173 9.99957
137.426 12.9677
138.01 10.538
138.174 10.7083
135.925 10.8384
136.605 11.3353
135.644 11.9425
133.376 11.8228
134.117 11.0503
135.615 11.2604
136.232 11.8867
136.936 10.887
137.016 12.2176
133.928 11.7363
133.019 10.7691
137.152 11.6518
137.81 10.9357
136.987 11.4712
134.741 12.4809
135.506 10.6761
137.461 10.606
137.462 11.4463
138.033 11.3653
135.621 11.1446
137.302 11.5198
136.852 11.4675
136.347 11.5382
138.427 11.6339
136.206 11.8586
135.724 11.6248
137.248 10.9922
139.043 11.7611
138.219 10.9912
140.283 11.7783
138.099 11.8935
137.947 11.3482
140.656 12.0067
137.5 12.1816
137.946 11.9132
137.928 11.611
138.681 11.3548
137.847 12.3582
141.709 11.4891
140.483 10.3566
137.774 10.9808
135.148 12.2663
137.385 11.7681
138.559 11.8071
140.231 11.0822
141.761 10.295
141.761 10.295
140.067 11.4169
137.95 10.5959
136.798 11.4012
135.577 11.1547
139.595 11.3139
140.934 11.2127
138.985 11.0739
138.515 11.149
142.399 11.1976
139.046 11.2285
138.192 11.5573
138.97 11.5775
138.397 10.8998
140.919 11.0566
139.348 10.9172
138.388 11.5743
137.724 11.253
136.856 12.1117
139.976 11.4786
138.552 11.4751
141.197 11.497
138.484 11.4483
137.843 11.3446
137.444 11.2238
137.947 11.5834
137.884 11.6674
137.968 10.6221
137.466 11.2959
139.956 10.8152
141.252 10.5319
140.775 11.434
138.938 10.9778
139.214 11.3892
141.362 10.937
138.091 10.8583
139.775 11.0814
139.582 11.322
138.846 11.092
138.03 10.2394
135.614 11.6962
139.211 11.3075
139.725 10.968
141.524 11.1373
137.696 10.6884
138.834 11.5984
137.331 11.1375
137.99 10.8394
139.292 10.4781
139.408 10.9935
139.106 11.0534
138.723 11.2721
137.811 11.9992
140.373 10.9247
137.44 10.6417
136.398 10.4888
139.414 10.4904
138.027 12.3058
141.226 11.3953
140.872 12.2574
139.139 12.026
138.917 10.721
139.071 10.4178
140.85 11.136
141.043 10.3608
140.268 11.2529
139.828 12.0055
141.208 11.2181
140.915 11.2757
141.211 11.1969
141.25 11.4345
141.367 10.7641
139.52 11.2169
139.66 11.5305
140.007 11.2341
139.654 10.9144
142.337 10.7394
141.217 11.3742
142.634 10.4626
142.677 10.3411
142.642 10.7611
142.404 10.819
142.598 11.8363
142.462 11.4462
142.5 11.2812
140.217 9.96614
140.743 11.0038
137.715 11.3104
138.286 11.2877
135.539 11.2101
139.555 11.0175
138.871 11.6291
138.448 11.1498
140.867 11.1412
139.958 11.1272
140.924 10.9359
140.952 10.4746
138.137 10.5838
137.22 11.0346
140.546 10.1011
138.331 10.5501
138.325 11.4947
138.927 10.6285
139.828 10.5661
138.138 10.4353
137.107 10.3753
139 10.5208
143.279 10.3474
142.532 10.78
138.517 11.1849
142.679 11.1065
138.919 11.2246
141.264 11.242
138.35 11.6652
140.626 11.6446
138.83 11.0675
135.215 11.0474
141.533 11.1689
138.681 11.0646
137.24 10.9649
133.498 11.015
133.195 11.335
136.233 11.1042
133.376 11.283
136.096 12.1258
136.054 10.5673
137.928 11.994
134.186 11.3846
139.915 11.3918
136.096 11.2626
135.792 11.1745
138.139 11.2581
135.197 11.5733
135.792 12.0976
135.894 11.8981
135.532 11.7817
139.284 11.2627
138.491 11.2986
136.266 11.1129
138.174 10.9878
137.533 11.3989
138.867 11.1798
140.696 11.4328
140.352 11.3834
136.475 10.8963
140.422 11.3876
137.782 11.0258
137.583 10.9304
139.819 11.1349
139.591 11.6104
131.768 11.2023
133.173 11.211
139.279 11.1177
136.016 11.7786
138.942 11.7041
137.111 12.1472
134.572 11.4299
135.597 11.8658
136.194 10.4194
137.142 10.6022
137.384 10.6469
138.539 11.0436
136.393 11.2377
139.464 11.2248
138.271 11.8087
137.976 11.0597
137.215 11.1586
134.197 11.4871
137.197 10.6947
143.62 10.496
143.238 10.5607
141.378 10.6346
140.102 10.5958
141.667 10.5644
139.547 11.1643
140.477 11.1117
137.739 10.932
137.643 11.2687
140.415 12.2626
141.243 11.7383
138.691 11.846
137.094 11.8679
139.365 11.3948
139.721 11.2915
139.163 10.7105
142.953 11.0996
141.266 10.6653
142.127 10.5455
143.333 11.1174
140.232 11.7613
142.468 10.5654
136.52 10.1858
137.403 10.4097
140.611 11.2613
137.909 11.3629
140.596 11.3325
136.588 11.4592
143.843 11.1342
138.293 10.1999
138.104 10.6077
138.439 11.0055
138.041 11.8634
136.778 11.594
136.11 11.7065
137.605 10.7049
137.952 10.2816
137.601 10.5514
137.311 11.0521
136.002 11.2227
136.709 11.0181
134.774 11.0678
134.401 11.2526
134.672 11.4901
136.612 10.5176
138.546 10.6648
131.972 11.0887
134.933 11.8432
135.188 12.0919
136.467 11.7141
135.714 11.3982
133.074 10.7351
133.177 10.8968
138.985 11.132
136.858 11.2536
136.987 10.8313
134.83 11.0461
138.211 11.1348
138.856 10.3383
137.325 10.8449
137.975 10.758
136.529 10.4638
132.443 10.713
134.741 11.9489
135.52 10.6654
133.823 10.7998
136.928 10.2548
138.455 11.3579
135.093 11.3429
140.831 10.9829
136.334 11.9989
135.709 10.1545
137.693 12.2965
138.24 10.9205
137.856 11.2919
137.859 11.4227
138.793 12.09
140.436 10.9891
138.189 11.804
138.636 12.4778
141.739 11.568
138.026 11.836
139.585 11.1434
139.32 10.3315
139.019 11.0853
137.23 11.7429
134.613 11.1684
135.85 10.9934
138.602 10.9658
135.656 10.9619
137.917 11.1306
136.478 12.4192
136.645 10.9474
136.345 10.2547
137.841 10.764
137.595 10.8122
140.563 10.6748
139.988 10.908
144.821 10.3351
140.73 11.0238
142.364 11.2369
142.945 11.1977
142.314 10.9866
139.411 11.0959
137.787 11.5135
139.665 11.4962
140.913 10.7231
142.768 10.5191
140.421 11.5162
141.502 11.5742
139.424 11.014
143.535 10.8783
142.338 11.2238
140.928 10.5412
137.821 10.3262
139.967 10.5759
140.359 10.6011
141.087 11.448
140.624 10.7337
142.23 10.5459
141.122 10.8293
142.889 10.8004
142.14 11.2541
140.524 11.2851
139.138 11.084
138.582 10.7142
141.807 10.3004
141.808 10.8174
143.024 10.6126
143.968 10.5897
145.521 10.6299
140.913 10.9366
140.407 11.885
142.174 10.9582
140.212 11.2937
142.614 11.1539
144.57 10.5279
142.09 11.5305
141.307 11.277
138.041 11.4398
138.862 11.5098
139.144 10.3377
138.63 10.9134
137.117 11.2075
137.39 11.5666
138.363 11.0782
138.538 10.724
139.126 10.6101
135.911 10.9028
135.864 11.858
136.614 10.7882
135.497 11.9158
135.304 10.9525
137.402 11.4157
138.243 11.5587
136.109 11.3493
138.601 11.4189
140.103 11.5152
138.566 11.3456
135.766 11.3846
138.216 11.0496
141.128 11.4571
140.88 10.7623
138.006 10.6243
135.897 12.4737
139.907 10.6447
139.679 10.6048
137.26 10.7598
132.212 11.6634
132.857 11.6634
135.682 11.6981
137.099 11.2026
137.094 10.9479
139.225 11.8658
137.88 11.6252
139.217 10.7672
138.382 11.5389
138.251 10.7704
137.762 11.0923
137.868 11.4438
136.691 12.7207
135.19 11.0322
139.888 11.7952
137.344 12.2758
138.61 11.5318
139.61 11.1359
137.059 11.3125
139.798 11.1
137.899 11.2826
134.786 11.1614
136.264 10.4293
135.721 10.7944
137.654 12.3597
137.365 11.5038
137.381 10.6512
135.039 11.2361
138.014 10.564
137.735 11.1012
138.016 10.8252
139.644 10.9159
138.042 10.2361
138.75 12.0604
143.353 11.5252
138.018 9.93848
138.446 10.6783
141.461 11.4296
139.053 12.195
138.18 11.0668
140.339 11.6085
140.849 11.4388
139.994 11.1056
139.206 11.2859
141.053 10.685
139.539 11.0311
139.317 10.7014
139.517 11.1524
141.734 10.796
142.597 10.3143
138.508 10.2163
138.254 11.1976
138.188 12.1602
138.354 11.2407
139.958 10.6256
141.053 11.176
139.618 10.0132
141.311 10.6974
138.814 11.2128
138.261 11.1157
144.417 11.0105
144.417 10.633
144.799 10.6787
143.085 10.6701
140.02 11.1868
138.349 11.3999
138.971 10.5944
141.009 11.5431
138.982 11.4247
141.138 12.0717
141.006 12.1779
143.054 11.9842
140.259 11.1888
139.985 11.7061
140.43 11.371
140.675 11.3786
138.569 11.2122
139.794 10.9439
141.518 10.5662
141.796 10.9882
141.517 10.6639
141.211 12.0494
140.213 11.6349
138.877 11.5795
136.819 11.2702
136.109 11.5364
137.583 11.4242
140.386 11.3459
140.492 11.348
136.092 11.218
137.075 11.5956
139.962 11.4261
139.32 11.6147
137.099 11.648
137.157 11.3514
140.346 11.0604
139.636 10.1587
138.296 11.4834
139.827 11.2472
135.949 12.3929
137.34 10.5792
139.813 11.4255
138.022 10.8287
136.528 11.0825
134.835 10.5978
138.451 10.367
137.026 11.6554
137.312 11.6567
137.789 11.7756
137.305 10.8419
135.681 11.0724
136.013 11.4328
140.014 11.7007
139.413 11.6375
138.166 10.0273
140.264 11.0741
139.36 10.4897
138.515 10.6067
139.854 11.5062
143.5 11.212
140.577 11.8677
138.467 10.9559
143.131 10.9753
143.396 11.4939
139.751 11.5597
141.199 10.659
138.868 11.633
139.432 10.5255
139.432 10.7592
138.099 10.8953
137.898 10.8449
139.949 10.8283
139.197 11.258
136.977 11.1571
136.433 12.0455
135.439 11.787
136.273 11.4281
134.966 10.7026
138.98 11.5244
137.169 11.3601
134.543 10.5862
135.323 10.902
134.744 11.212
134.744 11.1423
139.338 10.8224
138.141 11.0102
137.495 11.7844
137.741 10.5009
138.787 10.795
137.79 11.4926
138.266 11.8401
136.449 10.5514
135.373 10.5418
135.373 11.1463
134.66 10.595
134.763 10.8083
137.28 10.3199
134.75 11.2237
138.2 11.085
137.865 11.4166
134.009 10.9532
134.598 11.2618
135.258 12.2582
135.729 10.8536
135.709 11.5745
135.172 11.0859
134.983 11.4462
137.432 10.7492
136.426 11.6357
134.418 11.7584
136.412 10.7204
137.392 11.0376
137.612 11.0925
136.065 11.0925
136.362 11.0925
140.845 11.0928
140.053 10.6282
138.959 10.4709
140.063 11.8107
137.287 11.6559
138.553 10.9305
139.781 11.3797
137.683 10.6077
137.948 10.4781
137.813 10.9159
140.025 10.6778
139.713 11.7673
138.176 10.4018
138.873 11.329
141.391 10.1968
137.511 10.6345
136.905 11.3391
136.255 11.7478
134.892 10.3715
137.271 10.9858
136.565 11.939
138.21 11.6125
135.589 11.6373
133.88 12.0002
135.826 11.5353
135.593 11.3246
137.305 10.6804
137.29 11.3352
136.541 12.0202
137.258 11.7511
136.487 12.2524
138.623 10.2943
137.331 10.7243
138.854 11.4123
138.29 11.3891
139.413 10.6882
137.886 11.4667
134.778 11.6467
136.183 11.5397
134.329 12.5324
136.17 11.1999
134.779 11.1139
134.529 11.725
137.085 9.96378
135.365 10.6539
136.92 10.426
137.944 11.8335
136.047 11.4538
134.781 11.0052
134.551 10.9727
137.057 11.4513
137.126 10.5623
137.183 11.8736
135.467 12.1966
135.239 10.3138
138.952 11.1508
137.727 11.8448
134.279 11.2176
134.382 11.4842
134.659 11.4687
137.345 11.3601
138.746 11.0805
138.311 10.7016
139.36 10.0946
138.477 10.6288
138.468 10.5872
140.289 11.6185
138.552 11.1584
137.755 11.1008
134.939 10.4506
135.977 9.79138
134.941 10.7294
134.034 10.3937
134.238 11.918
134.99 11.0656
136.48 11.0334
135.638 11.6598
135.472 11.8412
132.758 11.1248
134.955 11.5633
134.955 11.3508
136.756 11.6954
140.268 10.621
137.914 10.6799
135.607 10.828
133.501 11.1755
139 11.7139
135.441 10.9409
134.703 10.5521
136.871 11.4427
138.188 11.1624
141.985 11.1806
138.623 11.2103
135.617 10.4963
135.868 12.1778
135.868 12.0157
134.517 12.3995
136.933 11.0786
134.514 10.9914
134.118 11.1913
133.692 11.3554
135.895 11.1336
137.083 11.1303
135.713 10.8575
139.11 11.4354
136.437 11.5685
135.477 11.7886
137.483 10.4692
136.582 11.5052
139.579 10.7048
139.917 11.4599
136.683 12.0221
137.256 10.2266
135.242 10.9849
133.877 11.0234
134.15 11.2421
134.167 11.203
129.839 11.0059
133.747 11.1502
135.424 10.8271
133.452 11.1488
135.173 10.2235
133.024 11.4194
136.752 11.8316
134.947 11.7855
136.948 11.8028
135.475 11.5428
134.932 11.9764
135.735 11.968
137.32 11.8577
139.257 11.9802
137.442 11.4745
135.482 12.0071
137.377 11.0895
134.62 10.9872
138.207 11.3544
135.814 11.6487
137.472 11.2233
136.686 10.9895
135.469 12.0766
135.857 12.1817
135.643 11.641
133.329 11.3206
134.352 11.5357
135.785 11.3571
138.401 11.0786
135.996 10.8295
135.935 11.2246
136.371 11.6073
135.224 11.0396
135.543 12.5507
135.902 11.4862
136.934 11.2318
137.446 11.6194
137.639 10.5154
136.442 11.6369
137.69 12.2652
138.409 11.9446
137.28 11.6081
138.472 11.6155
137.451 11.1646
136.249 12.045
136.885 11.0325
138.569 11.2965
141.394 10.4946
140.487 11.3673
134.436 11.8329
136.323 11.1368
136.213 11.9245
136.768 11.0189
137.693 10.9109
139.977 10.9854
140.625 11.5828
138.638 11.2727
136.179 11.4213
134.232 10.5077
137.085 10.7547
135.082 11.6981
134.086 10.2969
135.639 11.8659
135.666 11.3899
136.4 11.5846
134.345 10.8658
135.431 11.2586
133.86 10.7422
133.96 11.1005
135.6 11.0707
140.637 10.2456
139.198 9.81652
136.79 11.5464
138.832 10.4843
138.624 10.6955
138.138 11.5107
139.526 10.8275
136.417 11.2114
138.558 10.9118
136.433 11.7564
135.537 10.7681
138.093 11.5835
136.769 11.799
135.896 10.7915
136.068 11.843
135.597 11.9654
138.512 10.5261
136.748 10.5261
140.823 10.6167
142.023 10.622
138.753 11.1505
138.132 11.074
138.85 11.6025
139.052 12.1662
135.158 11.3677
138.061 11.2462
137.59 11.1919
135.87 11.1773
137.764 11.1707
137.059 11.2589
134.982 10.8166
139.858 11.5802
139.959 10.6825
140.03 10.9712
137.158 11.2642
138.444 11.4239
138.243 11.3955
137.843 11.138
135.874 11.3924
135.731 11.2329
134.538 11.2687
135.651 9.33888
136.85 11.2089
136.269 11.5021
137.67 11.67
134.912 11.6847
136.927 10.2696
137.659 11.618
136.891 11.1629
135.851 11.4306
137.978 11.4542
136.48 11.4765
137.188 10.9853
134.891 11.2441
136.995 11.3195
137.459 10.5828
140.329 10.238
138.53 11.7769
138.494 11.3935
139.013 12.1088
142.577 11.5158
137.291 10.8166
137.874 10.8994
137.54 10.7342
137.791 11.5224
138.016 11.8075
139.375 11.6799
138.712 11.4346
137.798 12.0194
138.074 10.7917
140.377 10.7333
135.556 9.83474
137.943 10.7203
136.574 11.8487
136.526 11.4431
138.792 11.2545
136.9 10.7004
136.832 11.7164
134.486 11.2645
133.386 11.8651
137.581 11.925
137.273 11.2722
136.485 11.3687
136.567 10.53
136.354 11.1357
137.931 11.0888
137.335 11.4944
140.967 12.2639
138.393 10.7738
137.569 11.2185
136.716 12.2744
138.82 11.1708
138.152 11.0657
138.729 12.0308
136.626 12.0628
135.229 11.6265
139.772 10.8678
139.634 10.6047
138.517 11.3441
140.75 10.4796
140.75 10.8948
141.06 11.4144
139.551 11.5363
139.989 10.1377
141.583 11.9301
141.265 11.1237
138.373 11.8371
139.332 12.0262
140.74 10.1931
142.404 10.6232
140.33 12.3124
140.891 10.8412
139.755 10.4079
138.506 10.7917
139.92 11.2058
135.669 11.3437
139.85 10.7775
139.78 10.9303
140.468 11.3554
138.913 10.8212
139.381 10.7671
137.73 11.1429
137.442 11.3689
137.951 11.4832
136.632 12.0624
136.944 12.2956
137.407 11.9949
139.366 11.2092
141.311 12.5851
140.019 12.5843
138.192 11.9714
139.655 11.6067
138.811 11.7795
140.374 10.1959
141.851 11.9182
139.462 11.6812
137.609 10.7468
141.987 11.4561
139.159 11.3906
138.86 11.2805
140.796 10.8702
139.548 11.5633
138.762 11.2818
138.535 11.222
139.134 11.1558
138.166 11.0065
137.915 10.8946
137.916 10.6503
137.849 11.615
136.625 10.9116
137.48 11.7719
134.941 11.4542
138.899 10.6502
138.899 11.0754
135.466 11.7409
138.049 11.6546
139.951 11.1907
139.806 11.2969
139.722 11.99
139.578 11.8231
137.897 11.8191
136.272 11.8496
138.228 10.8374
140.311 10.8808
138.723 11.6447
140.41 10.8655
139.759 11.2581
138.442 10.7776
137.903 10.6637
137.545 11.7388
137.405 11.826
140.226 10.7733
138.828 11.6398
137.566 11.3831
139.785 10.569
138.534 10.5763
139.796 10.8283
138.423 10.8434
138.183 11.3476
138.144 10.995
138.942 10.5423
137.71 11.249
139.774 10.6891
142.623 10.5457
139.584 10.5161
143.352 10.4316
143.352 10.8778
141.666 11.0903
141.029 11.0338
141.117 11.0751
140.723 10.9155
140.551 10.0807
138.774 10.2645
138.08 10.9494
136.116 11.0059
138.403 11.4589
134.598 11.8908
135.829 12.2143
134.442 12.0149
137.058 11.9141
135.412 10.7747
142.112 11.4355
138.439 11.38
138.096 10.4909
138.251 11.1731
139.369 12.0148
142.269 10.6883
142.527 10.6165
142.409 11.3448
143.894 10.9586
140.897 10.5648
140.296 10.7851
139.996 10.3651
137.447 11.4102
138.822 10.8967
140.668 10.7214
138.468 10.8689
137.988 10.8427
141.232 10.4698
138.172 11.8577
141.04 10.5288
138.204 10.8205
139.116 11.4955
137.545 10.568
136.647 10.2621
135.432 10.4415
134.625 10.5093
132.918 11.0774
136.752 11.0811
137.529 11.6193
136.773 11.1371
136.638 10.5389
136.642 11.0102
136.642 10.5864
136.675 11.6228
137.752 11.8065
138.123 10.7424
139.179 10.9337
138.193 12.3413
141.307 11.4152
142.939 11.8771
142.24 10.0169
144.296 11.0562
142.997 11.3496
145.035 11.0718
143.473 11.3332
143.019 11.9316
140.537 11.5403
138.001 11.4116
137.555 11.4911
135.874 11.1178
140.483 11.2576
137.059 11.9407
137.708 11.9625
139 11.1233
139.749 10.6852
138.433 10.4316
137.196 10.5662
134.489 11.0634
134.489 10.3294
134.808 10.4532
134.255 10.7658
130.684 10.7971
135.62 10.6108
136.564 11.3823
136.813 11.0637
136.847 10.7796
138.079 10.1524
138.634 10.9611
138.176 11.2205
137.57 10.5143
137.537 11.1178
136.159 11.5077
134.359 12.862
137.606 12.095
137.034 12.4037
136.317 10.7088
136.51 11.4354
139.695 10.4595
138.654 10.3312
136 11.0131
137.95 11.255
137.941 11.2108
138.283 11.1365
136.325 11.474
137.444 11.4585
136.969 10.2116
135.533 10.879
138.642 10.8463
139.735 10.9288
136.828 10.9699
135.648 10.9991
140.023 11.0499
136.488 10.9735
137.53 11.2764
138.069 11.4973
136.153 11.604
136.085 10.6801
138.139 10.9277
138.538 11.0267
138.278 10.8615
142.333 11.931
138.875 11.5645
138.598 11.7578
137.966 11.4855
136.952 11.4152
135.023 9.9087
135.903 10.1936
134.726 12.1344
136.922 11.5888
136.63 11.0739
138.48 11.2571
137.174 10.2043
133.522 10.645
137.499 9.95971
137.298 10.1761
137.966 11.0659
136.528 10.8474
136.353 10.6566
135.203 11.4077
137.475 11.654
136.521 12.0546
137.928 10.5972
138.949 11.4878
139.926 11.2884
135.976 10.9931
135.054 11.4854
135.928 12.1288
138.271 10.9168
137.086 11.1595
134.378 11.1128
136.194 10.8909
139.782 10.5172
136.509 11.7703
135.575 12.7558
136.806 11.7278
135.214 10.4897
134.729 10.94
135.395 11.223
135.388 11.3769
135.926 12.1589
137.612 11.2001
137.294 11.5283
136.273 12.2158
135.082 11.6813
136.231 11.3575
134.05 11.1116
139.142 11.1397
136.838 11.2306
140.035 11.2062
136.285 11.177
136.122 10.8611
135.744 11.2786
134.651 10.425
137.741 10.9371
137.225 10.007
137.814 11.0165
138.594 10.7053
137.302 10.983
139.812 10.9088
139.101 11.3867
139.165 11.2749
137.689 10.2085
139.028 10.6384
137.129 10.7815
138.569 11.7627
139.865 11.483
139.245 11.7416
137.589 11.7163
136.391 12.0789
136.147 11.2849
134.904 11.7123
138.377 10.7536
138.49 11.0671
138.741 11.5013
137.063 11.2156
135.768 10.6235
138.093 10.7115
136.871 10.2991
138.775 11.4921
136.744 11.8464
135.439 11.9199
138.094 11.9676
139.197 11.9689
136.887 12.2911
139.692 12.6426
135.375 10.9377
134.006 11.168
136.727 10.7915
138.976 10.6871
135.661 10.7377
136.851 9.88613
133.877 11.538
135.658 12.4716
135.906 11.1806
136.088 11.7462
135.745 12.1002
137.65 11.657
135.718 11.1627
139.379 12.1045
139.613 10.3064
140.951 12.2278
141.147 10.7292
140.198 11.0993
140.139 11.0678
136.833 11.4293
138.635 11.909
137.865 10.5534
138.947 11.3166
136.944 11.3305
136.781 11.2063
135.143 12.0395
137.561 11.2446
139.609 11.1939
140.221 10.4959
137.377 11.2044
135.185 10.9256
136.135 10.6052
138.474 10.5697
137.1 11.7853
136.222 10.9391
136.705 11.759
134.879 11.5809
136.963 10.5718
135.324 11.3192
137.298 11.4796
136.248 11.3315
136.053 10.8585
136.145 10.5969
142.109 11.5349
138.416 11.4166
134.474 11.0983
138.605 11.3267
138.606 10.9726
138.427 10.6059
139.878 11.4871
139.505 10.6536
139.774 11.8106
141.041 11.5505
141.148 10.785
139.317 10.8191
137.438 11.1092
139.855 11.2607
139.14 10.9985
138.392 11.2365
137.853 11.2527
137.159 11.5881
137.656 10.8104
134.789 10.7155
134.835 10.4612
138.94 10.5757
137.972 10.933
139.126 11.0224
139.135 11.6268
139.274 11.4181
138.797 11.3174
139.894 11.9052
135.488 11.1301
138.363 10.5085
136.77 11.3004
139.059 11.2168
139.726 11.5097
139.246 10.6528
138.445 10.6559
137.764 10.8901
137.735 11.7644
135.28 11.174
135.971 10.3381
137.426 11.6329
139.668 10.3713
137.366 10.5914
135.435 11.6294
136.291 11.1576
137.328 11.2973
137.887 10.8045
136.785 11.2445
135.327 12.5752
138.82 11.5756
139.487 11.6408
135.627 11.7807
134.572 11.1284
138.301 11.3322
137.776 10.8693
142.386 10.7791
136.716 10.9385
137.533 12.0046
138.827 11.9031
138.573 11.536
137.878 12.0653
139.376 12.4939
138.63 11.2659
141.224 11.5004
139.409 11.4609
138.217 11.5514
138.531 10.6424
140.589 10.9898
137.472 11.608
139.226 10.3703
137.477 10.5385
140.656 10.5212
138.11 10.6136
138.903 10.702
142.91 10.7119
142.377 10.5699
140.656 10.0115
141.234 9.8903
135.141 11.1227
135.294 10.6956
137.531 11.6547
137.893 11.7203
135.825 11.7182
136.954 12.1927
137.824 11.8334
134.073 11.2688
135.516 10.9194
137.287 11.6463
138.374 11.8664
143.324 11.7532
143.293 11.2443
143.447 10.8408
140.19 11.6365
138.211 10.7429
139.961 10.5626
133.162 11.1159
137.21 11.498
136.567 11.346
137.192 12.3158
136.058 11.3768
135.451 12.5926
135.552 11.3535
135.142 12.4282
134.151 11.7646
136.371 10.6873
136.729 10.0148
135.697 12.2363
137.645 10.7996
136.077 10.654
138.49 10.5499
140.123 11.2748
138.916 11.0277
138.662 11.6657
138.476 10.9777
139.782 10.8674
137.436 11.7767
137.765 11.8795
136.862 11.2033
135.881 11.8202
138.655 11.8903
138.568 11.412
135.969 11.3927
136.421 11.3339
137.38 11.0642
140.097 11.4331
140.334 11.3551
138.926 11.5091
139.1 11.2618
139.202 11.074
139.326 10.3532
139.463 11.5828
139.732 11.7324
137.721 11.3581
138.281 10.7122
138.588 11.6983
141.925 11.469
140.503 11.1359
139.105 11.3709
139.05 11.1472
139.148 11.2851
138.748 11.5144
138.645 11.3477
140.536 10.8022
141.175 10.7865
138.476 10.7866
140.292 10.7817
137.25 10.7227
136.909 12.1093
136.937 10.6725
137.186 10.7735
136.256 12.2558
132.083 10.5833
134.631 11.1032
136.614 11.1394
138.662 10.9353
132.767 11.5417
135.488 10.8434
135.718 11.531
138.1 10.7462
137.726 10.6824
140.879 11.6998
140.922 11.4988
139.584 11.3947
139.846 10.4009
138.427 11.8429
135.257 11.3456
136.904 11.4942
137.857 11.49
139.868 11.4188
139.707 11.0083
138.272 11.1515
138.183 11.8434
136.782 10.8935
136.295 11.2552
135.477 10.7822
137.611 10.4666
137.078 11.295
139.87 11.0246
137.9 11.8597
142.34 11.7757
144.757 11.0506
144.31 10.6004
142.183 12.0035
140.347 11.2388
142.545 11.7781
139.695 11.4459
137.266 11.7803
140.684 11.0444
136.26 11.7973
139.144 11.3493
137.162 10.9609
137.241 11.6855
136.605 10.7391
134.348 11.349
136.332 12.2471
139.059 10.4604
136.131 11.708
135.932 11.2291
134.542 11.594
139.97 11.1433
137.316 12.3239
136.174 11.5272
135.346 11.0475
135.485 11.6886
136.389 11.3805
137.251 11.6919
137.764 10.7892
135.538 10.9049
136.763 11.3463
135.486 10.9946
133.164 12.3618
138.615 10.3939
138.567 10.7541
141.682 11.0554
137.279 11.2725
138.53 10.6536
141.186 11.2316
136.829 11.689
136.829 12.1256
139.558 11.81
141.131 10.8179
140.068 10.7808
141.503 10.8515
141.503 11.1278
139.878 10.6979
140.606 12.1184
140.88 11.8565
139.6 10.3429
139.6 10.9331
141.06 11.3413
140.316 11.3774
140.345 10.3501
141.795 10.8971
139.266 11.8099
137.593 10.6454
137.066 11.3313
136.899 10.2855
140.69 11.3337
137.969 12.1995
138.537 11.3692
137.8 10.8249
138.223 10.6195
138.295 11.9056
138.708 11.4498
136.488 11.1968
134.198 10.5804
135.184 10.7306
139.252 11.352
137.067 10.9232
137.461 10.1091
136.68 10.1878
137.869 10.8105
138.459 11.4885
139.468 11.038
137.763 11.1218
137.526 11.0071
137.27 12.3495
136.713 12.0634
139.806 11.618
139.555 11.7922
135.007 11.6853
140.134 10.6841
138.065 11.4651
138.088 11.6644
138.21 11.0516
135.826 11.07
138.068 11.627
137.633 11.6574
137.313 10.7458
139.453 10.8199
140.156 10.6568
135.872 11.3534
139.441 10.811
136.559 11.23
137.266 12.3718
133.802 11.6351
136.223 12.1621
136.788 11.9003
133.505 11.0604
135.312 11.3177
135.484 10.4779
136.423 10.3935
139.23 10.7076
138.829 11.0011
138.677 11.2498
137.977 11.0642
137.14 11.7397
138.306 11.7714
138.267 11.1421
138.466 11.0381
139.084 11.0677
139.2 11.2875
137.617 11.3596
138.675 11.4093
139.491 9.76616
136.869 12.1233
138.998 12.0678
141.17 11.0759
139.838 11.4707
138.748 11.8527
138.036 10.7301
138.968 11.4135
136.973 11.0808
136.292 11.1324
139.279 11.1884
137.056 11.8099
135.476 11.8592
138.006 10.5154
137.916 11.1379
141.291 11.1422
140.055 9.61365
140.396 9.95627
136.003 10.9892
136.919 11.2459
136.729 11.383
137.565 11.238
135.545 11.1691
136.573 10.8333
136.738 11.2213
137.215 10.7978
136.272 11.9445
138.171 11.3895
140.063 12.5706
140.49 10.8206
137.496 10.4522
137.154 11.1741
136.187 11.3092
138.785 11.5202
135.303 11.8164
135.49 9.80662
136.625 11.0139
136.467 9.82586
136.467 11.35
138.502 11.3682
138.107 10.8633
135.257 11.7387
136.931 11.7457
134.878 11.3188
133.997 11.4627
135.652 11.6574
134.262 11.6626
137.676 11.6672
137.875 10.4327
134.712 10.6904
136.517 9.74839
141.065 11.2878
134.368 11.3631
136.052 10.5985
138.491 10.981
136.115 11.5626
136.938 11.3632
135.183 11.0456
135.838 11.1598
138.449 11.0745
133.517 11.2537
136.299 11.5852
134.511 11.3236
134.463 10.5792
137.324 11.8607
133.853 11.2639
136.494 11.2606
136.942 12.5542
138.844 11.6032
136.831 11.1983
136.433 11.474
136.344 11.7395
138.079 11.4663
132.952 11.196
136.687 11.26
136.968 11.3485
138.2 10.1283
134.416 12.2487
136.899 11.5142
138.468 10.5218
139.14 11.4819
142.022 11.1642
136.488 11.0576
136.155 10.9812
136.614 11.3917
137.703 11.1273
137.119 11.3691
138.57 11.5175
136.828 10.4279
137.2 10.8987
135.217 10.7429
137.211 11.1825
137.669 10.5604
134.739 10.7144
136.521 12.1347
135.018 10.7151
134.162 10.9447
138.646 11.0716
137.781 11.3116
138.152 11.3487
135.092 10.7547
134.896 10.9737
137.537 11.2046
138.398 10.4944
140.349 10.6054
135.331 11.0299
135.709 10.9423
136.198 11.47
136.537 12.0628
138.818 10.4333
136.518 11.0721
134.543 11.4833
133.17 11.1784
137.186 10.8063
136.23 11.455
138.398 11.699
136.433 11.1614
135.203 11.5054
134.877 10.9086
135.863 10.9965
135.773 11.0617
135.592 11.4932
138.148 11.254
138.289 11.8579
137.479 10.9428
136.897 11.3425
138.457 11.186
136.389 10.7092
136.556 10.8091
137.246 11.6573
140.306 9.95622
136.51 10.7392
138.469 10.5503
138.749 10.7959
138.979 11.3107
138.186 10.9493
135.937 10.9493
136.533 11.0162
136.518 11.6769
138.332 11.1228
139.455 11.1432
135.216 12.1057
136.909 11.717
138.374 11.7902
137.74 11.5424
138.807 10.5792
138.62 11.7681
138.497 10.2192
139.591 10.5263
137.883 10.0155
138.793 11.5349
136.247 11.8906
135.132 10.8641
140.92 10.4644
137.138 11.8465
138.16 10.9415
137.472 11.0234
140.565 10.5427
141.241 10.9649
138.866 10.9604
136.823 11.1394
137.605 11.4443
137.909 11.2526
135.224 11.5748
135.977 10.632
136.069 10.867
137.164 10.9032
135.927 11.7593
135.966 12.0145
135.917 12.8722
135.927 10.4725
136.578 11.5415
136.465 11.5188
138.372 11.2492
141.263 11.1964
137.729 11.3946
136.075 12.3055
136.864 12.0616
139.184 10.7452
137.247 11.1767
138.895 11.5197
134.417 11.3025
136.953 10.8693
134.681 10.3437
136.319 11.1933
136.271 10.9684
134.865 10.9003
135.172 10.3992
134.033 10.8576
136.45 10.867
137.32 10.8816
139.092 10.5414
136.718 10.6428
137.203 11.6586
138.534 10.6464
139.462 11.5896
137.793 11.4185
137.124 11.1711
135.502 11.7549
135.502 12.2971
138.359 10.8765
139.778 10.8148
138.275 10.3509
139.815 10.2363
139.815 10.941
138.64 12.0052
139.31 11.6639
136.199 11.1324
135.51 10.3248
138.53 10.4833
138.499 10.573
136.872 10.7119
137.445 10.2059
139.127 11.0321
137.898 11.3224
135.843 11.7071
131.573 11.461
133.92 10.3032
136.376 11.8441
134.507 11.4565
137.375 11.6084
136.801 11.5014
136.968 10.2833
135.825 11.2295
137.311 10.2548
134.682 11.7621
135.551 10.7015
136.701 11.1093
138.141 11.7589
138.251 11.5546
137.326 11.1187
139.998 10.5927
139.162 10.6803
136.92 11.1342
132.832 11.7126
135.108 11.8125
134.37 11.9055
133.271 11.1733
137.759 11.2598
139.827 11.7413
136.05 11.8382
138.18 11.7175
141.044 10.5549
140.388 10.5128
142.183 10.4689
143.135 10.2763
143.175 10.8871
141.153 11.2152
139.394 11.5811
139.935 11.6072
142.385 12.5257
138.803 11.6557
136.78 10.9927
136.967 11.9789
137.445 10.5875
135.284 10.6927
136.625 10.2576
139.112 12.4382
136.858 13.259
140.535 11.866
139.906 10.7335
139.981 10.7935
139.214 11.5955
136.173 10.8511
135.975 11.1769
139.908 10.8988
137.475 11.9594
139.367 11.0869
141.3 10.846
140.427 11.1199
138.866 11.9327
137.737 11.7954
140.01 12.0565
142.79 10.7746
142.899 10.5687
140.07 11.9714
138.065 11.2348
139.753 11.2077
139.74 10.2989
137.475 11.2067
135.598 11.1898
133.161 11.8723
130.289 11.2778
133.347 11.4679
133.955 11.5292
134.799 11.6365
135.93 11.6091
138.496 10.8411
136.542 11.0234
136.053 10.9865
136.822 11.5166
135.409 11.4082
135.936 11.2027
135.761 11.3272
133.5 11.3212
138.058 10.8427
135.665 10.9644
137.764 10.564
139.147 10.4904
137.985 10.8071
134.441 11.2775
133.905 11.124
137.34 11.7222
137.278 10.9569
137.29 11.053
136.849 11.1669
137.926 11.167
134.586 11.1146
138.45 11.2244
138.147 11.2959
139.149 10.8322
133.703 10.6487
138.229 11.118
137.447 11.044
136.347 11.5394
136.193 12.1183
136.953 11.2392
138.82 11.7842
138.542 10.9408
138.834 11.5584
138.834 11.1918
137.941 10.7542
133.705 11.9466
136.16 12.3211
133.118 10.1318
134.126 11.2498
134.462 11.6233
138.24 10.6352
137.12 10.4363
130.855 10.7896
132.256 11.6424
135.743 12.0409
137.493 11.7447
138.322 11.3877
138.863 10.97
132.819 11.8868
133.376 12.0949
136.444 11.2936
136.327 11.415
136.679 11.1697
139.923 11.1037
139.032 11.3652
139.617 12.3325
139.051 12.3325
139.208 12.0095
136.577 12.213
140.49 11.0369
139.498 12.1334
138.159 11.4756
136.142 10.7123
138.277 10.9108
136.626 11.0139
136.145 11.5147
135.826 10.3783
137.172 10.9256
135.419 12.5833
136.803 11.9966
137.315 10.1435
137.529 11.71
133.403 10.8957
134.799 11.5992
136.247 11.5886
132.583 12.3779
135.675 12.4681
139.687 10.8565
138.096 10.6735
137.067 11.5546
137.987 11.5651
138.414 11.4112
139.305 10.6642
139.716 11.1206
137.918 11.1341
136.823 10.614
138.473 11.7747
137.175 10.3765
136.789 12.0163
137.796 11.7641
132.952 11.5072
139.954 11.0782
135.629 10.7613
135.548 10.5246
135.815 12.2515
135.216 11.5776
135.27 12.0445
134.48 10.4551
134.909 11.4597
135.454 11.4231
134.067 11.4303
133.558 11.5113
136.925 11.2337
136.346 10.7614
137.402 12.0124
135.679 11.3637
136.695 12.1242
138.362 10.916
138.768 11.134
136.607 10.9759
136.792 10.6775
135.318 11.0938
133.881 11.7831
134.583 11.4796
136.09 10.4763
135.729 10.8711
132.287 11.7594
132.646 11.1386
133.768 11.5301
134.004 11.3376
135.068 11.2525
136.644 10.687
137.275 11.4307
137.203 10.7949
138.264 11.2664
136.348 12.0931
137.127 10.4187
139.337 10.8131
141.382 11.0525
139.638 11.1571
138.856 11.1497
136.306 11.5395
139.132 10.0342
140.148 11.6696
138.273 11.874
141.399 10.6042
141.399 10.1081
139.033 10.232
139.033 11.5323
138.684 10.7845
140.683 10.7364
140.229 10.5156
138.398 11.2644
135.215 10.8202
137.995 10.579
136.965 10.5682
140.288 10.3874
137.345 10.67
139.491 10.6477
142.253 10.6076
141.207 11.0096
143.844 11.2455
139.417 11.9408
137.811 11.4471
136.718 11.2778
139.193 11.3937
142.088 11.1376
140.887 11.303
140.887 10.8569
136.999 11.3879
141.654 11.4917
140.171 11.4607
136.701 11.1981
135.026 11.0983
136.977 11.5501
139.953 11.2574
141.081 10.3106
138.048 11.2191
138.074 10.7792
134.073 11.852
136.843 12.0813
137.073 11.1155
136.571 11.0402
137.67 10.9559
139.885 11.237
140.587 11.3751
139.014 11.084
137.811 11.9126
142.911 11.8567
141.427 10.3686
138.982 11.3655
141.036 11.0266
140.331 10.8794
138.389 12.217
140.686 11.973
137.627 10.5583
135.939 10.9967
137.708 11.8738
139.248 11.4359
136.714 10.9649
136.311 11.6503
136.572 11.0582
139.021 11.6547
138.522 12.3503
134.914 11.631
140.763 11.1168
136.674 11.4594
137.112 11.0208
136.726 11.1902
141.115 11.5693
142.796 10.5085
138.839 10.9009
138.264 10.8962
137.275 10.808
137.64 10.8699
134.28 11.2747
138.884 10.8928
137.103 10.9572
138.746 10.7196
137.144 11.0687
137.575 11.1673
137.159 11.7691
134.671 11.5698
140.502 10.1609
139.006 10.4317
137.549 11.225
135.596 11.2657
135.763 10.8123
140.349 11.9595
140.122 11.4851
142.884 11.4713
139.268 11.4918
137.744 10.8119
137.602 11.126
138.241 11.288
134.53 10.9324
137.904 11.0159
136.192 11.2463
138.567 10.4932
137.334 10.8854
137.546 10.9646
140.187 10.3945
139.308 10.4431
136.995 10.5456
140.042 12.066
139.013 11.9721
139.023 11.2469
139.045 11.3019
138.914 11.3716
140.243 11.5755
135.935 11.2151
137.411 11.6319
139.184 10.6692
136 10.9617
140.095 10.8933
137.65 11.4216
138.484 11.1801
132.122 11.8833
133.653 12.2063
136.207 10.9173
137.256 10.8575
134.829 10.366
135.26 10.9892
136.439 11.824
134.728 11.5804
137.605 11.4088
137.296 11.888
136.669 10.0341
133.145 12.1925
136.261 9.96366
139.952 10.6679
138.185 11.4366
137.673 11.4024
139.965 11.307
137.967 11.1752
136.823 11.2479
137.699 11.9315
139.747 11.534
137.77 11.7395
137.438 11.3933
137.612 10.9853
140.667 10.8455
134.314 11.1513
135.651 10.8538
139.405 10.3371
141.633 11.4008
140.984 11.7076
138.551 10.7476
137.257 11.9187
137.656 11.7976
136.454 11.1587
137.435 11.631
141.519 11.0532
142.607 10.7173
142.668 11.317
141.105 11.325
140.019 10.1549
143.638 11.4015
140.895 11.3609
143.344 10.8951
139.741 11.1596
139.592 10.5175
139.293 10.3971
138.085 10.9457
138.636 10.7721
139.122 11.043
136.057 11.4453
134.035 11.2103
136.444 11.3676
137.95 11.0098
139.218 10.5094
137.271 10.6352
139.307 10.9994
141.557 10.785
137.609 10.3842
139.689 10.3501
139.372 11.8318
137.599 11.2151
135.94 10.739
136.296 10.7373
138.377 11.5564
138.347 11.258
138.6 11.6226
138.41 11.7034
141.456 11.5209
139.859 10.46
138.852 10.786
134.827 10.7048
138.465 11.5693
135.491 11.8123
135.954 10.3724
137.913 10.5846
137.186 11.689
135.202 12.4484
132.412 11.635
132.033 11.2673
130.566 11.5235
135.248 10.6519
141.596 10.0375
134.181 10.3638
134.811 11.6461
134.142 11.9522
139.164 12.2522
140.963 11.276
140.3 10.3881
134.972 10.7243
133.481 10.6999
135.754 10.557
136.96 10.1543
139.401 11.6907
137.104 11.4896
137.698 11.218
137.787 10.8152
137.188 11.0072
137.918 11.4588
136.708 10.0688
136.134 11.809
135.445 11.8993
138.054 11.1707
136.269 11.0278
138.128 10.8639
138.587 10.8639
138.405 10.4938
137.605 11.4903
136.234 10.5343
137.011 10.7176
134.983 11.1052
135.989 11.3642
135.754 11.2368
135.426 11.6159
135.849 11.1385
136.182 11.5676
134.636 10.5223
135.738 11.1258
135.243 11.4377
133.915 11.5979
137.035 12.0506
136.234 11.4761
137.545 10.5119
134.753 10.813
132.764 10.9874
134.404 11.426
134.842 11.0688
137.232 11.0489
137.98 10.2719
136.223 11.7392
137.279 11.4418
135.777 11.7986
135.99 11.332
138.592 10.962
138.022 11.2741
137.71 10.8699
140.051 10.8077
138.46 11.1425
140.107 11.2095
140.563 11.0317
140.563 10.6901
142.964 10.8247
141.575 10.3772
138.77 11.9091
139.424 12.1001
138.456 12.0148
136.974 10.79
139.009 11.4849
140.763 11.5236
139.288 11.5178
139.116 11.4523
134.893 11.3719
137.463 11.3576
137.148 11.388
139.11 10.9214
138.551 10.6666
137.168 10.6171
135.949 11.1201
135.949 11.0883
136.369 11.6719
137.754 10.8667
136.793 10.6187
138.814 11.1591
140.378 11.2524
140.532 12.0824
142.711 11.54
141.681 11.0077
143.575 11.0284
142.469 10.9396
144.446 11.4904
144.57 11.6606
146.17 11.0103
146.686 11.1068
145.323 11.1947
142.994 12.0682
141.569 11.8872
142.261 9.96909
146.057 10.6542
142.596 12.3343
142.49 11.4541
140.505 10.9219
142.254 10.9164
142.308 10.9894
145.157 11.5817
146.047 11.1241
142.414 11.2747
140.86 11.8029
140.927 11.0844
140.293 11.5533
140.425 11.5014
142.271 11.695
141.643 11.661
140.694 10.5799
141.916 10.2955
143.925 11.083
139.034 12.7973
141.055 12.1823
144.533 11.8046
147.743 11.1853
151.234 10.11
145.598 10.8988
144.451 12.3648
141.953 11.2885
143.913 11.2779
144.914 10.4399
139.473 10.4553
142.697 10.6312
139.637 11.88
139.954 11.1389
139.482 10.5747
134.855 11.1449
133.598 11.1029
136.729 11.0065
139.455 10.7321
137.272 10.8142
138 10.6375
138.257 11.2278
139.815 11.4089
140.464 11.3882
140.626 10.6939
137.828 11.1395
139.322 11.2951
138.936 9.74818
138.38 10.8487
137.346 10.8932
138.189 11.1777
138.742 10.6283
136.446 11.0194
137.452 11.1579
137.808 11.5476
137.941 11.1396
135.312 11.094
134.931 10.9656
133.146 11.52
131.196 11.9228
134.394 11.6557
134.653 12.195
135.931 11.225
134.692 10.762
136.902 10.6612
140.741 11.5137
138.048 11.4359
142.939 10.8469
137.882 11.1496
135.892 11.2049
134.361 10.7091
136.282 10.9062
136.693 11.9582
140.183 10.9143
136.369 10.7725
134.652 11.473
135.719 11.7723
135.539 11.8174
137.959 11.1935
138.686 10.9374
138.407 12.5902
138.447 10.7855
138.133 10.6678
138.266 10.9239
136.621 10.721
137.137 11.3248
141.197 11.3242
138.414 10.5818
135.696 10.8995
137.159 11.5197
136.518 11.2917
134.207 10.9782
139.468 11.6019
139.519 11.3914
137.853 11.6677
136.763 11.0779
140.888 11.4313
139.167 11.2695
138.244 11.6987
136.439 11.0168
138.247 10.9487
143.363 10.9248
140.635 11.3986
141.266 10.4331
136.456 11.6544
137.552 11.8854
136.935 11.6107
137.109 11.3988
137.109 10.7749
134.642 11.983
135.003 11.3833
139.278 11.8271
135.984 11.3898
134.369 10.72
136.009 11.5786
136.101 10.9278
136.196 11.0859
138.755 10.8779
139.831 10.3971
137.345 10.5076
135.424 11.413
134.811 11.5491
135.569 11.561
134.923 11.536
134.505 11.5862
135.154 11.5943
137.352 12.2162
133.994 11.851
139.384 11.3881
134.531 11.4459
136.731 11.1564
136.387 11.1261
138.017 11.2052
140.545 10.5107
137.818 10.8686
140.193 11.0274
138.173 11.052
137.924 10.9322
137.505 11.1483
136.46 11.7664
139.063 10.8864
140.171 11.3396
137.405 9.88864
136.994 11.7498
137.077 10.0563
136.745 11.1527
136.395 11.0733
135.383 11.8181
136.237 11.6822
135.655 11.4617
134.673 12.3657
140.65 10.8974
136.515 11.6633
133.875 11.4117
134.314 10.5664
137.667 11.3327
138.175 11.2044
137.653 11.595
137.621 10.7647
138.541 11.0904
138.27 10.415
137.536 10.073
136.124 11.2485
137.962 10.72
137.962 10.6745
135.682 11.3756
137.424 10.9644
139.496 11.3077
136.372 10.8744
138.385 11.8891
139.248 11.0609
139.042 10.9975
138.433 11.1067
138.188 11.2035
139.227 11.9455
139.732 12.1725
141.252 10.3318
141.435 11.0112
135.585 11.2935
137.341 11.7365
137.3 11.4466
139.195 10.8014
139.66 10.7992
138.752 10.8364
140.399 11.1724
136.599 10.9147
136.629 10.9844
138.607 10.4726
139.187 11.0406
139.765 11.697
143.11 11.4594
139.048 11.5731
134.341 11.6111
140.177 11.9455
140.069 10.5566
139.874 10.8728
141.508 11.7299
139.182 11.5708
139.939 11.6843
141.024 11.5739
138.202 11.2917
138.641 11.2917
138.523 11.266
138.58 11.2666
138.502 11.3331
137.85 11.3419
138.97 11.8035
138.944 10.5819
136.768 10.8918
137.332 11.5926
135.731 10.6724
135.394 12.4037
136.749 11.3344
136.888 11.7231
138.959 10.6447
137.898 11.3173
138.59 10.5607
141.901 11.6701
141.034 11.8547
139.363 11.0263
134.555 11.2709
140.87 11.0438
141.002 11.6658
138.54 10.6249
136.407 10.6155
137.862 10.3853
137.48 11.2503
137.165 10.8612
138.037 11.4325
136.229 11.4568
135.792 11.4219
137.041 11.8302
136.201 11.7382
136.529 11.6229
134.375 11.1397
137.627 10.9207
139.101 11.3761
140.593 11.0776
142.417 11.4839
136.693 11.3257
136.649 12.1063
137.969 10.6295
137.101 11.426
134.038 11.5805
139.525 11.1006
137.432 10.7834
138.561 10.8024
138.132 10.9947
138.358 11.2406
138.944 11.3784
135.64 12.1404
137.288 11.5613
140.999 11.3573
141.304 10.761
138.85 10.1767
138.504 11.7866
138.737 11.2537
140.102 11.5015
139.801 11.544
140.705 11.8228
141.009 10.1934
141.708 10.7577
140.541 10.6861
137.856 12.0129
139.662 11.0833
135.564 11.3526
138.704 11.322
140.956 11.404
139.839 12.1955
139.973 12.0425
140.024 11.7916
140.143 10.7457
140.254 10.2455
142.179 11.5835
142.23 11.5696
145.006 11.211
144.326 11.5078
142.395 11.2479
141.581 10.5954
143.543 10.2347
144.384 10.2196
142.394 11.5201
143.307 11.2462
145.515 11.3664
144.868 10.9801
145.482 10.6165
142.855 10.4605
140.903 11.313
142.226 11.9083
140.172 11.4829
139.011 10.4092
141.03 10.6348
141.536 10.6877
141.966 11.069
143.155 11.1568
145.82 10.6235
140.461 11.7932
139.742 12.0698
141.037 11.3211
142.241 10.9038
138.022 11.0047
143.096 11.0856
140.824 11.3153
139.172 11.9749
139.59 11.663
145.306 11.7877
143.305 11.7143
142.248 10.9365
139.894 10.6162
139.568 11.1423
141.698 10.7457
139.283 10.5716
136.212 10.866
137.168 10.8985
138.417 12.4619
138.526 10.8905
140.796 10.7182
138.914 11.5886
142.957 11.1227
140.265 11.1228
140.493 11.7114
140.187 11.9613
140.63 12.0097
135.499 10.8511
137.352 10.2289
137.456 11.327
137.084 10.9153
140.748 12.0786
139.22 11.5234
139.043 11.2008
138.25 10.4561
145.188 10.5232
142.984 10.8826
137.423 11.3249
135.409 11.2199
135.682 11.0996
134.997 10.435
138.617 10.4236
139.809 10.7181
139.4 10.5864
139.057 10.7358
141.757 11.1372
143.233 10.4804
141.923 11.1419
140.272 10.5448
137.149 12.2088
135.589 11.8062
138.25 11.6754
140.128 11.572
139.107 11.5599
139.644 11.6086
139.803 11.6457
140.446 11.4792
139.625 11.484
138.848 11.5054
132.758 11.8179
132.758 11.8313
137.238 11.7294
140.491 10.7267
141.531 11.1638
139.777 11.4412
142.001 12.3548
141.579 11.5759
140.232 11.3333
141.867 11.6111
143.092 10.9145
141.503 10.6244
140.013 11.2079
137.855 11.2832
139.569 11.3146
137.074 11.4103
140.257 10.6348
137.524 10.7595
135.832 10.7807
136.102 11.4402
135.879 11.3535
137.373 11.1374
135.568 11.0788
137.142 10.3868
137.429 10.8351
136.623 11.2181
137.317 11.3682
137.289 11.601
137.329 11.1636
137.307 10.696
137.364 12.3144
137.228 10.8701
137.288 11.0626
133.846 11.804
136.284 12.2673
137.916 11.1909
136.511 11.0124
139.169 10.6771
133.452 11.9809
134.007 10.4684
133.353 12.1429
134.82 10.6919
135.347 10.8299
135.348 11.8958
135.345 11.3604
135.392 10.7524
135.548 10.5773
135.223 9.86461
135.224 10.3792
137.087 11.423
138.533 10.6089
137.96 11.6144
137.097 10.2419
137.954 11.8661
137.29 11.5576
137.595 11.7763
137.434 11.2821
137.386 11.8201
136.99 10.8292
138.317 11.1336
138.497 11.7536
138.322 12.6619
138.654 11.3465
139.311 10.9529
140.8 11.247
140.146 10.8499
137.518 11.0969
138.518 11.5155
138.54 11.8801
138.835 11.0608
138.683 11.2035
141.036 11.5784
141 11.4591
137.74 11.3298
140.597 11.2922
140.546 11.6362
141.345 11.497
141.448 11.3623
142.831 10.913
141.687 10.8102
142.097 10.7319
140.195 11.0666
140.783 10.8517
139.779 10.8685
141.298 11.173
138.594 11.2497
141.133 11.1604
136.921 11.3586
136.261 11.5199
139.507 11.4322
138.095 11.5785
138.567 10.0338
135.674 10.8875
136.739 10.9797
139.462 11.2096
140.724 11.8641
138.841 10.7623
135.74 11.1439
135.912 10.6996
136.845 11.0466
136.687 11.6909
135.007 11.4058
138.568 11.3848
139.561 11.3919
139.777 11.4011
143.365 11.8244
139.777 11.938
140.47 12.7319
141.667 10.8094
142.294 11.7488
140.097 11.7715
141.047 11.7113
140.254 12.0096
142.984 11.3805
139.512 11.1907
140.412 11.0477
137.866 11.2176
140.819 11.2922
141.044 11.0938
140.092 11.1647
139.072 11.2495
136.504 11.584
138.243 9.29921
139.048 10.5976
141.125 11.017
141.204 10.571
138.341 10.5842
138.7 10.0836
135.433 10.1772
132.731 11.1293
134.987 11.5549
136.92 11.6299
136.278 11.1165
136.615 11.1597
138.562 10.7567
136.778 11.3782
135.676 11.3245
135.189 11.6622
136.036 11.8256
137.158 11.7888
138.311 11.8739
135.838 11.48
134.923 10.4824
134.883 10.7548
134.758 10.7045
134.066 11.2558
134.996 11.9769
135.064 11.0927
137.5 11.234
136.624 11.4056
135.593 11.3364
135.593 11.4907
135.593 12.032
136.229 11.491
136.348 11.0707
138.219 10.9466
139.746 11.9327
140.858 11.3748
135.517 12.0673
135.549 10.7622
136.833 11.6984
134.702 11.1638
136.014 11.342
137.214 11.231
138.803 11.448
139.709 11.2723
141.825 10.4682
141.825 10.373
139.21 11.2815
137.073 10.7932
139.075 9.99137
139.636 10.6383
142.044 11.586
140.757 10.9376
141.496 10.762
142.281 10.404
140.847 10.7896
142.91 10.9064
140.808 10.9907
139.362 11.1812
138.931 11.6115
139.607 10.151
133.84 11.367
136.538 11.8086
136.371 11.513
135.951 10.5678
141.86 11.0317
138.434 11.8636
139.733 11.8785
138.053 11.4731
135.792 11.142
138.438 12.0391
136.622 11.1332
136.062 10.3782
138.105 10.8344
136.163 10.5238
135.704 10.9878
139.707 11.5859
137.984 11.8679
137.046 11.4552
139.885 11.777
137.97 10.7065
136.392 11.2671
138.068 9.72983
137.573 10.5635
137.948 11.3566
134.82 11.2089
140.054 10.5197
132.773 11.2288
133.131 11.1279
134.651 11.6802
135.351 11.4914
133.124 11.2917
134.552 11.888
136.565 11.6291
136.734 10.6135
137.356 11.2294
134.214 11.1327
136.507 10.6275
137.544 10.7071
139.358 9.84514
135.445 11.9251
133.007 11.5413
139.065 11.7263
137.96 10.7161
133.184 11.2349
133.271 11.832
137.704 10.954
133.368 11.3561
133.368 12.1861
136.769 10.5829
140.879 10.64
138.66 11.0631
139.19 10.3156
138.271 11.402
139.925 11.8615
138.353 11.2755
138.975 11.5593
140.018 12.4771
137.091 10.9225
137.706 11.1381
136.47 10.354
137.617 11.0336
140.01 10.7678
139.575 10.9051
140.997 10.1134
138.324 10.9835
137.891 10.24
138.005 11.1051
136.386 11.1695
137.522 11.4772
138.649 12.4026
134.96 10.6151
137.199 11.213
136.177 11.5127
135.578 11.7764
138.105 10.4869
139.502 11.9968
137.339 11.2504
137.146 10.9563
138.977 10.7239
140.553 11.0041
137.822 11.9224
136.963 10.2513
137.135 11.4026
138.298 11.2332
137.188 11.3152
135.258 11.5118
139.431 10.5622
138.391 11.3945
138.94 11.1514
136.487 11.3708
137.297 11.593
138.902 10.0676
139.882 10.3026
139.694 10.4279
141.853 10.4351
138.426 11.1963
138.543 11.2909
139.109 11.2714
137.214 12.2802
139.338 10.8595
138.844 10.7118
138.901 10.3919
137.191 11.5815
139.701 12.4305
134.461 11.4661
136.966 11.6706
137.63 10.6701
134.628 10.5235
134.81 10.2884
136.389 11.2864
135.972 10.9971
135.704 11.0317
136.579 10.9581
140.391 10.8908
136.477 11.9236
136.023 10.4742
136.538 10.827
137.918 11.5622
137.681 11.4171
139.579 10.7348
135.012 11.8055
137.797 10.8057
138.389 11.2644
137.62 11.3079
137.584 11.0174
137.824 11.0352
138.856 11.9831
140.08 10.5219
139.464 11.4086
138.25 11.2256
137.245 11.3868
137.687 11.5331
137.304 10.8166
139.377 10.673
139.836 10.5585
136.295 10.8353
137.829 10.4852
138.391 11.4156
140.826 11.4961
142.815 11.1217
139.878 11.1692
142.575 10.8784
142.575 10.7837
137.507 11.8005
141.06 11.3609
137.28 11.1938
139.708 10.6736
136.53 11.3386
136.021 10.7864
136.634 10.9737
135.791 10.5705
137.567 10.5916
136.821 10.9267
137.04 11.4957
136.618 11.8253
135.46 11.2257
136.756 11.0465
135.736 11.1638
132.525 11.5511
133.158 11.3989
135.68 11.5998
139.035 10.7925
135.576 11.9891
136.035 11.0818
140.343 11.5225
135.705 11.2877
139.021 11.8764
134.509 11.3518
137.272 11.6546
138.774 12.0797
140.539 12.2481
138.47 11.9293
137.456 10.8752
138.037 10.8831
139.631 11.8206
138.002 11.1219
138.519 11.0067
139.481 11.6409
135.472 11.5741
139.76 10.6464
141.478 11.0644
135.5 10.9551
135.53 10.6561
136.819 11.448
136.073 11.3755
137.933 11.6856
137.815 12.1937
134.538 11.5604
136.405 10.4951
136.493 11.0305
138.257 10.8285
137.221 10.183
137.084 11.8242
138.97 11.6307
134.892 11.2701
138.07 10.8119
138.646 12.1231
138.683 11.2915
139.077 10.98
139.7 10.7582
138.638 10.449
137.432 10.6027
142.001 11.0044
142.077 11.3895
142.505 11.3602
144.351 10.8549
141.38 10.6256
139.39 10.1946
140.609 12.0561
135.398 11.7409
139.969 10.7103
136.81 10.628
142.053 11.6934
136.113 11.4574
141.574 11.9051
138.767 11.2263
134.37 11.2404
139.374 11.9429
138.669 10.0711
138.504 11.1266
139.012 11.0376
140.893 12.572
139.595 10.5958
138.373 11.9744
135.283 11.0002
137.277 10.9301
135.927 11.6387
137.29 10.849
135.54 10.145
136.776 11.8116
137.604 10.7691
138.326 10.0884
134.214 11.9795
135.602 11.1543
139.057 11.5187
134.652 10.3949
135.743 11.0601
137.938 11.1123
132.783 10.4403
136.171 10.4304
136.377 10.8326
135.799 11.8518
136.037 11.1513
137.153 11.2566
138.525 11.3046
139.163 11.2257
136.838 10.09
136.691 11.38
136.612 11.8043
137.791 12.0367
139.946 11.6811
136.826 10.6887
136.925 10.4473
138.911 11.1378
139.342 10.5924
137.784 11.5384
135.664 11.2013
138.532 10.8282
138.947 11.106
139.961 10.4987
139.804 11.6062
141.048 12.0234
139.383 11.7665
141.439 10.9464
138.067 10.8396
139.77 10.5285
134.476 11.3771
140.872 10.8326
139.629 11.4827
139.989 10.9618
139.396 10.6764
139.241 11.2752
138.307 11.2029
142.51 11.6349
141.547 11.6349
138.816 11.4956
138.871 11.0576
141.942 11.1585
140.917 11.032
139.404 11.032
140.792 11.8969
137.941 10.7019
136.148 10.8851
136.704 11.4379
136.612 12.0675
138.908 11.2447
137.846 10.994
136.689 10.7228
138.559 10.674
135.201 10.857
134.749 10.8054
136.644 11.2986
136.624 11.3934
136.218 11.2697
138.134 11.3324
134.355 11.106
137.456 11.7975
137.854 11.2876
142.796 10.3866
139.794 11.2496
137.248 11.2962
142.319 10.6483
140.948 11.3097
139.794 11.3097
139.312 11.1013
139.475 10.6626
143.403 11.5945
144.285 11.1168
143.013 11.3297
141.491 11.1483
140.284 11.5457
147.132 10.9685
147.132 11.9236
147.132 11.6022
145.179 12.1159
139.582 12.1159
145.067 12.1159
145.093 12.185
141.65 11.88
143.214 11.6978
141.797 10.9706
140.346 10.9297
140.39 10.9297
138.574 10.989
138.805 11.0323
142.086 11.0203
137.842 11.7044
140.849 11.6651
139.636 11.5118
140.204 10.5392
139.783 11.6285
137.64 11.4347
134.001 11.5868
133.399 10.4656
139.242 11.3939
137.397 10.4842
136.612 11.8547
136.909 10.9434
137.81 11.2388
137.846 10.1663
136.58 10.1667
137.103 10.1782
135.654 10.7781
136.734 11.0718
139.229 11.0431
138.19 11.0127
138.261 10.2049
137.96 10.971
136.865 11.9284
140.358 10.7258
141.073 11.83
137.354 12.1555
138.959 11.8655
138.227 11.4838
141.833 11.8661
137.118 11.4898
136.929 11.182
139.558 10.1607
140.286 10.4738
142.081 11.6944
140.16 12.4307
141.543 11.5194
141.543 10.8436
139.142 10.8347
144.039 11.2208
139.424 11.6235
140.597 11.5728
139.843 11.7309
140.841 10.7973
137.724 10.4727
139.566 10.7661
139.721 11.2379
140 12.0928
138.981 11.6339
138.409 11.5227
138.768 11.733
138.601 11.8962
140.34 11.4925
141.013 10.6057
139.37 10.5387
138.391 11.1586
138.747 10.5835
140.391 10.2497
141.756 10.3873
143.716 12.1832
136.805 12.2999
136.568 12.1689
139.646 11.3415
143.14 11.0972
141.3 11.4604
140.586 11.1595
140.305 10.9425
140.907 10.8579
141.249 11.3196
140.192 11.7979
139.638 12.6079
138.255 10.1185
138.919 10.5272
139.103 11.0584
143.13 11.3527
141.728 11.2858
142.8 11.6438
142.8 11.6049
142.195 11.4938
143.142 12.0785
142.456 11.4743
142.721 11.1137
139.687 11.0552
144.068 10.9587
143.333 10.8177
139.552 10.8266
139.094 10.8257
140.287 10.6732
139.81 10.6734
138.741 11.9347
138.738 10.6743
138.621 11.1251
138.742 10.7987
138.719 11.4815
144.206 10.6688
140.2 11.052
141.899 11.1179
140.48 10.485
142.255 10.633
143.304 12.0354
141.822 11.3083
140.054 12.0027
141.311 11.6682
136.615 11.8689
138.25 11.8295
138.858 11.4544
137.767 12.0953
140.054 11.8313
137.771 11.3887
138.212 11.6555
142.854 10.8352
141.388 11.075
138.432 10.4905
140.479 10.8684
141.065 11.5153
140.452 11.8633
137.342 11.6702
138.837 11.2635
137.847 11.2978
138.212 11.3642
139.844 10.171
138.107 10.5854
138.178 11.5116
138.65 10.8353
138.092 10.6482
138.922 11.7669
138.304 11.6919
134.151 11.8128
139.205 10.8616
138.476 11.1356
137.112 11.5706
137.887 11.7394
137.427 11.1852
138.552 10.89
137.032 11.135
137.609 11.3451
137.227 10.6791
136.718 11.3986
140.224 10.7631
135.019 12.0154
139.688 11.4182
134.277 12.6966
134.85 11.8538
138.958 10.8749
137.686 11.4006
140.127 11.5227
139.556 11.7087
134.109 11.6487
136.588 10.657
136.514 11.0827
132.376 10.7836
136.598 11.2145
138.268 11.0591
134.957 11.9988
136.408 11.6913
138.38 11.038
140.889 10.8761
139.278 10.9302
138.838 10.8523
134.734 11.6471
134.734 10.3305
136.956 11.0609
137.56 11.2308
136.85 11.8816
137.754 11.6872
134.834 10.7375
136.667 10.9756
139.198 11.0562
135.845 11.3945
135.686 11.231
137.466 11.4165
138.169 11.2428
137.89 10.9631
138.332 11.762
135.436 12.2445
134.728 10.5805
133.42 11.6696
136.277 10.9334
138.082 11.1065
139.566 11.7765
139.449 11.4961
139.119 11.5242
137.449 11.1377
138.152 11.3223
137.043 11.6635
137.956 11.5946
139.878 12.2276
136.795 11.0866
137.459 11.5399
137.842 11.1879
136.716 11.4615
134.148 11.5368
138.487 10.6661
138.469 11.1953
137.939 11.269
135.782 10.5304
135.039 12.0657
136.201 11.831
136.201 10.3993
137.145 10.571
139.307 11.1665
138.056 12.0993
139.688 11.2994
134.512 11.6805
137.135 12.2533
135.79 11.4247
136.545 12.1566
136.033 11.9356
136.033 12.0022
138.907 11.2598
139.775 10.9087
139.447 10.9966
135.523 11.0281
138.163 10.7608
138.655 11.6138
135.348 11.9264
138.509 11.3335
137.147 11.5329
137.997 11.2524
139.784 11.355
135.855 11.0047
136.334 11.1679
136.974 11.1302
137.533 11.7923
138.256 10.6184
137.754 11.1722
136.726 10.7245
136.711 10.9076
136.782 10.7579
139.341 10.3127
140.229 11.1593
137.403 11.5454
136.201 11.5342
138.395 10.2184
139.072 10.7571
136.931 11.3241
140.677 10.5183
140.438 11.3892
139.114 11.0374
139.212 11.1677
139.223 10.743
140.444 11.1886
139.051 10.8135
138.181 11.8651
137.145 11.3506
135.744 11.8283
135.58 10.8433
137.993 11.7648
136.482 11.0168
134.524 11.5251
136.837 11.252
136.128 11.3044
140.3 10.5979
138.594 10.5262
139.989 10.4695
137.917 12.3093
140.985 10.8303
138.553 11.5681
138.55 11.7576
138.378 10.956
140.3 11.6172
138.411 11.3165
138.149 10.9845
138.825 10.9865
138.063 11.1561
137.966 11.0072
139.531 10.9861
137.817 11.1876
136.633 11.6863
138.871 11.3587
139.913 10.6702
142.337 10.3455
137.736 10.7903
137.504 11.1297
139.612 11.1129
139.11 11.4673
140.653 11.2455
141.312 12.1425
136.097 12.1947
136.184 11.4124
137.201 11.611
136.726 11.2122
135.018 12.0775
136.923 11.2581
136.782 11.0861
132.45 10.2759
135.126 11.3914
136.651 11.0238
137.974 10.5473
137.258 10.7277
132.721 11.2963
134.354 11.4551
137.04 11.3089
137.114 11.2138
138.063 10.5125
136.83 11.2336
138.318 10.8591
135.512 11.1435
140.494 11.9347
136.276 11.5146
135.852 11.2783
137.983 11.9594
137.358 11.384
138.137 10.6265
138.474 10.9595
137.225 11.0601
136.902 11.1248
136.893 11.0114
138.816 11.0169
139.372 10.9054
139.979 11.0047
140.309 11.5814
138.315 11.4512
137.043 11.1146
140.028 11.6993
139.792 11.9653
137.859 11.646
140.217 10.4486
142.474 10.1727
140.526 11.5336
138.133 11.2827
142.519 11.1455
138.354 11.3669
141.552 11.1407
142.864 11.5415
142.565 11.0555
143.084 11.0164
140.242 10.874
138.914 11.1071
136.193 10.8469
138.052 11.0047
137.454 11.3724
134.616 11.3995
138.781 11.6113
139.09 10.5695
141.692 11.273
140.133 11.273
141.244 12.0313
140.747 9.7916
143.164 10.3244
139.322 11.0529
140.805 11.0978
140.718 11.2137
137.555 10.7854
140.311 11.2538
141.367 10.8405
138.949 10.7622
141.291 10.8068
141.934 11.23
139.238 10.2669
141.525 10.5899
139.5 11.2882
140.35 11.056
138.753 10.8852
138.289 10.9076
140.182 10.8763
140.574 10.9597
139.814 11.0658
139.814 10.7254
139.758 10.8672
140.716 10.7488
141.174 10.7034
141.065 11.2215
138.628 11.6838
138.491 10.9844
137.194 11.2985
139.272 10.9191
139.473 11.7757
139.469 10.6087
141.185 11.5995
141.48 10.6801
140.917 10.8885
140.575 11.293
137.537 10.6404
139.823 11.0666
140.54 11.4889
138.858 10.4824
138.623 11.6333
137.364 10.6092
141.608 10.6939
137.518 9.73361
138.382 10.5521
138.488 10.9594
142.205 11.2138
138.96 11.0136
140.318 10.7483
142.524 10.5383
143.686 10.2853
142.224 11.2547
144.173 11.7083
143.935 10.8829
142.535 10.1944
143.956 11.3311
143.124 11.6081
142.74 11.562
139.062 11.846
138.503 10.3211
138.503 11.3597
140.385 11.2802
138.513 10.7914
139.2 11.2611
140.527 11.1331
140.48 10.9383
138.493 11.614
140.79 11.4387
138.676 10.9732
141.571 11.3841
140.846 11.927
140.89 11.9212
139.514 10.5105
137.272 11.2972
134.974 10.4674
139.548 10.2749
139.784 11.6374
139.28 10.5294
139.9 11.6277
138.639 11.4588
140.111 10.6377
140.31 11.0503
138.759 10.3705
137.544 11.9793
136.045 11.5062
137.513 10.3649
139.533 10.5399
139.174 11.5629
136.701 11.3423
136.41 11.6748
137.385 10.8774
134.001 11.0767
136.628 11.4594
136.22 11.3394
137.449 11.7759
137.287 11.9231
136.521 10.8656
136.265 11.4545
137.054 10.5377
136.437 10.278
135.156 10.6478
138.025 10.5145
140.695 11.57
141.281 10.7377
139.242 10.9761
140.078 10.2045
138.552 11.9232
137.997 11.6731
139.442 11.0583
138.078 11.5559
137.128 11.1942
140.081 10.6231
141.463 10.9465
139.725 11.1911
138.63 11.2778
138.413 11.8291
137.089 11.4002
136.363 11.4002
139.236 11.6709
138.712 11.6597
139.263 11.6533
139.418 10.4409
138.4 10.9713
137.585 10.722
139.767 10.849
139.191 10.7448
139.763 11.5686
136.215 12.2142
137.261 11.042
132.168 10.6683
132.618 11.3215
136.778 11.3941
137.328 11.5819
137.475 11.3675
137.131 11.0994
141.159 10.8419
137.635 10.776
137.4 11.2051
136.768 11.6886
137.127 10.7092
137.919 11.2945
134.445 10.9392
134.644 10.8406
133.515 10.8665
137.347 10.8405
135.753 11.5409
136.813 10.716
138.024 11.3
137.022 11.812
138.99 10.3791
135.621 10.6309
135.316 10.5104
136.686 11.5028
136.438 11.9043
136.193 11.3599
137.792 11.6634
137.792 11.3757
135.331 11.6573
136.425 11.5127
134.334 10.3259
135.038 10.8752
137.053 10.4906
135.626 10.8663
134.175 11.5758
136.965 11.3075
136.227 11.1477
133.475 11.3752
133.475 12.066
135.48 9.67042
135.892 11.0949
136.208 11.1469
136.025 10.8782
137.798 11.0426
137.58 11.3864
137.388 10.9681
136.98 12.3653
135.242 12.1137
136.517 10.4087
137.489 11.4543
132.989 11.5928
135.69 10.8178
136.948 11.752
138.05 11.5736
136.246 11.3165
135.918 11.2619
133.877 12.0399
133.977 11.8135
139.239 10.9359
138.463 10.9298
136.887 10.3454
138.079 11.264
138.785 10.6922
137.645 10.2966
139.68 11.2077
137.578 11.4196
136.708 11.626
135.999 11.3529
136.968 10.7876
135.53 10.3874
138.217 11.2439
136.602 11.2132
136.381 11.3305
136.345 11.5095
137.395 11.7003
138.837 11.2982
137.993 12.1239
137.319 11.7197
138.847 11.7807
137.947 10.8644
135.177 11.1819
136.111 11.9292
137.316 11.9366
138.912 10.872
139.247 11.146
141.013 11.167
137.914 11.1387
137.058 10.8528
142.681 10.9272
138.148 11.3196
135.894 11.5099
138.133 11.1134
138.38 11.5049
136.553 11.4507
140.874 11.1199
140.525 11.3664
141.933 11.0098
142.167 11.915
142.313 11.0099
144.214 10.2879
142.165 10.7589
141.282 11.5184
140.285 11.5317
140.064 11.1227
139.609 11.6631
139.1 11.1015
139.097 11.2432
137.693 10.9435
138.637 10.5617
136.914 10.6973
135.363 10.653
137.018 11.1533
138.973 10.8836
136.566 11.4718
136.756 12.9201
136.687 11.7853
134.648 11.2574
138.309 10.0463
137.61 10.1298
137.206 10.7192
136.906 10.7566
139.944 10.4046
140.196 10.1959
140.13 10.736
141.49 10.8677
141.592 11.1806
137.208 11.5132
136.814 11.4122
135.987 11.4242
135.629 11.7168
136.664 11.5486
133.901 11.3103
134.882 11.876
135.875 10.3755
133.478 11.5644
136.041 10.9474
133.704 10.8044
135.714 10.749
134.886 11.2592
135.23 11.2053
135.482 10.3323
137.46 10.4322
137.784 11.9476
134.087 11.8988
135.915 11.0629
138.994 11.3391
139.562 11.6768
138.402 10.8852
138.406 10.9851
137.323 11.1102
134.571 10.5613
136.246 10.7809
135.86 11.4716
136.084 11.4163
135.753 11.9054
136.997 11.0155
137.164 11.8192
134.671 11.4322
135.162 12.023
135.941 10.4148
138.248 11.3775
135.087 11.0638
136.088 11.7076
137.781 11.2408
140.571 11.8954
137.468 10.6694
135.957 11.5905
137.426 11.5196
135.287 10.7705
134.771 11.0405
136.682 11.3696
135.392 12.1032
135.211 11.3506
139.116 11.8802
139.724 11.1778
136.79 12.2219
136.442 10.8278
137.025 11.6826
137.238 11.413
140.956 10.9452
139.702 10.8602
138.625 10.392
139.706 11.5459
137.821 11.354
138.608 10.7111
140.8 10.4408
139.047 11.3013
140.855 11.1814
138.617 11.173
139.779 11.1694
138.72 10.9879
138.996 11.2825
135.637 12.3495
136.46 11.9075
137.391 10.1529
132.73 10.6707
136.867 11.1631
135.307 10.2189
134.053 10.5185
135.044 11.3052
134.215 11.819
135.492 11.6992
135.243 11.9876
135.817 11.2384
136.664 10.5254
