10.4504 15.6679
4.48052 16.2777
8.53971 15.464
9.78609 15.9855
6.13582 16.177
7.18679 16.5708
4.8754 16.2582
1.87811 16.343
3.81722 16.0674
14.1904 16.3697
12.6118 16.5681
8.18182 16.5266
11.1498 16.4191
10.7513 16.5306
5.10354 16.412
2.05466 16.6721
3.55555 16.7061
3.55555 16.8151
5.2405 16.7889
6.10792 16.6158
7.6665 15.5329
9.50729 15.653
19.9933 15.9347
15.7072 15.5343
21.7296 16.8239
8.77971 16.3842
15.5993 16.2505
11.4834 15.9093
9.69018 15.1789
9.41302 16.1388
9.33472 16.0489
9.66292 16.8516
8.22385 16.1351
10.691 15.9089
6.40326 16.0057
10.4044 16.1078
5.27896 16.389
6.62966 16.379
11.8947 16.216
14.1815 16.4026
14.1815 15.9841
5.39412 16.0124
12.2583 17.3763
9.97939 15.8519
8.37143 17.0586
7.0505 16.5969
6.68987 16.0677
5.1463 16.1777
9.32998 15.7732
12.1382 17.0758
6.47737 16.1313
3.15296 17.4361
18.5987 16.6741
12.802 15.5831
5.86246 15.4786
4.88935 16.592
7.18858 16.4389
6.48047 16.2112
9.05032 16.2261
11.81 15.8162
15.479 15.8519
21.5192 16.0963
9.01103 16.1263
7.7539 16.0488
11.9057 15.5244
4.5537 15.9898
5.41466 16.0463
5.37286 15.2144
6.04436 16.3164
5.06406 16.1013
6.01697 16.2651
13.2914 15.0596
13.6022 16.0901
7.51625 15.6466
7.79681 16.6862
9.89188 16.502
7.09214 16.7159
1.61183 16.907
8.76659 15.9304
5.25114 16.7383
9.62813 16.2384
6.49317 16.7586
2.84935 15.923
4.11408 16.5093
4.3053 16.5634
5.17535 16.4828
3.75048 16.4492
2.01844 16.2029
0.742971 16.4597
13.4623 15.4016
11.8536 16.1966
11.7332 15.821
3.55906 16.0912
11.9295 15.1475
12.2642 16.8445
3.17107 17.0986
3.1678 16.3391
7.10166 15.7069
4.45799 16.1888
10.8188 16.3169
7.99044 17.3335
5.31283 16.2273
9.20011 16.1925
7.49526 16.2118
5.98757 16.1486
5.25517 16.7846
8.88771 16.6993
15.5615 15.2351
21.7685 15.9106
12.503 16.0343
17.9541 15.7717
9.23001 15.6977
8.08514 16.9233
7.6605 16.5291
12.2725 15.7339
4.84181 17.0467
9.63339 17.4688
4.63427 16.1859
5.56886 16.1784
5.6652 16.5508
9.2653 15.8143
9.59231 17.1268
7.51733 16.7497
6.95023 16.8467
15.0043 15.6628
12.6294 15.5665
4.60853 15.5085
31.375 15.5929
15.4901 15.5509
14.6008 16.5222
10.3477 16.024
6.32803 16.4729
7.38527 16.744
7.38527 16.0494
3.15423 16.7403
9.65503 16.3666
11.6311 16.9057
6.7987 16.1622
4.28242 16.6898
7.21363 16.518
4.82054 16.8687
7.00285 17.0085
16.5702 16.4944
9.33081 16.0156
6.30163 16.5046
8.87443 15.8108
2.81977 16.5948
11.1611 16.4519
3.51715 16.5042
6.69862 16.1296
5.22685 16.234
2.09604 16.327
4.64252 16.1564
4.58643 16.6805
3.93979 16.3484
4.54243 15.6674
3.09582 16.3919
4.7233 16.7757
14.554 16.5501
11.1001 15.3238
14.3717 15.5989
7.22195 16.4346
4.49649 15.9728
7.6345 16.8921
9.89284 15.2032
12.2099 16.9032
6.61579 16.8434
1.75721 16.5005
2.52452 15.9996
16.7318 16.0187
16.0682 16.1014
2.03773 16.7424
1.97915 16.7502
7.82299 15.8479
10.0949 15.9625
3.01403 16.4461
7.83786 16.7368
7.44515 15.9907
4.05282 16.68
8.06024 15.9542
5.27385 17.2304
5.77527 16.2872
4.73096 15.9848
3.65096 16.7774
5.52335 15.8646
1.07236 16.685
2.4391 16.7209
2.35802 16.0314
5.98214 16.0676
8.04461 16.3088
15.1716 16.4777
6.58138 15.8256
3.73127 15.9146
8.05753 15.902
23.0203 16.3792
9.84595 16.0534
10.4233 15.9727
4.55838 15.7092
4.44868 15.9534
5.20018 15.7129
13.9736 16.1541
10.4242 15.433
5.09347 15.8724
7.33562 16.2329
9.70082 17.288
7.3329 16.3882
7.5927 16.8707
5.13606 16.6406
2.52819 16.6785
10.5903 16.7246
6.04379 16.2424
5.62293 15.7881
15.2745 15.8152
6.97712 15.8133
3.79037 15.7406
1.27509 16.0374
8.9527 16.1396
4.79305 15.8326
3.50762 16.8023
9.97722 16.0848
5.53488 16.3442
11.4071 16.6355
12.3907 16.2643
7.82468 16.3556
6.10594 16.0195
10.7208 16.0085
3.5898 16.6463
12.2533 14.7019
4.08749 15.6122
3.39803 16.9607
15.6916 16.2844
14.723 16.2335
11.2748 16.1964
5.31813 16.2138
5.19222 15.8972
7.18531 15.7781
8.56404 16.2534
5.28722 16.2425
15.9835 15.8147
12.0039 15.5932
21.5232 15.5456
8.42454 16.3027
16.7062 16.3708
4.1593 16.3609
6.29441 16.7737
12.4255 15.8841
5.69448 15.7683
2.98085 15.8158
17.9108 15.8588
12.2039 17.3731
6.35377 16.2946
3.36496 16.9116
3.56969 16.8835
15.3966 15.9214
12.7796 16.2296
15.9919 16.1808
10.6375 16.6129
7.31032 16.4576
7.48488 16.4069
0.992945 16.8576
12.2725 16.1578
6.60692 16.7221
4.19362 16.6674
4.39968 16.3342
3.99313 17.0459
5.44511 16.4869
14.5667 15.7256
10.3944 16.7614
6.45008 16.8099
4.08813 16.6384
3.15401 16.9879
5.13982 17.0808
0.904789 17.0434
8.35928 15.4294
19.7747 15.8936
4.98062 17.1121
3.90504 15.0822
6.68234 16.412
4.79522 17.1238
3.69876 16.9753
4.7012 16.4222
10.7024 15.8932
8.81769 17.0826
6.06052 15.8179
12.2118 15.1971
9.21906 16.9119
5.32525 16.0897
8.23901 16.5358
10.0879 15.8962
5.03792 15.9494
12.4176 15.5002
5.66669 15.8232
8.69348 16.1778
7.22385 15.6895
27.5958 14.7439
17.8873 16.609
5.88478 16.8904
3.72568 17.4886
16.6157 16.1868
7.21246 15.6533
8.15914 15.9762
9.676 16.3163
10.933 16.3496
8.6712 16.7035
4.05515 17.139
18.9914 16.3274
11.0416 17.578
13.291 17.1104
6.47137 17.1774
10.2045 16.7635
15.0497 15.2652
14.361 16.5851
10.9499 15.4589
3.94465 16.338
3.15405 17.3207
2.70347 16.1276
4.17465 17.0773
5.00998 16.2657
1.27987 16.531
10.1068 15.5429
11.9334 15.7226
7.17707 15.9551
5.84953 15.9656
14.2349 16.3195
13.5165 16.4023
10.9927 15.6972
11.3605 16.7329
13.5534 15.6608
9.92469 16.4682
10.3792 16.4441
9.66756 16.9642
15.9888 15.6254
5.52653 17.0866
10.3786 15.8551
3.23968 16.3314
3.67085 16.3267
7.48682 16.0042
5.61171 16.6532
15.6756 15.9136
14.4646 15.4438
9.36679 16.3134
10.5553 15.8442
10.6183 15.6047
3.81078 15.5833
5.82622 16.8382
8.42598 16.8413
3.61052 16.2423
8.10857 17.1661
5.10143 15.8536
4.91503 16.5837
1.71396 16.2837
7.22026 16.5791
7.91993 16.9146
11.058 15.9667
11.7895 16.1255
5.0636 15.8738
7.47411 15.9468
2.66109 16.6198
3.23902 16.1151
5.58656 15.4176
4.88045 16.0203
11.2703 16.0006
12.6723 15.3069
12.1588 16.3755
12.3358 16.2621
10.4566 16.2579
7.58392 16.2353
3.69423 16.1186
8.69544 16.436
10.3594 15.351
4.2503 15.98
5.03148 16.2324
15.6216 15.903
13.6226 15.5022
9.99789 15.7561
10.9351 15.992
4.54038 16.4337
0.884452 16.8222
3.66514 17.0722
11.4751 15.7878
9.24129 16.1738
9.60812 16.1655
16.1106 16.3842
4.20237 16.2612
1.29042 16.5542
5.75816 16.4263
3.55149 16.8373
9.07559 16.703
8.34371 16.4844
4.14834 15.6701
3.20681 16.1597
3.71887 16.6128
4.20786 16.4198
2.10261 16.4421
12.7477 16.9726
4.44996 16.5278
4.33503 16.1692
5.09199 16.2438
5.95652 15.9758
9.18856 17.2891
2.8015 16.822
9.16845 16.7811
12.9131 15.9753
5.39024 15.97
13.3802 15.8542
5.85735 15.8182
6.50847 15.4551
7.44178 17.066
11.3011 15.0869
6.10409 16.3762
11.291 16.5919
13.2258 16.5192
5.31357 15.9349
4.89347 16.1602
6.79523 16.3158
5.06221 16.3477
7.07047 16.7892
12.9224 16.3806
12.945 15.7232
6.53388 16.1129
7.29841 16.3351
16.6672 16.3133
9.28506 15.9561
13.0853 15.3916
8.88329 15.9139
4.1892 16.8243
5.69688 16.064
4.40741 16.2145
9.7284 16.4252
12.7455 16.317
8.44373 15.874
11.6374 16.3562
8.88893 15.5858
2.96739 16.5058
3.66746 16.0055
5.43843 16.0292
9.6398 16.8041
11.2617 16.9572
12.5087 16.5178
17.0944 15.5752
35.2903 16.2115
3.85475 15.8605
13.8037 16.1907
27.26 15.5105
13.1614 15.261
16.1281 15.4434
7.28157 16.621
8.60373 16.0464
4.86769 16.0894
13.9103 16.1255
12.3033 16.1928
9.83779 15.462
6.72393 15.7206
4.50813 16.3991
2.49316 16.6085
5.66445 15.9812
9.64773 15.8912
16.2204 16.4502
2.09182 17.0678
7.65741 15.5546
9.2317 16.0518
9.55066 16.042
8.11338 15.8085
7.60007 16.0063
7.92533 15.9653
5.89059 15.9161
3.5736 15.8272
4.19104 16.7258
1.49813 16.443
11.6468 15.44
14.2962 17.1743
2.59126 16.6474
5.82795 16.7561
11.1244 16.64
3.51172 17.0339
6.98571 15.845
2.3925 16.6361
2.91623 16.0848
11.5283 16.192
5.37853 15.9246
1.60648 16.3607
4.91012 16.5517
1.96572 16.6866
8.97815 16.2853
6.24872 15.8528
10.6604 15.6118
20.0438 16.3748
3.28751 16.5618
2.1569 16.5668
6.31504 17.4207
7.07178 16.1731
9.11509 15.2306
13.2702 16.1371
17.1552 17.0888
6.7344 15.9361
10.7445 16.2274
3.04564 15.8757
3.00458 15.7523
2.16532 16.5114
4.95432 15.8751
6.78038 16.5576
6.12961 16.4842
9.04277 16.7054
8.84767 15.2141
10.8283 16.4468
1.73881 16.5421
10.6935 15.9311
10.9754 16.8009
11.8765 15.4857
26.0002 15.0851
12.1318 16.1062
12.5032 16.3242
10.5548 16.635
3.52709 16.0982
13.7733 15.8834
14.3864 15.805
5.81619 15.8473
4.53314 16.6091
4.08839 16.5952
6.02194 16.2124
6.35462 16.5068
10.4667 16.602
22.8375 16.1798
5.30653 16.2853
16.3303 16.7049
3.04905 16.9182
12.2134 16.2443
10.1646 16.4266
8.26557 15.8244
8.69621 16.5021
16.3151 17.0241
3.97886 17.2158
9.1891 15.5302
5.77431 17.0514
4.37022 16.858
7.23585 15.9908
11.8434 15.9331
1.46986 16.7792
1.84915 16.8864
13.9822 15.7685
2.28408 16.4982
11.3937 15.4791
3.99189 15.8789
4.21454 16.3534
8.35856 16.3449
7.7531 16.594
6.09037 15.4864
7.13973 15.9877
6.29455 16.2723
4.41258 16.687
15.5655 16.6194
5.57787 16.3304
12.8662 16.142
9.54149 17.0889
18.672 15.4279
14.1002 15.5362
10.8172 15.7495
3.53084 16.278
6.42372 17.1933
14.2789 15.1952
3.34483 16.2098
4.32137 16.0335
10.0209 17.4689
8.94098 16.8866
15.4509 16.2257
13.4465 16.459
0.829184 16.6935
3.76618 16.6808
1.71939 16.962
10.1458 15.0887
12.977 15.6921
2.85399 17.0399
5.1008 16.5861
7.17924 17.1876
8.2413 16.0016
2.80648 16.59
7.35193 15.9068
10.9367 16.1259
3.55829 17.3879
2.66994 16.6505
2.01643 17.265
4.08653 16.6781
8.44205 15.8227
11.5812 15.774
8.64218 16.5778
10.0434 16.3554
4.09586 17.1569
12.298 15.8082
11.663 15.4345
6.25615 16.273
13.7813 16.3397
10.065 15.1428
10.0652 16.2423
8.07337 16.2921
7.59091 16.5624
7.29899 15.5723
8.70996 15.929
14.5096 16.2006
9.65875 16.4478
8.68319 16.8478
5.7882 17.296
3.6317 16.6128
2.66051 15.7929
10.5298 16.7286
11.3593 16.4843
16.6099 16.7655
19.1673 15.3995
13.1734 16.0437
7.87644 15.23
4.55983 16.7236
13.8462 15.9093
11.2236 16.1994
9.25251 15.2527
7.71981 16.3845
2.95696 16.1718
2.69128 16.875
16.4901 17.1832
19.2843 16.8317
14.9882 16.0006
10.7564 15.2531
11.4621 16.3282
20.1824 16.1201
13.4638 16.026
18.6443 16.041
12.9311 15.4625
11.167 17.5088
3.94489 17.6339
18.9785 16.443
13.9752 15.7548
2.15557 16.0448
5.51331 15.6341
6.0117 16.9778
5.38739 15.9627
13.939 15.6183
5.60966 16.8295
6.46533 16.4662
9.32914 16.2243
9.10862 16.0904
5.25623 16.6427
5.73423 16.3126
7.43097 16.654
1.21829 16.8956
6.06062 15.8246
5.49023 16.0598
1.37199 16.1779
2.63217 16.2805
2.43112 16.838
10.4539 16.0085
4.32574 16.5992
5.20025 16.7694
7.49092 15.2754
7.21511 15.8004
8.09844 16.031
3.14256 16.7844
7.33256 17.5109
1.94356 17.0278
3.7618 16.4172
5.6894 16.2708
4.49315 16.0667
8.42686 15.8893
9.38306 15.7774
6.456 16.2939
8.32002 16.3912
5.59018 15.6272
7.18058 15.0143
8.88659 15.9934
5.71866 15.6335
1.54651 16.5755
2.55031 16.8619
7.69999 15.6988
5.11776 16.0141
1.32243 16.389
8.18978 15.8855
8.75119 15.9715
10.4627 16.2278
6.18885 16.2995
11.8568 16.4491
8.77934 16.1783
3.92877 15.9913
14.49 15.7271
6.71989 16.4092
2.27677 16.1252
12.606 16.51
12.4358 15.2878
16.0206 15.2546
2.91665 16.5961
3.79259 16.404
9.31563 16.2038
7.96087 15.8501
2.03623 16.1331
2.43031 16.724
7.89912 15.2098
6.37331 15.9728
6.76908 15.9937
3.50699 16.4952
13.3055 15.0159
8.59206 15.9502
2.51257 15.6348
2.84133 15.8396
8.34751 16.1706
9.06804 16.2024
16.0661 16.3357
7.77347 16.0921
5.00193 16.0601
2.73996 16.2595
9.797 16.5217
7.81988 16.34
4.95086 16.5626
8.74601 16.6642
11.442 16.053
5.10319 17.081
5.99326 17.3323
6.17683 16.7714
6.18282 15.9667
1.09895 15.5459
2.28497 16.1223
7.72374 16.5277
5.73744 16.4553
3.83616 16.5218
8.29921 16.7462
5.23047 16.669
2.48523 16.1267
7.57885 15.8302
4.17872 16.3429
10.3801 15.9128
5.10044 15.5241
8.64907 16.1499
1.72354 16.0017
0.6121 17.3275
10.6753 16.0007
7.48905 15.9791
9.33329 16.4273
11.5766 16.658
10.1921 16.9157
11.6088 16.6756
9.63091 16.071
9.14003 15.8596
5.95599 16.7267
9.96117 16.1973
5.87697 16.5189
4.56242 17.2181
2.47814 16.3936
3.06929 16.0094
7.63674 15.6415
9.58737 15.729
7.69499 16.2326
7.31856 16.2533
8.05601 15.5742
5.57659 17.1496
14.2976 15.691
4.00587 16.446
6.88462 15.5385
6.63963 17.3242
6.90783 15.9516
8.41402 15.8813
6.78495 15.8444
11.5881 16.2289
1.78723 16.8665
3.73452 16.7038
14.1482 15.7485
9.20449 16.1679
13.2192 16.312
12.081 16.4755
4.95142 17.0127
19.7099 15.5803
19.6004 15.9235
2.22814 16.3191
5.40007 16.4184
14.2191 15.3752
10.3653 16.8345
12.8117 16.5982
9.72713 16.1197
3.33129 16.2961
6.26756 16.2219
13.4841 16.2083
4.34941 16.3478
15.4266 16.5299
11.7969 16.2137
16.374 15.4659
12.2578 16.0076
8.42262 15.4786
7.45791 16.0484
11.4617 16.4848
4.61705 16.4836
3.83973 16.4875
7.80864 16.3782
6.46949 15.7216
5.49661 15.6105
7.58921 15.9479
14.8098 16.0417
22.1801 16.1839
19.8031 16.3618
14.8395 16.8979
5.80603 15.5448
8.90877 16.1168
5.54025 16.4197
6.17185 16.5719
1.50651 16.9317
9.96605 16.9499
8.53634 16.0766
1.82649 17.036
3.37029 16.217
6.79146 16.8767
17.223 16.0629
8.54681 16.0909
9.22725 16.5128
11.5126 16.367
12.5937 16.9045
22.0602 16.3844
9.65953 16.226
11.3621 15.3186
5.70371 16.5245
10.7311 16.3039
7.42042 16.2358
5.99964 15.712
4.12085 16.1418
12.7782 16.1545
19.5865 16.2802
6.59336 16.0616
7.97759 15.9604
15.0441 16.2906
12.8529 16.9959
4.09066 16.4758
5.0156 15.6727
7.72678 16.8042
6.07993 16.113
0.781683 16.8961
3.68339 17.0417
1.64562 16.1991
10.4486 16.2529
8.30246 16.0284
5.2382 16.7356
7.29921 15.876
10.702 16.4432
6.3966 16.1683
12.0259 16.055
2.3783 15.8776
9.8485 17.596
13.3984 15.6726
14.2322 16.4034
5.14116 16.6443
7.23245 16.556
13.5838 15.9683
4.98081 16.2189
9.69823 15.8088
9.22182 16.6294
6.12596 16.6088
13.0197 15.1819
3.06265 15.4507
15.1565 15.8421
3.31149 16.1644
8.42462 15.6176
5.10105 17.483
6.7922 17.2475
4.92442 16.0961
5.45632 16.5809
8.74302 15.3868
15.5944 16.0132
11.386 16.1115
4.80543 16.5169
9.10691 17.2148
6.85852 15.6141
5.4239 16.0041
6.80532 15.643
4.29147 16.2354
4.68643 16.7861
7.39928 16.0896
7.13096 16.5627
8.07697 15.3612
13.6531 15.3612
6.38064 15.9537
11.5467 16.457
9.41491 16.1743
5.80793 18.2029
13.9942 16.0562
6.07879 15.9058
0.923363 16.9695
7.20967 16.3467
13.5871 16.0706
7.73764 16.0997
14.3362 16.1226
4.98152 15.4174
4.09945 16.2111
7.95024 15.5452
4.55484 16.7845
7.34273 16.9126
5.44463 16.0052
17.037 16.4973
10.0437 16.0476
2.30295 16.3796
10.4717 16.0109
5.71515 15.7478
5.98976 15.9391
13.2081 15.4386
10.2948 15.516
15.2897 16.3273
22.3447 16.1758
7.42786 16.7722
11.6062 16.5998
4.90657 16.7396
6.59008 16.0145
7.85194 15.6271
21.4878 16.5655
7.47752 16.6325
7.75742 16.4215
6.43438 16.6414
15.9418 16.1397
9.35398 16.5777
18.3794 16.3292
11.8734 15.8301
5.28746 16.2359
3.7834 16.8965
3.09135 16.2351
3.0324 15.7948
2.35253 16.8452
3.47129 16.4326
13.8127 16.1427
24.5241 15.0049
21.9582 16.5607
11.0664 16.441
1.80144 16.6304
9.82366 17.2261
4.62854 16.5299
10.9087 16.8421
9.39986 16.09
5.49587 16.2701
6.26633 16.9211
6.29098 16.3555
6.06662 17.2087
1.8406 16.3303
3.19446 17.1183
6.39818 16.8472
6.22448 15.6816
6.33015 17.1869
6.99094 15.7873
9.45366 15.5678
17.9943 16.0761
10.8737 16.7087
9.82065 17.4529
8.70325 15.4522
0.861887 16.2342
9.13958 16.4201
3.81026 17.5472
4.34423 16.7757
3.40801 17.2129
6.50355 15.8618
9.24834 16.3337
13.5789 15.5446
4.33886 15.9365
3.77549 16.9875
1.45827 17.0002
4.76185 15.9756
6.07386 17.3488
5.68393 17.4218
7.16494 16.0947
3.97585 17.3483
10.5774 16.1902
1.77431 17.1297
12.2451 17.1743
6.63859 17.7844
5.68214 15.7064
12.6358 16.2301
19.5229 15.4634
11.348 15.6045
8.82762 15.4509
10.4453 15.4961
10.0556 15.8143
6.62903 16.4913
9.95933 16.5371
5.42874 15.4963
1.7366 16.1285
4.41264 16.2117
3.18366 16.5848
4.07448 16.219
6.51254 16.1788
7.50941 16.6437
2.70042 16.6823
3.64779 16.722
9.31937 16.7312
12.3565 16.7313
8.65553 16.1927
18.462 16.2358
19.711 15.5253
14.0825 15.6769
5.93058 16.2437
11.601 16.4711
2.15682 16.1562
9.69786 15.7683
2.62168 16.7736
9.06882 15.2453
11.3266 16.4482
7.15276 16.6394
5.13513 16.6157
6.52973 16.8049
6.65555 16.8602
8.26653 15.7161
11.6108 15.323
14.1029 16.0672
11.3327 16.0213
10.0876 16.9713
11.2763 16.0802
5.10637 16.1596
10.1849 16.3872
8.44668 15.6937
3.1693 15.6423
7.5058 15.648
1.40765 16.1514
8.76588 15.5082
7.0673 15.918
5.4878 16.4443
6.48689 16.5496
5.13968 16.466
13.6508 16.3428
6.32272 16.2338
4.96122 16.1546
18.1635 15.0786
3.59189 16.7027
9.72 17.3567
9.60515 15.6734
10.1794 15.7309
4.32992 15.7171
9.70658 15.2295
5.69404 16.8678
5.1442 16.845
3.54647 16.0737
1.30486 16.701
16.4096 16.4604
1.57352 17.158
13.9297 16.4991
6.30564 16.7695
6.6503 16.466
13.293 16.877
6.048 16.1409
12.6592 15.7304
10.4936 17.1271
12.2717 16.1224
13.1892 16.3237
2.83367 17.2103
13.05 15.2666
6.21652 16.1781
14.4711 16.1678
7.54573 15.4562
7.03793 15.8575
5.65074 16.2861
5.34064 15.7837
4.12523 16.5778
9.08775 17.9152
9.83311 15.74
4.94198 17.6766
1.52608 16.212
7.09504 16.1707
7.44654 16.4552
0.975593 15.7228
4.06046 16.356
8.01304 16.3434
3.01853 16.1948
8.19799 16.7939
13.7643 15.8343
3.60708 15.5531
3.10203 16.8721
6.87058 17.4417
6.62317 16.1527
7.36893 16.2087
7.60924 16.0703
7.38253 15.6727
13.1497 16.6715
9.04426 16.3118
9.01186 16.8245
1.83457 15.9773
10.0533 16.172
6.39668 16.2381
2.36071 15.6991
15.4524 16.2611
10.894 16.3385
5.16025 16.2554
4.13386 16.8563
3.61127 16.2304
3.48491 17.2473
11.7398 15.3349
16.8036 16.0768
1.55824 17.3124
16.6515 15.4995
10.5649 16.5319
5.9805 16.6155
7.63223 16.0169
2.76329 17.7837
9.44989 15.3408
1.09783 17.0282
7.04237 16.4264
8.59945 16.2673
7.358 17.1496
5.64977 16.9916
6.90188 17.1252
4.18062 15.561
8.97564 16.7187
6.416 16.1107
9.64869 15.539
4.22152 16.4209
17.2124 15.9221
15.9308 16.3896
11.6387 15.5967
26.42 15.5315
4.91 16.5309
2.33803 16.5639
3.55588 15.8491
10.7924 15.9078
16.8905 15.9357
2.65946 15.911
6.55631 16.4423
5.86941 16.378
14.9346 16.7983
12.1526 15.9146
16.6979 16.4319
9.38114 16.569
14.6799 16.3676
7.03339 16.54
2.3838 15.8036
13.209 17.0169
4.07195 17.2444
5.93262 15.7704
22.7912 15.7788
11.7933 16.0264
10.4844 16.9739
8.35449 16.7021
13.0578 15.2025
8.87248 15.6134
12.3887 15.4193
10.9492 16.4934
11.4085 16.2499
1.75642 15.8763
8.11508 15.9905
16.2289 16.4934
6.30178 16.0028
3.32096 15.6117
2.22462 15.6051
19.2215 15.3333
6.72429 16.4346
3.7516 16.3622
6.43802 16.1158
5.11537 16.5123
18.3671 16.021
20.9127 15.8638
4.43047 16.3305
4.07957 16.8213
7.84221 15.1511
7.90432 16.1542
10.2741 15.8672
8.32055 15.7054
5.39095 15.6189
17.0594 15.5047
11.9265 16.3833
7.23745 16.5381
5.98261 16.8464
3.31981 17.0871
12.2965 16.7003
6.34134 16.9731
4.8329 16.6796
4.38011 14.9199
7.83177 16.3853
8.09534 16.9257
3.88801 17.0212
7.20406 16.9456
5.22209 16.923
3.68495 16.4518
6.8333 16.4852
6.20596 17.1305
18.0664 15.8425
22.8282 15.8309
10.3827 15.853
2.81983 16.7789
5.79025 16.2559
8.3393 15.8287
6.09226 16.45
6.79142 15.0904
8.1429 15.3978
7.90962 17.1363
5.61095 17.4356
2.77206 15.8148
15.4438 16.7711
4.65567 17.2256
3.88363 15.8774
1.75278 15.4712
6.97713 16.7922
12.5382 15.3189
24.1703 15.836
12.2304 15.7141
14.4027 16.1084
6.13217 16.4023
8.8061 16.0204
3.41503 16.3311
11.7074 15.9369
13.5137 16.3902
4.43538 16.0672
8.99824 15.9515
7.31978 16.0726
16.4717 15.7435
7.51092 16.2522
5.55014 16.1976
21.9825 15.8149
8.73914 16.2146
6.07351 16.1675
12.6018 15.7261
5.86751 16.1372
5.22929 17.1011
4.0757 17.0532
14.2244 17.1068
11.6433 16.561
4.85367 16.6669
5.29914 16.0059
12.4672 15.8827
6.83017 16.1266
4.40979 15.8043
2.31595 17.2015
6.27685 16.7357
10.5186 16.5894
5.71691 16.0042
8.03476 15.6182
8.45667 16.9677
8.1463 15.8484
2.48601 16.7085
4.14827 16.2913
7.31529 16.66
7.71656 16.755
5.28496 16.3221
3.80649 16.7516
2.48601 16.5748
3.44487 16.9313
14.774 16.9449
11.8425 16.6434
9.96801 16.2223
9.26793 16.4262
9.42206 15.9836
11.3969 16.0451
4.02545 16.28
5.67862 15.7295
2.76316 16.9089
3.75918 16.928
10.2224 16.876
26.9944 16.7417
5.82188 17.1518
9.39716 17.0751
14.698 16.0412
18.0429 15.7753
16.6925 16.2377
10.0439 16.1068
6.02225 16.7214
2.88181 15.9087
11.8794 15.2734
13.1855 15.1929
4.38051 16.1685
6.09038 15.859
7.01615 16.0284
6.8112 15.9423
7.62591 16.1958
7.69901 16.4062
9.66406 16.9578
14.1791 16.6343
10.2075 15.5034
4.38543 16.0927
4.55479 16.4306
2.68343 16.3428
2.68343 16.2103
7.92835 16.1351
2.42548 16.3231
3.54197 16.6009
3.48602 16.849
5.35035 16.8171
9.7684 15.7665
6.33595 16.1356
10.3935 16.0864
6.23113 16.3448
3.61445 16.4442
10.245 15.5466
9.55559 16.2247
4.43644 16.836
4.98594 16.8318
5.17003 16.7433
9.08601 16.0318
9.41526 16.5199
9.92061 15.4433
14.9348 15.9734
3.04582 17.0685
5.95901 15.6227
3.61294 16.157
15.8738 15.8907
14.0301 17.2539
8.35377 16.3386
7.08936 16.2894
10.782 15.3561
8.56395 16.3255
4.70947 16.9205
7.61729 17.1225
6.30414 15.5819
18.18 16.6939
9.9477 16.3609
5.51459 16.1782
15.0166 15.4412
8.49107 16.4319
4.31297 16.8828
7.65393 16.0664
15.945 15.8056
8.61653 16.4845
13.4991 16.6282
12.0398 16.2886
14.7783 15.2498
3.61444 16.8018
6.59242 16.2147
5.19465 16.0178
1.20597 16.0325
10.9275 16.113
16.7379 15.9272
7.18931 15.9059
5.10829 15.8298
3.19693 15.3607
3.71666 17.179
12.3652 15.6263
12.1256 15.9106
11.0056 16.0477
21.7728 16.3026
3.93707 15.7379
8.20533 16.101
18.795 15.946
4.0909 16.045
2.29742 16.8846
8.27688 16.6413
5.38695 16.6023
5.16877 16.7485
2.02429 15.7216
10.4308 16.0614
12.2856 16.2475
15.5391 16.2232
16.6195 16.2865
8.85618 16.7748
1.1375 16.0514
9.35636 16.5312
5.21126 15.9779
5.9968 16.8446
7.16752 16.0118
8.4981 16.5508
6.49435 15.9876
9.89107 16.9377
17.5438 16.6149
2.12392 16.2334
8.45218 15.6391
6.39995 16.0523
6.79996 16.383
4.55598 17.0031
6.91161 16.2432
6.16421 16.3723
4.67517 16.8839
8.17915 15.9096
3.52072 17.1352
4.21884 15.8312
3.89417 16.2765
5.49402 16.4802
4.83371 16.7701
5.52752 16.2805
5.34004 16.2962
7.16124 16.763
2.34392 16.4117
6.1101 16.3527
3.47826 16.8986
13.3448 16.0919
11.7334 16.2846
1.26909 16.5333
4.57623 16.8214
3.83785 16.5251
8.65511 16.8915
5.3393 15.5287
5.06809 16.0983
21.2998 16.2579
7.15682 15.9893
4.20142 15.9879
1.42019 17.2931
10.5013 15.7095
4.20911 15.9898
9.23099 15.7993
13.661 15.3314
0.75414 17.0074
7.13898 15.9794
5.67198 16.0598
3.00193 16.3412
6.57728 16.6184
7.28577 16.7033
4.45714 15.6202
8.19984 16.6336
4.01813 15.7318
6.7462 16.0662
10.4067 16.416
2.20762 16.3992
9.98398 16.6448
7.95062 16.4491
6.57222 17.3924
5.58949 17.375
14.3441 16.3758
6.75808 16.4609
6.90365 16.1342
7.2703 16.3375
7.6204 16.0509
11.1892 15.6596
11.3661 16.6195
0.651214 16.9133
9.31763 16.5271
3.44496 15.1673
4.22725 16.2513
11.5222 16.3934
9.05353 16.0789
10.4359 16.4431
9.35977 15.6343
10.7344 16.1154
3.45985 16.4122
8.39213 16.7255
3.83363 16.9752
1.20764 17.3979
3.81231 16.6356
7.44761 16.3689
10.6612 15.7767
14.8997 15.5718
12.2969 16.1235
7.44225 15.448
7.82281 15.9554
9.12004 16.7677
18.9478 15.9709
5.52001 15.9244
14.1507 15.6946
4.28065 16.3504
5.88952 16.5598
8.03339 15.9276
9.64616 16.0212
7.20527 15.6637
1.8653 17.2383
15.6593 17.3078
14.647 15.9224
13.9371 16.6358
4.38423 17.1935
7.49921 15.8695
6.60726 16.289
16.3341 16.1843
7.92956 16.3488
9.35976 16.6951
9.80595 17.2973
13.6617 15.8961
14.4375 16.0894
18.9651 15.3165
18.4873 16.5182
4.1856 15.4877
6.79745 15.9012
10.6656 16.5142
5.33734 16.4977
7.97338 16.5
6.9821 16.1766
7.6231 16.4349
12.897 16.125
13.7956 16.9009
3.38932 17.1109
11.1329 16.0629
4.28709 16.7094
5.16847 17.2213
3.01561 15.9915
3.4563 16.1481
7.58414 15.9802
9.03571 15.7607
5.48089 16.5024
6.3799 16.5667
6.84363 15.8526
6.56147 16.6211
10.0974 15.7715
16.9038 16.2483
6.86516 15.8547
10.0722 15.6994
13.1876 17.2808
12.3705 16.0691
12.1952 15.7774
6.28245 16.0526
4.71513 16.0013
5.25424 16.041
12.2817 15.7028
7.22115 16.4846
6.49878 16.0717
8.72852 16.3757
8.58388 16.5906
12.8512 15.683
6.49548 16.8568
9.7616 15.9204
0.628841 16.7738
4.88349 15.5928
7.9607 16.5883
11.9121 15.5251
5.28191 15.9626
5.00671 15.9242
1.74942 16.3894
2.70987 16.6118
6.67298 16.2222
6.11061 16.0916
6.4601 15.904
4.5517 16.9229
3.36115 16.6136
9.32251 16.5184
13.3347 16.2259
2.21579 15.9276
7.3065 17.0461
11.7296 17.2573
7.52935 16.3203
2.33178 15.8048
5.69817 16.8581
17.0812 16.832
23.7145 15.1324
5.39101 16.2562
5.94285 15.8974
9.28448 16.4409
18.0727 16.1514
6.09849 16.2801
10.131 16.2499
11.8333 15.629
13.8642 16.5794
3.41751 16.5604
2.66695 16.8238
2.29805 16.2258
6.75441 16.1063
2.77169 15.4202
7.28759 16.2909
5.20418 16.2993
5.8055 16.4112
13.317 16.0927
15.4227 15.9266
9.4696 15.9905
10.4868 15.5946
9.64344 16.6809
8.96612 15.9562
9.30677 15.5667
11.6925 15.8834
0.747713 16.9839
1.42375 16.0223
2.95889 16.9998
4.93557 16.765
11.9238 16.0791
5.94728 16.2881
7.95478 16.4216
8.09754 17.2066
8.89075 15.4488
11.3531 16.4736
4.33837 16.7347
7.74422 15.7264
15.6519 17.0266
10.1123 16.9853
12.4452 15.9723
6.99568 16.5106
7.68901 16.2496
4.95176 15.9393
2.62052 16.6488
11.9675 16.7199
12.8437 16.5639
5.07498 16.4521
3.81551 17.0327
4.56196 16.7148
4.15538 15.7906
3.10849 16.0381
3.47624 16.6631
4.96718 16.3122
8.09647 16.25
17.1113 16.3217
5.5852 17.0355
5.12477 16.1522
11.5823 16.3192
4.50834 15.4131
8.37776 16.1077
7.00761 16.5927
2.2731 16.7266
6.67979 16.8886
9.23924 16.2261
8.75084 17.149
4.56225 15.5414
13.0729 16.0963
12.0546 15.7648
13.2588 16.0409
6.79647 15.8107
11.0005 15.999
16.6029 15.435
16.6029 16.0172
29.6185 16.2847
14.9631 16.3423
12.1289 16.1753
9.98612 15.9008
11.7615 16.581
4.37307 16.3393
23.5571 16.1352
8.81981 16.799
20.1429 15.3205
17.5127 15.6214
9.76635 16.103
17.0285 16.0974
13.6051 15.9835
5.3528 15.9188
4.74241 16.4554
18.1864 16.3471
1.58776 16.7769
7.12692 17.0621
6.25863 16.5811
7.78367 15.9223
9.39297 16.794
13.256 16.5336
11.5366 16.7984
10.694 15.9986
7.43082 17.4886
2.81374 16.5057
14.4815 16.784
3.05629 16.5876
6.90672 16.2126
13.6041 16.9159
6.99267 16.1654
4.96938 16.8003
4.38631 16.7599
4.82007 15.8773
11.432 16.4091
10.2734 16.105
9.13283 16.0387
2.70068 16.4018
4.94451 16.8425
7.48493 15.719
11.7442 16.226
18.7465 15.3788
19.8481 15.5671
7.93089 16.4602
7.65534 16.2342
7.55775 16.5281
8.51889 16.8234
4.644 16.2792
9.67437 15.8722
5.30831 16.2949
13.4681 15.8382
2.24715 16.2766
2.24715 16.8399
12.8316 15.7263
6.09679 16.0166
11.7128 16.2283
13.0138 15.9165
6.79679 17.1245
7.53105 16.0853
1.4687 16.5486
8.33151 15.9178
15.7598 16.2486
2.78272 16.8564
5.34446 17.1027
3.87041 16.7455
2.50024 16.4256
5.9132 16.3305
4.42798 15.646
10.2311 15.8816
19.7955 15.7534
3.51483 15.4475
9.01014 16.8171
16.3671 16.4373
10.5609 15.2149
9.88908 15.8133
9.63182 15.9401
6.7252 16.1759
6.45347 16.2701
8.1656 16.0016
5.58431 16.3469
22.375 16.3378
12.8344 16.2359
15.4749 16.0915
6.73569 16.2837
10.6017 16.7499
11.2702 16.1859
27.1496 16.0681
19.9017 15.6581
8.76001 15.6463
7.39025 15.836
7.38598 15.3244
3.102 15.8503
2.49026 16.3968
7.44564 16.9039
10.5833 16.1914
9.0883 15.9174
9.80947 15.8352
8.0708 16.2435
8.85724 16.1409
13.5317 16.2381
8.84609 16.3699
13.1176 16.8909
6.267 16.0355
10.6675 16.2238
7.06971 16.8405
16.4448 16.8909
12.0965 15.8621
9.4555 17.3757
9.58295 16.3009
20.3312 15.3382
5.00167 15.8344
5.4047 15.1899
7.23175 15.4426
12.3788 15.7864
4.7427 16.1761
7.78475 15.975
8.9308 16.4513
7.61237 16.7443
9.42379 17.2263
4.49992 16.7173
13.8598 16.6705
13.5975 15.775
4.86275 15.6544
4.96329 15.8161
3.16868 17.8679
10.1786 16.1453
9.6254 16.8366
7.81212 16.283
3.69292 15.8636
13.6822 16.62
7.46 16.1096
8.91882 15.8097
7.89392 16.5068
7.39957 16.6429
10.7887 16.5045
18.8414 16.6414
8.31734 16.0323
2.17452 16.3169
16.216 16.0957
8.4915 15.8687
2.3196 15.9343
7.856 16.2808
3.19641 16.7936
16.2516 14.7715
25.2252 16.6205
19.9737 16.4646
8.2442 17.0447
7.22673 16.3565
4.35478 15.8122
4.6071 16.8749
7.14065 15.3224
1.46351 16.7576
5.07059 16.7841
9.07299 17.371
11.7443 16.2253
14.3467 16.1836
21.2521 15.2629
21.3895 15.3777
2.96082 16.8516
8.74588 16.1848
4.25252 16.7284
1.78817 17.1429
3.3562 16.1959
8.18468 16.3469
8.38535 16.5816
3.58639 16.1954
0.468417 17.0088
8.26167 15.8557
12.3179 16.2237
22.6803 16.4384
9.50368 16.4229
5.81235 16.3584
2.3496 16.1315
21.0608 15.4727
3.96983 16.7391
2.48929 17.712
10.6849 16.1499
9.87371 16.7062
5.78972 17.0257
5.78972 16.8543
9.01576 16.0865
3.91274 16.2883
2.87945 16.6521
6.33969 16.9486
4.49461 16.6166
4.23104 15.9015
3.97336 16.1744
10.48 16.2676
21.2028 16.0592
16.7883 16.226
4.41323 16.5048
7.65006 16.4947
5.08481 16.3461
5.35956 15.803
14.8956 16.7145
8.32676 15.6671
3.3237 17.1385
1.4817 16.4788
8.87174 15.5247
9.21221 15.7902
16.1459 16.0978
9.98583 17.1898
3.66253 15.9456
2.75718 16.6846
5.02256 17.246
12.9959 15.8872
10.1208 16.1013
21.17 15.9355
15.9024 16.6763
12.5977 16.2979
12.6271 17.0807
1.43252 17.0403
11.1551 15.6122
21.0997 16.3589
13.6075 15.7315
13.1956 17.2895
10.7879 16.8255
8.70646 16.3606
5.55843 15.9896
13.7305 15.8336
10.6676 16.2801
4.97033 16.9863
4.92151 15.8289
7.25039 16.0305
5.58069 15.9343
8.69847 15.7241
16.2263 15.2506
9.59493 15.9509
2.10933 16.7549
4.38875 16.4841
5.95896 14.9024
9.58235 16.2183
2.869 16.6188
8.67745 16.5962
5.55998 15.8089
4.44875 16.2603
6.94124 15.8189
4.97974 16.2249
5.72294 16.6849
9.50758 16.8724
11.5985 16.7744
9.27241 17.1165
11.9404 16.1581
12.8318 15.9583
12.0378 15.2401
6.88946 15.6655
5.45335 16.9746
4.99787 15.7945
12.1508 16.6499
3.96281 16.4979
7.27067 16.4992
6.30349 15.9367
2.73049 16.3978
15.4096 16.1529
4.18768 17.0286
8.30758 17.025
7.50353 16.5676
5.2667 16.471
7.24553 17.1655
0.985991 16.8411
10.559 16.0556
6.196 16.0534
5.51999 16.6438
2.35093 16.5494
8.68268 16.4456
8.04511 16.1248
7.41301 15.8196
11.3063 15.6826
3.48219 16.0834
5.79236 15.5641
5.36913 16.6783
8.48129 16.762
15.8216 16.5802
12.8871 15.7592
9.75573 16.7502
2.88129 16.9198
2.28009 16.7403
8.3728 16.2409
3.77512 16.7179
2.32347 16.489
3.74313 17.0962
2.4929 16.1774
4.24091 15.845
2.31138 16.5868
1.95811 16.3436
4.8403 15.4826
3.4399 16.6691
1.3694 16.0809
12.934 16.4338
2.94898 17.182
7.65235 17.2046
5.62545 15.3969
6.30832 16.3416
9.37927 16.4283
5.84999 15.8749
6.94401 16.3167
8.60697 16.5105
6.01564 15.8619
8.5448 16.787
7.3693 16.2706
9.42639 16.0622
2.94694 16.4637
11.1971 16.3966
15.1495 16.7987
25.5653 15.5712
22.4678 16.5942
12.2909 15.7733
1.56447 16.2641
12.2406 16.0697
2.88157 16.4181
12.5256 16.3334
6.61765 16.5129
8.87893 16.5115
10.2813 15.7942
6.20831 16.4087
8.61075 16.3267
4.2776 15.796
8.87443 15.3388
6.08608 16.7374
12.7963 15.1045
6.4531 15.8609
16.58 16.1737
6.57889 16.7823
12.3315 16.3463
7.82641 15.4475
4.48797 16.3061
7.33653 15.7204
4.52244 16.1177
10.6233 15.5394
12.9099 15.1777
14.2094 16.0993
10.506 16.7134
21.2251 14.6821
10.5973 16.7399
8.15734 15.7676
5.89808 16.0172
10.9881 16.0798
9.46111 16.7982
17.9997 15.6753
12.9135 15.7884
13.8782 15.5288
10.9838 17.0098
9.25421 15.8359
14.8507 16.4783
5.94255 16.3722
4.70242 16.15
8.73461 15.3195
7.72108 16.1451
9.8631 16.456
19.1838 15.9618
8.45859 15.7654
7.28792 15.7328
16.0082 16.0382
6.16605 17.3001
4.32968 17.4205
3.48733 16.366
4.46213 16.1301
5.25013 17.3124
3.90484 15.9578
4.61602 15.8611
10.3799 15.956
4.99044 16.0727
6.05241 16.0237
11.7341 16.1768
15.2775 16.2029
8.19265 16.6085
15.9181 16.0283
23.3343 14.906
8.5427 15.1538
5.34118 16.5593
7.87512 15.7207
3.34422 16.3539
11.6842 16.0058
6.25793 15.8929
2.89076 16.5377
5.82721 16.3411
5.0363 16.1517
3.16658 16.2665
3.40359 16.7833
5.29964 15.844
11.0288 15.5375
6.32517 16.5196
9.42085 16.4769
9.7186 15.8709
14.1611 14.9988
7.299 15.892
5.02752 16.5662
7.14557 16.1095
5.22289 16.3832
3.68818 15.7692
3.91106 16.5086
17.3155 15.2813
5.19716 17.3984
2.25208 16.4029
1.83603 15.6713
2.267 16.4875
2.03366 16.5375
5.67426 16.2339
11.729 16.4262
12.6876 16.5121
8.5524 16.6197
7.737 16.319
9.21794 16.1307
12.4987 16.4484
10.4118 16.1765
4.97158 15.5745
15.0835 15.3985
2.76455 16.7322
7.73775 16.0328
10.3369 16.0546
4.96259 15.0195
6.4492 17.0645
4.70715 17.0348
9.52001 16.1324
8.1607 16.1424
11.327 16.0287
9.51194 15.9289
7.44259 16.4973
2.75683 15.8322
10.8913 15.9097
5.96383 17.2552
7.07201 15.8937
10.6665 16.4659
3.70517 15.3548
9.42746 16.0723
3.17402 16.1896
1.72397 16.4335
7.15493 16.6756
8.89139 16.0907
8.598 18.0954
3.72788 16.1433
15.5228 16.9198
7.61362 16.3465
24.8538 16.3533
4.33129 16.8508
10.5695 16.3623
8.96471 16.11
10.2544 16.1243
9.57205 16.4218
9.49556 15.859
9.28102 15.754
13.438 15.8018
17.5689 15.7653
31.6662 16.2502
13.5757 16.2815
6.57664 15.598
7.71519 15.9758
4.65799 16.8985
7.3638 16.5045
1.87119 16.4913
14.5429 15.9535
14.3586 16.3659
4.23204 17.0402
15.4931 16.2846
4.00965 15.8432
8.13662 15.4178
12.3481 15.6483
6.82347 16.6008
4.84357 16.7696
4.10731 16.7224
11.3503 16.0313
2.92154 16.392
0.839203 16.3809
11.578 16.1957
10.2589 16.6627
10.2053 15.481
11.2322 16.2561
7.70797 16.3816
8.29126 16.7666
7.53588 15.7819
5.75442 16.4094
3.37659 16.6116
4.19093 16.2103
2.81132 16.2538
1.59116 15.8984
6.02972 16.1673
3.99019 17.0079
6.68518 16.7218
7.95504 16.9056
11.211 16.2316
7.05904 16.5474
5.98006 17.0475
8.90235 16.5863
23.9352 15.7727
8.64785 17.5821
3.99335 16.1431
5.39159 17.3543
5.33902 16.2558
5.62135 15.5395
12.6881 15.9268
12.7574 16.0002
10.8054 15.8813
9.37832 15.985
4.67094 16.3074
5.60249 15.6972
12.5095 16.1991
15.3614 16.2727
10.3343 16.1568
8.94797 16.068
3.98962 16.1684
13.716 15.9493
13.9102 17.2938
19.0055 16.7837
13.9862 15.6446
12.1576 16.6519
9.58096 15.8186
7.30398 16.7197
10.9165 15.4512
23.1277 15.5479
12.7112 15.9522
9.39927 16.2818
8.40262 16.068
8.46737 16.4659
8.97324 15.5792
17.489 15.2383
4.4803 16.1813
9.14659 15.8202
6.70989 16.3191
8.74709 16.1691
6.89425 16.3726
4.17724 15.8648
9.91417 16.0749
9.87712 15.8654
12.1593 16.5014
5.10177 16.8065
9.14285 17.2256
5.96472 16.6207
7.91799 16.3846
3.54714 16.8583
8.52553 16.5455
5.05301 16.0899
8.00735 16.5168
11.13 16.4345
8.236 15.8683
8.19668 17.0124
8.9308 16.8933
11.2031 16.6637
10.726 15.6574
11.995 16.5812
4.60417 15.9006
14.8487 15.8044
14.5776 16.8438
13.3462 16.0301
13.7188 16.8679
20.0138 17.0108
3.36334 16.2654
6.41623 16.7078
5.87967 15.4688
5.0137 16.1177
10.4943 16.2949
7.28594 15.7669
3.34051 16.1052
8.67505 15.6644
21.9651 15.409
10.7438 16.8845
3.66342 16.6851
9.70413 16.1793
4.92614 16.1527
12.994 16.8341
3.2697 16.0479
4.69774 16.6656
5.98737 15.7769
10.559 15.5841
7.98662 15.9512
9.2074 16.9467
9.34718 16.2777
3.98993 15.7047
11.4521 16.2646
8.64202 16.1736
13.668 15.5478
16.1231 16.404
9.4973 16.924
5.09811 17.1433
10.5266 16.1428
7.42135 15.4894
24.4853 16.1791
8.16069 16.4601
12.334 16.3616
3.2397 16.0586
7.23448 16.3069
5.2989 17.5445
6.92205 16.8863
6.77995 16.6411
7.52893 16.0639
13.1663 14.9827
4.69268 15.4548
14.2213 15.56
10.0368 16.3931
10.7151 16.2676
7.72628 16.7116
10.7857 15.4676
10.8987 16.702
8.11427 16.2848
4.3714 15.8592
7.3437 15.7112
11.6276 15.3374
13.6026 16.6686
11.1009 15.1636
6.52636 16.1986
6.98874 16.5433
7.24656 16.4494
7.41852 16.4193
11.5963 16.6425
7.50109 16.0785
5.91328 16.5837
12.1716 16.6459
6.31647 16.3188
7.50714 16.1597
4.20535 16.4768
5.57418 15.8456
11.8263 15.6761
14.4508 15.6044
3.52013 16.6467
12.29 16.7176
1.58134 16.6495
7.06138 16.9245
5.65309 16.6758
7.39924 16.739
8.35967 16.1639
9.6597 15.7719
11.7856 16.229
6.67849 16.3431
4.62442 17.2644
1.5552 17.0787
8.02956 15.8892
6.37846 16.504
7.99325 16.1651
8.28678 16.4796
5.95886 16.6641
9.87297 15.7772
5.21377 16.8843
5.42848 16.4891
9.02415 16.2955
11.1672 16.502
13.9302 16.202
9.82679 16.6716
14.6147 16.2935
4.01049 15.9001
6.54171 16.5736
7.77359 16.756
5.25512 16.7639
7.9132 16.0512
4.81066 16.5266
11.7324 15.552
6.97265 16.418
2.87564 16.6001
4.08338 16.2994
5.41866 16.2339
4.46893 15.5225
10.3298 16.0884
3.66629 16.5351
4.49925 16.6066
6.42753 16.9809
7.23887 15.8497
5.62389 16.5016
3.32211 15.9912
15.8565 15.7006
14.6865 15.1572
6.79944 16.6169
8.04864 16.0299
11.8892 15.8505
5.22031 16.2156
10.8375 16.7129
18.9084 16.0578
9.62211 16.968
6.69812 16.8731
7.23325 16.3006
16.1921 16.8406
10.0096 16.515
4.71564 16.1975
4.91336 16.8369
6.66902 16.7711
8.50546 15.9203
6.50346 16.9581
13.5458 15.1137
1.31387 16.5296
8.06546 16.5074
5.85645 15.6117
3.46717 16.9687
2.81715 15.8503
4.73414 15.4384
9.07419 16.6778
5.22923 16.413
7.36171 16.3256
8.32946 15.4604
12.0819 15.8097
22.2439 15.7292
13.0031 15.3708
4.14159 16.0863
19.5358 16.2654
6.92082 15.499
1.66377 16.5379
8.8424 15.9539
8.47347 15.6574
4.94276 16.3457
3.47369 16.6532
4.96606 16.4275
6.74741 16.2545
6.6118 17.0175
6.90828 17.0205
7.85707 16.031
15.4551 15.7667
7.13528 16.6722
4.99833 16.1542
13.685 16.9895
13.8594 15.2094
15.252 16.4957
6.21121 16.354
5.56625 16.2542
4.85342 16.147
7.56135 15.9671
2.96983 16.9794
4.48808 16.8032
5.83181 16.5526
6.2217 17.3817
5.55106 15.7515
3.95838 16.115
4.2336 16.6637
3.88409 15.8563
6.65252 16.1669
4.6607 16.2804
3.1049 16.4112
6.62515 16.1959
7.93183 15.7782
16.8294 15.7238
6.01956 16.2293
11.5586 16.3841
11.5424 16.7042
5.37707 16.4201
4.14755 16.0269
7.78752 17.1018
2.62524 17.5882
5.48677 16.2234
13.1321 15.8579
1.86184 16.9465
7.71926 16.6803
11.2612 16.7908
3.87364 15.909
8.232 16.3132
3.22141 16.2842
12.3273 15.759
5.01653 17.1065
9.11798 16.0997
4.40762 16.4185
6.61587 16.5667
8.26107 15.46
8.39713 17.2269
9.27871 16.4789
4.96171 16.8059
6.12625 16.3917
10.1395 15.4525
9.11366 16.0052
13.8058 17.0202
6.10252 16.3139
3.83254 16.6394
8.70672 15.5244
8.38036 17.3607
18.8535 15.6982
15.5569 15.8868
5.32345 16.4119
3.97985 16.2451
3.29737 16.8732
3.06648 17.2066
5.73567 16.1736
2.14036 16.9406
5.70176 15.7423
8.25658 16.7701
2.54519 16.0925
9.26166 16.0498
9.61086 16.3942
5.35251 16.0731
4.56578 15.7686
17.8154 15.5723
8.95099 15.8992
9.74974 16.6099
10.1617 17.4447
12.4402 16.5559
3.49543 15.2463
15.2773 15.768
15.0231 15.0829
14.2516 16.2132
11.9735 15.487
5.49291 16.5922
5.84535 16.5508
3.2496 17.042
5.58221 15.5859
8.75312 17.1863
8.68465 16.2715
5.7567 15.5231
4.90026 16.6425
6.60541 16.0418
8.99051 16.1458
9.83283 15.7376
9.52454 16.6839
7.12019 16.6623
5.79105 16.3812
6.76074 15.9518
6.22057 15.5555
4.78661 16.2932
7.26931 16.7033
12.7437 16.0912
19.3794 15.6997
5.69574 16.7257
3.30285 16.8223
5.62883 16.7731
9.46537 15.8885
6.11226 16.3604
8.5144 15.2032
2.31152 15.6036
10.8615 16.7489
8.49255 15.5627
2.58201 16.6066
13.2235 16.4332
17.9718 15.294
12.6377 16.4391
12.8344 15.4821
13.2486 15.8779
11.0148 15.9662
7.89452 16.2518
16.0439 16.7923
20.0194 17.1224
7.38787 16.463
7.62842 15.771
17.1727 15.6111
4.40712 16.0483
9.24296 16.272
6.13432 16.2824
11.3803 16.4372
7.99612 15.8385
14.5562 15.5879
13.436 16.9235
5.11378 16.2297
19.8895 15.4903
12.8526 16.5124
4.34188 15.8224
4.91091 16.3339
5.19206 16.5336
7.54362 16.6336
24.3446 16.6142
5.69695 16.3094
5.54502 16.325
4.89895 16.1978
11.0019 16.3748
4.52359 17.0025
4.53254 16.5643
6.42806 15.7705
7.79196 16.5667
7.04334 16.2337
11.5628 16.1048
7.22824 15.7672
12.4205 16.551
8.63186 15.8852
14.1977 16.3443
8.13672 16.5913
14.0709 16.9116
6.81907 16.8492
16.3046 15.3475
10.0121 16.0213
11.7739 16.2724
14.802 16.6506
8.63037 16.5453
9.73097 15.993
11.3691 15.9226
9.3504 15.9997
13.4324 16.1074
5.22573 17.0733
7.40425 16.5291
13.3561 15.8553
4.99058 15.5298
3.01165 16.9393
3.55924 16.6342
1.38891 16.4162
3.04716 16.259
6.47539 15.6617
8.26223 15.4358
0.886519 17.4607
5.41076 16.126
17.3748 16.0113
10.5071 16.0589
20.8596 15.8482
11.7715 16
4.48339 16.0928
2.99459 16.7463
11.0531 16.9174
3.37051 16.5992
2.23876 16.257
8.43789 15.3834
12.3939 16.4192
1.42139 17.1259
9.81737 17.0972
3.39189 16.4327
10.5658 16.1433
11.5157 15.4686
12.4871 15.944
12.5855 15.8597
12.4823 16.1693
13.0147 16.4754
9.52512 16.1247
13.9064 15.936
7.59346 14.8702
5.36827 16.1216
5.68857 16.5104
3.1081 16.662
2.75479 16.3897
13.5286 15.4063
11.9389 15.1667
15.9632 15.933
14.5357 15.9633
9.63618 16.0262
10.0772 16.3684
25.2936 16.4147
13.5757 16.5508
10.1574 16.622
12.8627 16.7267
9.3977 16.8937
22.8328 16.9867
7.107 16.8797
7.89203 15.9821
14.162 16.0484
4.62674 16.2786
9.46735 16.0351
2.81901 16.3087
9.47083 15.964
6.91648 16.4222
10.5936 16.3597
11.0944 16.8298
6.71165 16.667
5.79909 16.5337
4.53954 17.0037
10.2549 16.331
3.99181 16.2131
8.7219 15.4092
19.6798 16.3027
6.76752 16.4275
10.932 15.9204
5.81986 16.381
4.07694 16.71
2.18984 17.7676
4.40794 16.3355
2.72613 16.3894
8.28686 15.7193
4.4417 16.1787
4.23345 15.9792
5.62666 16.5547
8.24785 17.0272
4.26656 16.1832
2.90713 16.6047
4.28695 16.2977
7.43823 16.3234
2.17014 16.1095
5.91036 16.1187
9.06157 17.5945
1.57564 16.6106
7.97989 16.4353
7.48755 15.9769
0.798582 17.3076
8.92593 16.5321
11.0084 16.1024
16.6716 15.4512
9.82875 16.5724
20.4872 16.7887
4.44515 16.2714
14.982 16.5915
13.4555 14.6958
14.4325 16.0271
12.8101 15.6183
7.60035 17.1062
7.22155 16.4556
12.2203 16.2063
6.87337 16.2645
14.7262 15.6144
7.46883 15.8103
9.86767 16.5878
5.24245 16.2971
9.01103 15.7417
2.55714 16.1203
5.21231 16.7798
2.63731 16.6279
7.72741 16.8805
14.7522 16.1741
7.8048 16.5303
9.04853 16.2769
6.13217 16.5135
6.42766 16.3423
13.3661 17.0606
0.94717 16.8582
9.77588 16.1127
4.98967 16.6716
7.59186 15.4174
15.6017 15.9956
11.3104 15.7067
9.26493 16.179
4.23935 17.0019
3.39173 17.0105
9.26835 15.7647
5.00387 16.6306
7.03608 15.1677
9.22537 16.8138
8.45847 15.8554
9.21263 16.1418
13.4175 17.0287
2.66987 16.627
4.71994 16.7172
8.83653 15.7296
10.7714 16.6061
7.4936 15.4732
13.1177 16.5658
1.74754 16.9923
4.5709 16.2623
3.14616 16.1327
11.1756 16.6799
6.55464 15.6993
5.56383 15.5341
8.73279 15.6313
6.37752 16.4117
8.26085 16.05
17.0452 16.0967
6.05801 15.7898
16.1512 16.389
4.16367 17.0242
6.43625 16.3986
6.56125 16.3175
5.78718 16.149
13.946 16.0348
1.50166 15.8007
2.04452 16.018
5.84319 16.1322
4.14954 16.7025
16.2539 16.2656
9.75732 15.3806
14.5577 14.8672
4.67083 17.319
7.37321 17.4552
9.35668 16.0981
1.75471 16.7563
4.97264 15.8793
3.76893 16.4856
8.19377 16.6449
22.978 16.2691
17.7139 15.6023
9.79948 16.6176
4.76867 14.5629
7.14347 16.9329
7.29854 16.8803
3.73263 16.4451
6.10249 15.9467
7.81588 16.3931
15.7432 15.6595
9.25153 16.5488
4.56408 17.0967
4.84865 17.1603
12.0142 16.7917
9.24397 16.7076
6.71865 16.4627
2.01593 16.534
5.78845 16.6476
5.8558 17.9439
9.0812 16.207
9.29852 16.0085
4.52547 15.8045
7.43341 15.7997
3.89175 15.7323
11.4637 16.1362
23.2079 15.5213
14.4508 15.8789
19.1938 16.7123
2.05708 16.1244
8.6767 16.2447
1.7339 16.8411
3.85931 16.8411
3.98954 16.4801
8.86537 16.4093
11.2124 16.0807
11.2215 16.5042
11.1405 16.6782
11.8875 16.6182
10.2285 16.4617
7.92389 15.6218
13.122 15.8407
14.7393 16.4388
4.45858 16.0903
5.94086 16.245
9.61243 15.7011
10.769 16.2587
7.15095 15.7814
21.6979 16.28
22.7787 16.3098
11.7563 16.5555
12.1405 15.711
1.2315 16.1555
7.72177 16.8395
4.11922 15.7393
14.1494 15.9106
5.69338 16.254
7.19666 16.8278
5.59678 16.3823
4.35564 16.7894
9.50118 16.9234
6.12458 16.4574
8.25432 16.7544
14.803 15.5434
4.71711 18.035
4.4391 16.5075
6.98361 16.3156
7.1917 15.7429
7.97252 16.5797
7.66086 16.2613
3.12949 16.3639
17.1736 15.7389
5.73264 16.7451
5.35574 16.0011
11.5561 15.9286
13.5569 15.4572
7.55441 16.1548
11.717 15.5883
2.61346 16.0432
6.97907 16.3228
11.9269 16.2761
7.52916 16.9231
3.80531 15.6395
7.02462 16.0363
5.578 15.9477
5.80077 16.2815
5.40542 16.0511
4.64971 16.1919
10.7959 16.3461
4.53734 16.6661
6.65389 16.3546
3.66277 16.6726
6.36058 16.6378
5.95063 15.9095
1.62638 16.9207
8.62811 15.7984
6.79413 15.7377
4.6178 15.9574
7.01913 15.7481
3.76525 16.7792
2.77623 16.1059
15.125 16.1791
10.4951 15.8845
6.28979 17.0001
7.25463 15.9216
12.5218 16.0325
3.97504 16.8152
3.94892 17.2608
9.12311 15.9897
10.1658 16.928
2.45144 16.4782
9.64074 15.8527
4.61922 16.2718
5.88571 16.2135
8.54653 16.35
5.75648 16.3143
8.30775 16.4858
9.04851 16.5197
6.64912 17.3735
6.41857 16.0262
6.64023 16.7473
5.18563 16.7234
4.8037 15.8603
3.03914 16.0108
5.37379 16.0582
3.49445 16.2649
7.14479 16.6246
18.9188 15.3977
18.9948 16.0914
3.41614 16.0617
22.4733 15.8382
30.1048 16.2857
4.19142 16.7313
13.2509 15.4698
14.2204 15.9168
12.0185 16.826
11.4439 16.6053
9.35765 17.0119
5.10314 16.5029
4.47914 16.1169
3.36372 16.4019
2.47589 16.0501
3.46906 16.4597
5.04105 16.1516
6.13305 16.1824
5.04409 16.3561
7.19081 16.3805
5.45515 15.7249
6.55205 16.3946
14.1815 16.0244
15.1394 16.1824
12.2639 16.8014
12.1635 16.6028
5.79767 16.02
6.31917 16.565
4.17391 16.7962
7.35874 16.1688
8.49298 17.1138
2.12401 16.8734
5.11156 16.341
12.1698 16.6806
9.81378 15.3572
11.6121 15.9923
2.62635 16.0446
6.61019 16.5337
4.97119 16.6398
6.27546 15.8533
9.07136 15.6479
5.99949 16.2329
9.55619 16.244
7.59198 16.3762
9.9727 15.3476
9.33397 16.6733
10.3786 16.1216
9.58855 15.982
2.89743 16.2768
11.9261 16.57
13.5625 15.5738
20.8456 15.4017
10.665 16.3677
13.4138 16.5135
13.3278 16.248
6.30343 16.1693
5.10384 16.5259
8.91782 16.2848
4.66746 16.5355
6.92556 15.0832
14.5828 15.7196
11.501 16.374
9.45044 16.2393
24.468 15.7987
12.4136 15.8575
17.7638 15.634
10.9414 16.5968
5.24596 16.2631
2.80453 16.5875
3.88987 16.2742
4.25079 16.6768
4.56711 16.8825
3.43585 15.9267
2.41537 16.1708
11.0722 16.5111
7.81523 15.8169
7.20809 16.0272
6.07037 16.3529
11.6989 15.5736
8.19891 16.4005
4.57797 16.7261
7.65215 16.3868
14.0698 16.5923
7.30038 16.2039
13.2892 15.6172
5.28623 16.8337
6.93737 16.767
4.40609 16.8366
7.90069 16.3356
8.55548 16.2812
9.81066 15.5345
6.77343 16.0541
11.1994 15.4911
9.3044 15.627
7.52753 15.1282
4.65377 16.3074
7.22961 16.128
4.00446 16.4032
7.67677 15.4948
4.78878 16.6156
2.91528 15.9467
10.2825 15.9832
6.2093 16.03
15.8351 17.127
6.51054 15.905
11.7084 16.2235
12.8055 15.8968
12.9252 15.9082
7.68088 16.0855
14.1314 16.1268
7.37571 16.1295
3.87147 16.6418
7.80189 16.4173
5.06851 16.5888
12.7918 15.0946
22.9681 16.677
7.31915 16.0398
6.88339 16.3028
13.1128 16.5531
5.57676 16.1681
6.86273 16.0939
15.7342 15.7132
16.5284 15.0503
10.6237 16.3955
5.22797 16.1831
8.675 16.5947
8.93377 17.2084
4.34244 16.6553
1.35727 15.7719
12.1143 15.5822
8.57845 16.5416
12.9469 16.361
9.79548 16.8492
5.75489 16.4505
2.88626 16.1323
15.8066 16.1907
5.39244 15.8883
7.12783 16.2563
5.57393 16.4048
2.23713 16.5536
5.83983 16.2752
4.71092 17.0953
3.06665 16.6408
4.02275 16.2152
8.91396 16.6655
8.60093 16.1099
2.0766 16.6698
7.83775 16.6698
18.6087 16.03
10.0246 16.5535
7.80924 16.2544
4.92189 15.6477
7.52768 16.3772
5.41024 16.4393
4.55742 16.6099
10.5512 16.3744
2.59561 16.2826
10.742 16.2182
12.9164 17.3085
10.2789 15.8891
5.03708 16.4202
6.65053 16.654
9.60823 16.9101
9.47202 16.02
8.79158 15.6196
6.02875 16.144
3.11241 15.5354
10.7381 15.8655
7.23749 17.0004
9.13377 15.9016
2.00692 15.8805
5.00901 15.5647
9.0482 16.2556
7.83961 16.0791
1.85892 16.4795
8.84281 15.4297
6.78814 16.4636
9.96162 16.7604
6.46148 15.953
10.4401 16.0267
7.92789 16.1824
6.62897 16.5766
7.79309 16.3474
6.56988 16.9206
8.92576 15.5677
4.21095 15.9734
12.8239 16.2029
13.6897 16.3805
8.52331 16.5965
7.22689 15.0642
13.9466 16.9607
5.91384 15.5705
7.72787 16.1923
2.34433 15.7762
8.02607 16.8265
10.403 15.5398
3.64609 16.4618
8.36335 16.0002
8.84601 16.141
10.9626 16.2688
10.7094 16.2674
6.35265 16.2487
7.88229 16.3794
4.44083 16.0283
8.14696 16.2723
5.95568 16.0521
3.7153 16.0064
3.24666 16.7393
7.07804 17.1126
6.63398 16.5756
1.15459 16.415
5.70899 16.1697
10.9282 16.5883
5.82396 16.5401
7.93305 16.2396
5.64537 16.519
9.88893 16.6843
6.78873 16.7587
4.36135 16.065
2.33095 15.781
13.8767 16.534
4.96946 16.3913
14.1714 15.4449
13.792 15.3025
9.07796 16.0959
9.91348 17.2434
4.02469 16.1383
19.2162 16.6455
6.09321 16.6648
5.88438 16.3426
5.29397 15.7488
4.84989 16.5545
5.41132 15.9737
4.95886 16.5661
4.95886 16.7159
8.83882 17.2913
7.43564 16.4108
7.01894 15.5011
7.00821 15.7719
13.5012 16.4357
7.96132 16.7265
6.65539 16.5247
5.40375 16.5985
5.75636 16.4574
3.4244 16.9687
1.8981 16.6362
1.831 17.3353
1.3981 16.4241
1.41647 15.963
1.43705 16.8479
1.50036 16.8323
1.55541 16.7753
1.34054 15.9013
2.15882 16.2596
4.68536 16.2203
5.92286 16.3159
2.67174 16.5356
4.06186 16.4363
15.3812 15.0869
3.79567 16.4681
3.31521 16.0759
4.54398 16.6338
13.15 16.6328
6.64359 16.7811
10.705 16.0468
20.0257 16.0543
9.80033 16.9556
5.33565 15.6995
4.30903 16.6131
10.1287 16.3173
15.1461 16.008
5.98295 16.6086
4.23089 16.493
5.90972 15.569
6.85839 16.4758
12.2362 16.4849
24.3575 16.6214
6.24162 16.5063
5.00941 16.6279
10.1213 15.016
10.2462 16.9529
9.41555 16.6267
8.49923 15.7598
6.03271 17.207
7.2433 16.3497
2.87099 17.2937
6.22033 16.7071
4.54742 16.2105
13.6251 16.5535
7.95191 15.9635
8.07282 16.8919
8.6309 15.9321
4.85039 15.878
7.34566 17.0598
4.88295 16.5277
4.4767 15.6895
9.23959 15.9117
3.11568 17.4768
4.77433 15.6966
6.41421 16.6903
7.87133 16.9348
7.12026 16.5033
18.9658 15.789
9.19887 15.2744
2.7876 15.9958
3.14693 16.2897
12.5768 16.5132
7.56427 15.988
7.29078 15.4673
8.28571 16.3242
19.564 15.936
8.07654 15.9228
13.086 16.243
6.99371 16.8424
8.20051 16.6961
9.28055 16.5227
9.05416 15.7049
16.5849 15.8601
5.24285 16.4289
5.79123 16.6234
17.559 15.8899
17.3752 15.6051
20.3436 14.4544
16.7511 15.645
10.5535 15.8819
2.59416 16.8914
11.0314 15.7845
4.62679 16.2182
7.87148 16.3081
10.7123 15.355
15.5267 16.0181
5.46348 15.7069
5.31109 16.7849
6.9028 16.3954
8.02574 16.5583
6.1634 16.5474
6.41447 16.9279
7.18305 16.4183
11.7625 16.7522
10.2921 15.4719
12.8779 16.7156
12.6128 16.1528
3.81567 16.1827
4.83836 16.7478
6.95892 16.0682
10.3287 14.9464
1.9057 15.743
4.17276 16.9015
13.854 15.7868
11.1727 16.1447
7.40754 16.5317
17.4604 15.6121
13.2265 16.1007
17.2683 16.0787
11.1632 15.7912
11.508 15.8895
7.38339 16.0937
4.40302 16.4982
7.60975 15.703
7.18684 16.6499
15.5821 15.987
10.946 15.7602
4.94435 16.1436
3.30049 16.2002
2.38639 17.0536
5.23777 17.025
4.49328 16.2892
8.70066 16.7102
11.3293 14.7878
6.37757 15.917
2.73074 15.9548
3.50868 16.3853
12.3579 16.1797
9.64255 16.7765
14.5388 15.7256
18.2143 16.0098
17.7948 15.8709
14.6265 15.5514
4.1678 16.3494
12.6565 16.0836
6.42329 16.2867
2.88444 15.7547
8.86919 16.3527
14.1277 14.8182
4.81459 17.1058
7.20194 16.5596
7.01513 15.9827
8.40677 16.2606
7.19101 17.0391
10.5128 15.9259
5.94137 16.7133
5.97697 16.4306
6.37985 16.5574
22.4676 16.4595
8.27561 16.204
12.1022 16.5208
3.97227 16.1259
5.35593 17.2101
7.67023 15.6426
9.89703 16.2398
9.95015 16.6722
3.06936 16.6159
10.4037 16.1604
1.55026 16.8643
10.1136 15.7666
9.26395 16.4072
10.1568 15.7254
6.40291 16.2577
2.81006 16.5476
5.93493 17.273
3.39976 15.838
3.26589 16.1185
3.33082 15.556
4.98866 16.5028
8.64971 17.5291
14.3022 16.2965
7.42981 15.5076
7.29592 15.8272
4.01745 16.6986
3.49292 16.5109
9.96237 15.8203
16.3467 15.1212
10.8501 15.2907
10.8906 15.6592
14.1342 15.5802
4.00864 15.931
5.07874 16.4994
6.78328 17.3169
5.91174 15.9118
10.3523 16.2387
5.19845 16.2528
3.32683 16.2651
3.75223 16.3156
3.23446 17.0654
6.68696 16.9465
10.8965 16.4094
14.6596 16.1996
3.29976 16.0895
4.69692 16.1333
2.28756 16.6307
5.28784 16.2272
9.66655 16.1823
7.71524 16.1585
14.5285 14.957
8.93383 16.0993
14.9384 15.8508
7.47366 15.7667
4.52582 16.3992
13.2023 16.5396
1.56897 16.8272
5.78933 16.735
8.15611 16.3808
10.1588 16.2159
4.91813 16.5964
4.89406 16.7332
9.05423 16.2922
3.9755 16.8655
3.2347 16.7496
7.78195 16.5261
4.65758 16.4918
8.72917 15.5483
6.91198 16.6089
3.71944 15.769
5.98438 16.3229
12.6753 15.8188
2.70017 16.6968
2.6583 16.9357
6.3803 16.8486
13.508 16.7442
8.15819 16.375
4.67355 16.779
10.4407 16.5189
9.52733 16.2174
9.52429 16.0787
9.61943 15.935
9.30022 15.4524
5.73209 16.4599
3.66953 16.675
3.491 15.2662
6.85228 15.1265
7.97561 16.0976
7.70437 16.8178
7.15348 16.7102
5.76673 16.0382
12.4208 17.2228
14.649 16.095
28.1353 16.1223
13.9959 14.8902
6.32995 15.5578
9.33204 15.9719
14.7237 15.7971
25.0026 15.1326
9.31182 14.9769
10.1837 15.1493
7.41277 16.9757
7.51934 16.3084
12.4566 16.6607
5.40809 16.7756
6.07222 15.9719
7.59879 16.0656
2.94676 16.3387
16.4822 16.0179
2.7288 16.2585
8.03894 16.0807
13.6376 15.8578
18.4607 16.35
10.0382 15.8735
9.28812 16.1483
14.5812 16.5154
4.55797 16.6565
3.38317 16.8587
4.42273 17.0752
18.6115 15.5716
4.27453 15.6531
10.1662 16.4281
7.25437 16.2282
18.7024 16.4425
7.93922 16.4154
7.09547 16.0595
15.7933 15.8915
7.72526 16.1659
12.5268 15.6474
6.34098 16.0623
7.68938 16.3938
5.54055 15.409
3.82967 16.9228
11.3997 15.8406
8.6461 15.7023
5.61605 16.7308
1.34882 16.8305
9.49675 16.1095
3.96046 16.7753
4.70458 16.8839
10.457 16.9809
7.85903 16.0299
16.101 16.4219
13.0157 16.0629
6.23935 16.225
10.8674 17.4941
14.0748 16.2417
12.3633 16.4857
11.6259 15.7854
11.0955 16.3461
7.36833 16.2349
10.5238 15.649
7.03995 16.4391
7.66798 16.5195
7.80987 16.2843
9.28589 17.0147
5.50327 17.1228
12.7048 17.0307
4.42798 16.4634
4.29599 16.5949
8.72176 16.4963
6.76752 16.8113
4.4173 16.2341
10.8987 16.1612
2.23378 16.4856
7.64123 15.5203
7.7974 16.0015
4.3556 14.8816
9.95057 15.2581
6.62439 15.78
5.00656 16.884
10.5189 16.1476
10.7649 16.078
2.68843 16.9109
1.84871 18.3535
1.51257 16.6582
7.51492 16.6416
11.8827 15.488
10.6946 15.732
10.9601 16.1687
4.54808 16.8112
10.3375 16.2412
5.1531 16.3277
8.64509 16.3899
9.32806 16.2996
12.0127 16.1225
1.43126 17.0522
9.67518 16.3889
10.317 16.2592
5.88284 16.8302
3.49423 16.5111
11.2593 16.4402
7.69138 16.0116
12.5065 16.2865
11.8921 15.3522
14.7659 16.6703
4.43623 16.5531
4.03005 16.5041
7.47871 16.3509
2.32077 17.0952
8.52994 15.839
7.43487 16.0909
3.6871 16.2864
4.75401 16.5194
4.98179 16.4351
8.33788 15.5978
10.3478 15.9521
15.7313 16.7033
2.91749 16.7622
19.3539 16.4454
7.56929 16.1146
8.11889 16.0354
5.06459 16.8067
6.99211 16.4403
4.68221 15.9072
7.52253 16.535
3.61493 16.4185
5.56705 16.1667
3.23048 16.8254
7.32635 16.5625
12.8261 15.8619
15.9507 16.1677
14.761 16.4284
8.6622 15.6286
2.86223 15.8001
8.60731 15.9848
1.63077 17.0701
6.04754 16.4525
4.82256 16.874
8.11304 16.3273
3.50584 16.4296
7.41985 16.5548
2.76915 16.2412
17.3158 16.3408
6.64518 15.7497
3.18221 17.3876
5.31926 17.5398
6.05847 16.4532
14.2583 17.0597
16.648 16.6976
10.1105 15.9597
12.8389 15.2209
13.6677 15.9938
7.18121 15.6381
12.2718 16.8988
10.9291 16.3947
6.47667 15.5456
7.82796 16.9575
9.80445 16.6579
11.4889 15.7703
12.3958 16.1963
18.4073 16.7975
8.79294 15.7505
7.42157 16.4759
10.6935 16.5448
13.5051 15.3374
15.7661 15.6635
12.3614 16.7347
6.88207 16.8833
4.57281 16.8662
7.69424 16.8902
9.42479 16.0842
3.18782 17.5523
9.60851 16.0819
16.1438 16.0695
18.529 16.1849
15.0379 16.2758
31.8664 15.3874
17.0603 15.7753
5.32239 16.0169
3.52265 16.6325
3.96551 15.5954
7.1671 15.6881
18.1082 16.3032
11.2709 16.3954
5.51307 16.5699
2.29986 16.3328
9.81683 16.8663
8.52823 15.6345
9.00911 17.0579
6.90257 16.1876
7.13036 16.6104
4.34133 16.4898
9.38543 15.3705
10.0443 15.671
16.978 15.4734
19.9715 16.0013
6.26465 15.4377
4.34789 16.4718
14.0857 15.8774
10.6715 16.0116
5.82958 15.9507
4.30246 16.9792
9.27426 15.2838
4.30935 16.7402
7.18148 16.1189
10.1258 16.476
26.2357 15.7174
13.9178 16.8938
12.177 16.5496
15.0325 16.5811
6.18878 16.5967
9.23531 16.0121
6.20213 15.8898
6.38994 16.5224
6.4909 16.1053
10.6717 16.2471
4.80806 16.4096
7.40449 16.487
4.84894 16.5017
5.56949 16.5285
4.50391 16.5345
5.4327 16.5415
4.45409 16.5488
5.03809 15.9517
6.64169 16.0604
10.5394 15.9108
6.18832 16.0836
15.2113 15.8626
9.57728 16.453
14.1472 16.2301
7.76641 15.8186
8.00753 17.2531
15.4455 15.9594
15.4716 15.4254
8.75376 15.5594
20.7058 15.4722
14.682 15.7711
11.6444 16.2141
7.89955 16.4233
2.60731 16.2958
9.95286 17.0639
17.6745 15.3668
10.3399 16.7417
14.5772 16.5044
5.29982 16.21
4.42804 16.1778
4.97234 16.025
2.41934 16.6334
8.35636 17.0798
5.0768 16.4744
7.6413 17.1619
7.79527 16.2881
7.52446 16.6954
7.73696 16.258
2.16425 16.5498
5.39806 15.7488
10.8921 16.3657
8.06621 16.6734
10.8347 15.8007
16.4333 16.2649
4.86257 16.9243
2.73368 17.0643
10.068 16.6087
9.88492 16.646
8.2602 16.8446
1.08993 16.6214
4.1038 15.2977
5.82822 17.2769
9.53759 15.6092
9.38104 17.2801
8.27445 16.8745
4.08624 16.6509
3.17319 15.7677
6.02639 16.8465
4.50425 15.5905
3.75238 16.5347
0.871827 16.6394
3.89056 16.2366
3.17839 16.338
7.05438 16.7972
7.6623 16.8347
7.05827 16.6783
18.4466 16.241
6.20233 17.3391
19.143 15.6996
14.1288 15.8368
13.2078 16.2492
12.3309 15.4526
8.3828 17.5447
7.85029 15.9922
15.9649 15.5515
17.7197 15.8509
2.55186 15.9191
6.51116 16.5945
25.695 15.7452
23.2068 16.2607
2.29798 16.6967
11.9274 16.1352
4.00348 16.5402
8.27687 15.9076
5.26725 16.4235
5.25287 16.0069
4.46361 16.1452
12.6018 16.3742
17.3342 16.4764
8.96128 16.2985
11.7986 16.0223
2.31706 16.1949
4.03968 16.0963
3.13842 16.1688
8.59697 16.5744
6.04684 16.0358
3.77241 15.9065
9.84612 16.344
8.40625 16.5301
2.93198 16.0752
6.54698 16.2264
4.04511 16.2009
3.67409 16.0457
2.11079 17.2693
8.1421 15.9915
8.93871 17.5104
10.1909 15.717
4.62396 17.0819
4.6999 16.7574
5.25279 17.0729
6.778 15.392
5.76985 16.9624
12.2045 16.2792
14.5159 15.1196
7.93539 15.3692
8.3125 16.9076
9.33414 16.9645
7.8131 16.33
4.71515 16.8057
10.0522 16.2475
9.95591 16.2242
11.9023 16.2764
10.5988 15.7449
5.30242 16.7033
4.00267 17.0917
4.03919 15.7393
4.83429 16.9247
2.45344 16.743
2.90005 16.0114
11.8174 15.5563
10.7415 16.2886
12.491 16.4252
8.31811 16.5386
6.11428 16.0971
7.0111 16.0774
12.6224 15.1805
4.94219 17.4548
8.30654 15.8745
3.68951 15.603
5.81845 17.4775
18.6932 14.8033
13.0677 16.3326
15.3547 16.6806
7.74409 15.7497
7.4884 16.5654
6.04449 16.0253
12.75 16.3542
14.8461 16.3559
15.2585 16.412
16.2679 16.5567
13.2311 15.3311
8.08924 15.4723
15.6926 15.6716
11.5123 15.7212
11.9097 15.4651
7.28752 17.2605
4.87407 16.2963
4.3144 16.7384
7.96262 16.1376
18.6379 16.4466
7.97449 16.428
11.4954 16.5846
9.32454 17.21
4.78497 16.9925
6.37249 16.7114
6.83373 16.4442
1.50947 16.0502
7.92391 15.5698
5.21636 16.0142
3.64846 16.516
4.40759 16.6487
6.1793 16.4461
5.44351 16.6778
4.82591 15.6597
11.4393 16.0252
11.6632 15.4953
10.4928 16.1985
6.10765 15.9387
15.2625 15.9936
13.183 16.1013
6.92016 16.0639
6.75819 16.3656
3.64788 16.2397
2.43337 16.5279
5.67807 16.6988
4.28924 17.1585
8.14434 15.2945
6.03432 16.3696
13.2055 16.3292
7.67705 15.9304
15.0189 15.6049
5.11329 15.8473
23.9884 16.4822
11.5325 15.9356
0.950971 17.1896
9.73534 16.2487
4.87354 16.0506
4.50405 16.4941
6.44253 15.7313
2.86705 16.6172
9.34417 15.8792
10.3813 15.9156
9.24027 16.502
7.90272 16.3286
3.04258 16.6101
8.32799 17.0764
3.51272 16.5139
5.89155 16.5241
6.22842 17.0056
6.70983 16.1812
15.2864 15.575
8.93142 16.1018
10.0729 16.8728
7.37252 16.4126
5.93673 16.7307
4.91594 16.3777
10.1798 17.4497
5.96667 16.0152
7.08446 17.3851
7.66676 15.9998
8.04994 15.9496
9.44368 16.1215
10.9365 15.9558
4.52137 16.1832
14.3244 16.9133
16.0193 15.3561
6.39239 16.4497
4.42359 16.6752
3.34943 17.0456
10.0968 15.066
5.08029 16.437
8.55943 15.8417
10.5726 16.7689
1.24951 16.1719
9.31832 15.8283
4.10558 16.4565
6.83138 15.5493
10.7732 15.3901
7.61674 16.4529
11.1898 15.6232
10.5016 16.1395
6.12765 16.1128
8.78603 15.9383
13.5524 16.0965
10.3979 15.8525
7.21079 17.0898
1.67064 17.0427
6.66145 16.6046
4.98076 16.7412
1.91224 17.6981
6.77646 16.3064
3.96737 16.2913
6.78931 16.4636
8.40388 15.774
9.33696 16.1095
15.6822 16.2045
9.05095 16.5972
5.88624 16.5262
1.37071 16.0612
12.0179 15.9966
11.7168 16.4347
13.5011 15.6312
15.718 16.476
16.2226 15.869
4.36754 16.198
3.31233 15.4124
14.7432 15.2198
11.8061 16.349
5.14206 16.6126
6.39935 15.9819
6.05448 15.4987
5.03028 17.1204
10.695 16.5366
6.75731 15.7842
2.0165 16.3066
4.98753 16.4435
9.70291 15.8936
11.5002 15.6367
3.65938 15.5864
6.07137 16.3079
4.07409 16.1255
7.67202 16.295
10.6477 16.4707
11.4336 15.224
3.68338 16.1783
6.30491 16.2955
12.3226 16.5317
13.1332 17.5427
5.73035 16.1681
5.34484 16.7661
5.71332 16.6894
3.17543 16.4493
3.21284 16.2805
3.07255 16.6194
3.07606 15.8231
5.70913 16.096
7.18794 14.3734
4.16211 16.6376
7.14565 16.9066
12.6283 16.0437
6.70665 17.0288
9.54654 16.5662
0.973573 16.0168
11.4083 16.2726
26.7651 15.2204
7.72156 16.4096
6.10993 15.2642
3.75925 16.6652
6.08306 16.5358
11.7564 15.8266
5.36126 16.9363
23.9471 15.3783
2.72806 15.3983
6.91128 15.5732
10.8666 15.7681
1.67817 15.9288
3.19875 16.7244
5.7986 16.1504
6.25419 16.6359
5.846 16.3495
4.7286 16.4266
5.54258 16.4439
5.60129 16.7791
5.28053 15.8781
6.62796 16.2572
13.6535 16.2906
5.3232 15.8649
7.58431 16.0982
8.85581 16.3852
10.1539 16.3669
10.4307 16.3396
10.4355 15.9641
9.88191 16.3466
4.49525 16.1216
6.61873 15.646
6.84996 16.4024
6.88035 15.8438
4.97179 16.1579
14.9528 16.264
11.143 16.293
2.88396 16.0999
6.27218 16.7503
6.4798 16.5277
10.5993 16.1345
2.49935 15.951
4.36001 15.7155
2.8742 15.8388
11.6976 15.6645
16.9036 16.0169
10.9407 15.8187
10.7262 15.5013
16.8991 16.3667
16.4454 16.6343
5.90723 16.4166
11.2396 16.981
9.92685 16.0442
12.0746 16.6718
2.61021 17.2484
13.6669 16.358
7.27614 15.9238
7.76897 15.9813
7.63177 15.9597
11.8652 16.2021
10.0865 17.2131
7.44296 16.4383
7.88301 16.5318
4.00807 15.8761
7.55757 16.3609
4.84681 16.6861
18.5913 16.3434
7.56375 17.3134
9.23065 16.1141
12.5894 16.1318
27.7338 15.8196
20.8665 15.7751
10.7652 15.3118
19.9001 16.4714
12.5556 15.4469
6.92636 16.7555
4.19612 16.5626
4.73937 16.4013
1.70866 16.1052
3.33285 16.2395
3.22501 16.1184
3.11674 16.1098
5.61349 16.69
4.33329 16.4452
11.6268 15.8199
4.74325 15.8628
1.96526 16.4218
0.914472 16.638
3.69356 16.2778
0.989615 15.8851
3.45403 16.5519
4.79858 15.8752
24.2085 16.5867
20.2738 16.3538
8.92672 16.4585
15.5334 16.293
5.10957 16.4388
1.23425 16.1141
10.8966 16.0867
7.99396 16.4949
4.04189 16.698
7.087 16.3633
9.26035 15.2335
10.2956 17.1203
7.42901 16.4678
9.94341 16.3893
9.17168 16.2299
6.7366 16.6987
5.22201 16.7916
3.28608 15.6941
7.92712 15.4831
7.44065 16.0667
8.72002 15.9587
13.5425 17.4477
8.49156 16.52
3.20332 18.0778
15.9465 15.7004
7.26065 16.0298
4.4625 16.4764
6.3669 16.1968
16.1197 15.7088
5.15552 16.7223
8.7492 16.1063
9.2116 15.723
19.1166 16.2101
4.5296 16.017
3.75079 17.2347
7.37678 16.4711
5.35022 16.4835
6.64291 16.3851
7.9459 16.1864
6.33442 16.6669
3.25678 16.5043
2.49697 16.3719
4.87288 16.296
7.44593 17.2434
12.1245 16.753
6.33056 15.8592
5.99387 15.7424
14.4665 16.6576
5.11503 15.355
3.81389 16.3999
3.12136 16.3739
10.8594 16.4941
4.34607 15.7543
7.05931 16.2953
7.79667 15.9977
1.98701 16.035
3.56325 16.3218
6.18399 17.3267
3.52044 15.3447
5.737 15.7642
6.64801 17.0131
5.76737 15.842
7.11745 15.4793
4.9238 16.1891
3.79275 16.027
13.0357 16.0722
5.73716 16.4832
3.71367 16.7198
7.93084 15.5293
9.73304 15.6789
9.95508 15.3313
6.98554 15.9204
16.0105 16.4842
4.72238 15.2365
2.34427 15.9654
9.66608 16.0642
7.50874 16.5874
4.12556 16.3139
8.95053 16.7235
7.57036 16.1574
7.43233 16.5743
8.08185 16.757
6.20882 16.9104
7.7436 15.9809
21.1794 16.6781
6.48119 16.462
5.50253 15.6964
7.83702 15.8709
4.46443 16.5141
8.89632 16.1886
5.20769 16.8682
1.13784 16.6275
6.35228 16.7466
7.45445 15.6311
22.4712 15.5947
13.2852 15.6419
11.4393 15.7708
11.2876 16.519
11.2946 16.3165
11.4051 16.4721
11.2289 16.3605
12.1398 16.0128
12.1599 16.7014
16.6209 16.2344
9.69954 16.3461
7.17215 16.8175
8.40458 16.1507
4.47355 16.1269
7.98267 15.8495
1.61646 16.6309
11.899 16.5889
8.80422 16.0726
5.19776 16.6721
6.05447 16.31
3.72214 16.9563
12.9685 16.4872
3.27409 16.9653
4.8776 16.3248
9.5345 15.996
9.37378 15.6789
11.2321 16.2216
10.3471 16.5514
10.5955 16.0105
3.72911 16.4835
7.12295 15.5152
9.62056 16.0214
10.2447 16.0512
1.00428 15.4577
5.48776 16.402
6.11891 16.099
7.05304 17.1796
4.91214 16.4117
4.57556 15.9595
5.25031 16.1984
8.33991 16.2737
3.39225 15.8829
5.40793 16.2186
6.0614 16.2348
4.14703 15.9892
5.05118 16.3153
3.05631 16.608
4.94504 16.403
6.69034 16.0314
12.523 16.3452
10.1719 16.4554
13.7421 16.5732
9.6522 15.9748
7.60892 16.2389
9.15845 16.9383
4.3578 16.3222
5.84734 16.5638
2.69652 17.1068
16.2103 15.9706
9.39826 15.5957
9.52657 15.2753
10.9494 16.6808
9.23593 16.5689
15.2222 16.4546
9.51432 16.0577
7.60458 16.1967
10.0659 17.0734
5.4417 16.1043
