57.6891 17.0197
48.2153 16.1399
49.1054 16.9364
53.69 16.1883
61.0027 15.7747
57.1406 15.8989
50.5934 16.2483
48.0833 16.5725
46.7489 16.4561
53.9211 16.6779
53.6474 15.9136
48.4547 16.3839
94.3631 15.3554
60.6687 15.2933
62.3401 16.9308
67.2036 16.6216
65.2382 16.0698
45.0397 16.4556
37.7651 16.8394
47.1993 16.8591
50.8073 16.8225
43.0186 16.2584
49.4024 16.5091
45.3926 17.171
51.6222 16.2728
53.5398 16.9119
58.8048 16.1327
71.7588 16.5009
49.0741 17.148
45.6785 16.8809
58.5855 16.5401
46.0645 16.827
44.266 16.0432
75.2261 16.4448
63.3428 15.9665
56.7621 16.204
67.5968 16.258
57.0572 16.3009
56.1322 16.203
64.9802 16.0816
62.127 15.4619
64.5557 15.0806
62.3302 16.5775
55.8085 16.2621
44.2695 17.4374
44.7793 17.2967
56.2362 16.1438
80.52 17.1144
56.438 17.8143
59.759 15.8353
53.3016 15.7613
65.0712 15.8815
56.3185 16.8147
64.9348 16.1832
52.3518 15.7511
53.4171 16.2907
54.4857 16.8588
37.4331 16.7747
56.0296 16.7746
49.0718 15.7502
47.4783 16.2306
43.6792 16.3122
46.5034 16.9973
50.3816 16.1147
49.025 16.4228
51.6537 16.3017
64.7879 16.191
67.4297 15.5939
57.395 15.6131
49.3377 15.4206
68.2231 15.4076
63.0958 15.7566
51.6019 15.9309
62.6393 16.7797
59.4266 16.9583
60.2278 16.3022
71.1851 15.8824
69.4485 16.2885
55.4135 16.3938
59.4686 15.9967
57.9836 15.762
54.0624 15.8877
72.5704 17.1331
68.209 16.5182
61.9199 16.2455
59.5508 15.6727
71.4266 15.9663
65.4335 16.515
63.1827 16.7746
62.0694 15.7963
73.7653 15.5198
79.7797 15.3436
49.2991 16.8101
50.178 16.339
47.3046 16.7802
58.2324 16.0302
70.6658 15.7594
66.1004 15.5823
53.2787 15.3603
64.5026 15.5983
26.5263 18.0407
45.5675 16.3005
70.9656 15.8504
57.3428 16.4907
60.0879 15.2186
64.2446 16.6983
51.942 16.2579
61.9844 15.7876
61.7584 17.1162
54.0097 16.3034
60.4529 16.4967
43.8578 16.5095
67.5389 16.3169
46.8521 17.1367
46.0341 16.1363
55.0977 15.619
62.4576 15.468
64.2184 15.6586
56.6986 15.6781
74.2868 15.5429
76.3641 15.2767
60.6855 16.3437
65.2967 16.4997
60.5943 15.2362
82.3955 16.0736
41.5062 16.7774
44.5612 16.4575
74.8451 15.7109
58.737 15.449
61.6859 15.8558
49.7036 16.9546
60.8307 16.3112
52.941 16.452
58.7495 16.8103
58.7252 16.6812
40.1991 16.7552
51.9513 16.4871
51.4802 16.4674
53.8723 16.1532
48.1103 16.6996
43.2892 14.8707
48.7799 16.58
47.8044 16.4673
49.7984 16.5396
38.5044 16.6774
72.5884 15.7205
47.7325 15.4619
53.4049 15.6456
64.5422 16.5751
65.8744 16.7211
59.0524 16.1515
63.806 16.1422
68.1466 15.7009
69.0946 15.8933
63.1113 16.2559
56.4036 15.88
77.7232 16.5881
112.349 16.0947
75.294 15.2947
82.8737 14.9668
72.2183 14.7066
60.3893 15.6937
64.2158 15.6849
52.0924 16.1115
68.5045 16.0547
70.7784 15.8204
71.7436 15.8772
73.8009 15.885
80.1634 16.3819
72.0631 16.03
60.1549 16.5187
58.791 17.3929
61.3193 15.6302
49.7519 16.1299
55.6374 15.8052
70.4719 15.3405
78.9684 15.3904
74.9961 15.5928
54.5696 17.3281
74.8045 14.8898
62.042 16.2794
69.8981 16.3546
71.7267 15.6478
77.8921 15.986
70.9274 16.0407
70.1007 15.8093
71.8528 16.095
42.4737 15.954
29.0438 16.2816
64.8509 16.3964
46.6856 16.3712
60.5807 16.0269
80.8431 16.9646
93.0144 15.0847
60.6978 15.9022
56.2334 16.3719
55.3528 15.9154
59.4256 15.9872
57.2432 16.7364
67.0745 16.3407
50.7966 16.0009
64.5603 16.2283
68.2163 15.6024
70.3087 15.6097
80.964 15.527
75.4506 16.0526
73.5012 15.9535
69.2769 16.1715
60.6009 16.8774
59.8196 16.584
69.1349 16.2134
46.8999 16.3244
54.271 15.6088
74.5548 15.454
54.7441 16.4988
69.0724 16.8713
68.7449 15.9564
56.5449 16.6669
45.8603 15.9951
74.415 15.2407
50.6115 16.4751
47.3927 17.197
36.2144 16.3274
46.1577 16.3005
54.4636 17.3799
57.3417 16.4416
70.1318 16.2422
56.7585 16.3012
42.5169 16.6029
58.3114 16.7645
33.6407 16.937
62.0849 16.9469
69.6889 15.3884
73.4011 15.1957
85.0505 15.9797
61.5288 16.1017
69.7032 15.1423
83.5007 15.972
72.1993 16.4273
69.8009 15.6504
61.9046 16.8699
58.1205 16.3557
57.6223 17.0199
59.6611 16.0407
62.2149 16.4077
56.4803 15.9288
68.9617 16.23
55.9264 16.6858
61.2595 15.6666
55.8561 15.6099
60.0089 15.9112
46.0877 16.6262
45.1166 16.4533
66.2491 16.1255
60.6552 16.7139
50.0298 17.2686
54.0566 15.9802
42.637 16.0342
41.1777 16.7487
51.3107 16.674
56.6862 16.4282
64.3114 16.633
70.5433 16.0091
62.4234 15.5692
73.9444 16.4578
70.336 15.5387
54.1573 16.1864
52.6199 16.131
67.6308 16.1167
59.5467 16.1525
50.5295 16.3535
62.3407 16.2164
66.0897 16.6689
57.8257 16.575
81.554 15.4821
69.9284 15.4455
44.8571 16.2809
64.2799 15.6338
74.5203 16.2785
55.2543 17.4396
52.786 15.6825
49.1345 16.406
46.2347 16.8735
46.2347 16.912
38.7621 17.1741
45.1942 16.4864
48.4087 15.4465
60.7443 17.0912
63.555 16.315
48.752 16.5862
52.0265 16.5185
70.2677 16.5791
65.2594 16.6138
61.692 16.4914
64.7798 15.6148
61.9331 15.778
48.9658 16.4593
50.093 16.0919
50.3701 16.0835
59.5839 15.4175
73.2844 15.7294
66.4997 16.2331
57.5843 16.4929
61.4127 16.2399
55.995 15.7947
62.7088 16.2765
53.3839 16.3429
60.1361 16.1242
41.4193 16.9295
48.8937 16.7107
76.1729 15.2852
57.9438 16.8108
64.6409 16.5398
64.677 16.2088
57.7569 15.7547
69.3569 15.691
69.698 15.9494
65.1044 15.4972
57.086 14.9317
69.527 15.0669
74.1268 15.7635
81.2101 15.588
58.8138 16.8547
59.708 15.0321
54.897 17.7156
58.1717 16.9461
62.3019 16.8276
78.1201 15.8941
69.1692 15.4456
93.5392 15.2364
74.4852 15.8863
76.932 16.0162
77.8719 15.2513
67.993 16.836
77.7394 16.0817
64.7947 16.4677
46.3057 16.2327
62.1694 16.4671
48.8443 16.0324
55.4631 16.6131
64.1089 15.8658
67.4761 16.5934
62.1226 15.6328
62.1357 15.4041
66.4957 15.8272
76.9462 16.1023
83.7087 15.6387
64.8693 15.7117
65.6952 15.6471
73.012 15.8306
73.1587 15.5565
69.2188 15.9825
30.9919 16.401
62.5938 16.2887
68.3979 15.2267
40.1734 16.6985
48.62 16.4061
58.3027 16.3523
58.5568 16.3376
57.8735 16.0203
56.8713 16.3896
60.2814 15.8162
67.3815 15.758
58.159 15.6422
58.3888 15.6637
57.0108 15.9358
50.9934 15.9872
49.3084 14.983
54.9798 17.1236
72.2529 15.8911
55.091 15.4562
65.239 15.9952
58.9833 15.6888
59.301 16.0189
52.7699 16.9425
50.9536 16.3835
54.4955 16.0173
50.9242 16.8525
55.1599 15.7501
64.855 16.0298
56.7238 16.0411
61.566 15.8186
60.9456 16.4449
61.9446 16.0144
57.2164 15.5369
58.2348 16.7071
60.5328 16.3067
53.7154 16.0265
53.4038 16.9974
56.4917 16.4309
56.147 15.6741
64.2295 15.9635
62.6905 16.2586
68.8168 16.8247
73.3656 15.9351
62.1183 16.1605
66.3485 15.6508
58.5887 17.19
71.5197 17.8452
56.7201 16.241
63.1747 16.2727
54.6278 16.2652
68.2335 16.2478
53.0824 16.2045
64.6694 16.1735
50.0721 16.2179
43.1559 16.536
31.3319 16.4153
47.633 16.0218
57.6787 16.8313
60.6368 16.853
61.5894 16.2396
69.7152 16.3206
62.7213 16.8132
55.5481 16.11
87.8262 16.0959
45.974 16.3038
65.7912 16.0533
58.0374 15.8629
60.4225 15.7203
52.402 16.4817
45.3209 16.3159
64.0743 14.7606
50.448 16.2382
51.2996 16.5639
68.0973 16.1729
75.958 15.8582
58.3989 15.7116
57.1065 16.5888
54.8076 16.7913
50.9611 16.7923
38.155 17.4103
60.242 16.2102
52.916 16.0874
75.3225 16.0055
69.2563 16.3669
74.8427 16.1255
56.0417 17.0344
64.4874 16.6737
56.2857 16.2292
52.6694 16.9029
53.521 17.129
54.8596 16.0557
60.7476 16.7105
45.8917 16.6364
39.1052 17.9187
30.6098 17.8023
54.3425 17.1931
63.0666 15.1954
52.2708 16.1632
91.1225 13.9336
69.7304 15.7065
60.9206 16.4561
66.5367 16.1987
53.088 16.3379
47.1798 16.2599
48.1155 17.3675
52.8997 16.3202
56.5343 16.7953
56.243 16.6404
68.1173 15.6093
66.9479 16.0466
69.7606 16.5006
62.5303 15.5917
68.9239 15.4371
75.5106 15.7415
50.4906 16.1452
59.8297 15.9784
41.3508 16.6552
60.6965 16.6702
80.2268 15.834
75.8248 16.2072
71.6077 16.281
68.4043 16.5635
78.6786 16.037
79.2319 16.889
87.0026 15.902
93.9599 15.7269
65.4485 15.6173
77.1042 16.0604
75.0982 15.7763
71.0364 15.9559
86.3859 15.8914
75.1963 15.175
68.061 15.6105
58.3896 15.755
62.3571 15.1847
66.2254 16.3499
63.9623 16.0619
82.0851 15.3546
67.6742 17.0209
56.2092 17.2246
73.1488 14.8402
65.5165 15.8679
70.2622 15.9738
65.867 15.7449
54.1918 16.392
61.5975 15.9199
66.4952 16.0999
47.4768 15.4965
43.0236 16.6206
65.5484 15.502
56.691 16.4407
64.9923 16.4991
62.8545 16.9777
37.5751 16.3133
37.3566 16.6565
45.2711 16.6229
69.069 14.8824
65.8299 14.972
96.2272 15.0368
112.487 15.0454
130.079 15.4567
87.6976 15.7237
96.9863 15.2071
71.1843 15.8465
63.621 15.8949
54.6072 15.8961
78.513 15.5826
65.5223 16.083
91.5859 15.7252
53.8256 16.2914
65.0159 16.1291
48.4195 16.6695
56.9395 16.6111
57.0484 16.3168
55.1995 15.6236
61.0315 15.0586
64.7066 15.9575
55.0751 16.4941
79.2562 15.9966
77.2102 15.5612
72.0987 16.1546
69.1507 16.1505
71.9364 16.4864
55.7416 17.0818
67.5184 15.068
60.1675 15.0227
63.2026 17.0861
65.3593 16.0573
73.4909 16.2688
73.6393 15.3724
76.9803 15.4809
71.5405 16.0246
55.2402 16.012
67.0999 15.3281
60.0875 16.8137
65.2883 16.9429
54.9381 16.3794
57.3316 16.5374
58.5394 16.0758
74.631 16.3228
59.5561 17.2096
45.1854 15.8223
30.9978 16.7411
34.4662 16.5307
46.7279 16.2945
46.7279 17.0071
54.707 17.0092
63.2429 16.3115
54.3334 16.4945
55.9206 17.6017
46.5747 15.8107
48.2337 15.8312
57.1379 16.7365
59.6141 16.4638
50.1325 18.0606
56.9211 16.3846
62.993 16.2155
47.0096 16.6406
53.6274 16.1589
58.5789 16.3361
62.9454 15.6807
82.9802 15.0616
78.2933 15.5861
76.0048 15.782
56.4744 16.5024
69.6687 15.5122
53.5715 16.115
53.3435 16.1581
58.4377 15.4672
50.4948 16.0117
48.7053 16.4171
51.7042 16.8501
50.4086 15.3392
48.8786 16.2603
45.0401 16.5559
56.1404 15.1088
54.6528 15.7083
42.0821 17.0484
41.5945 16.7953
45.899 17.6304
32.5809 16.4877
30.4843 17.2208
32.7288 15.7705
38.7021 15.9279
43.646 16.3308
47.8714 16.7642
34.3781 16.0853
49.0276 16.5368
46.1443 15.9358
26.4677 17.1856
44.8994 16.9758
47.3144 16.4228
38.8932 16.9549
62.4934 15.8223
76.8527 16.1326
56.0996 16.0715
69.7102 16.065
72.8842 17.2297
63.2155 15.7039
74.4209 17.0093
62.8246 17.3789
86.6657 14.8154
88.7413 14.7511
72.631 15.5612
85.3878 16.3095
59.6174 15.7453
52.1084 15.9511
61.0452 15.8639
62.2069 16.1949
54.7296 16.2197
59.2745 15.6776
50.9843 15.0957
71.5015 15.6632
70.2125 16.0996
60.3505 16.7484
60.1184 16.4301
76.5677 16.2973
53.8492 16.2194
63.2703 16.4749
56.6158 16.3151
45.2751 16.255
44.4357 16.7629
53.2443 16.4545
60.1154 16.7495
46.5779 16.2928
53.9901 17.343
69.5617 15.4679
75.5012 15.066
54.8248 15.7838
57.7434 16.4842
61.1746 16.3107
77.4229 15.6247
41.2865 16.9646
42.0475 16.9646
51.0922 15.8548
58.134 16.4498
52.2768 16.6857
56.8806 15.9449
65.4785 15.9807
48.1853 16.183
71.1421 16.0486
60.9388 16.1739
51.0383 16.7984
71.7463 16.2077
46.9104 16.8227
54.8405 16.5528
43.2093 16.8583
43.7355 17.43
82.6081 14.7698
71.485 16.4209
63.4426 16.6026
55.0251 16.011
69.873 16.6616
54.6508 15.9794
64.3279 16.8811
67.2238 15.9158
75.9057 15.6298
69.6543 16.8892
57.9056 15.6757
64.2227 15.4954
58.2628 15.5088
64.7124 15.2069
67.5673 15.8797
71.6525 15.672
53.3721 15.5045
50.7359 16.1923
45.5376 16.4054
45.9847 16.7359
53.4508 16.7382
61.4228 15.4184
82.0836 15.4094
70.62 15.5818
65.7984 15.955
64.1897 16.665
64.8685 16.3518
67.8697 15.9114
50.3221 16.6087
70.3126 16.2352
61.1658 15.4667
56.5745 16.5766
57.0373 15.9607
57.4759 16.2512
48.0513 16.9168
41.0377 16.6607
42.96 16.447
43.8488 17.111
57.7327 15.5397
58.8779 16.6341
60.4548 16.1098
56.9029 15.8746
50.1583 16.4508
60.9414 16.1106
56.3813 16.6842
57.9328 16.1837
50.8709 16.8145
51.7994 16.137
75.2398 15.7451
57.8436 15.7669
62.0538 16.0964
59.3396 16.6362
34.8643 17.4434
40.8681 15.5247
35.2051 16.3606
40.637 16.0649
62.0298 15.7703
60.5017 15.4512
65.2891 15.9111
65.8846 16.4303
66.4477 16.0846
76.8969 16.8987
63.8464 16.3767
84.1903 17.0638
50.6771 16.5298
85.0652 16.0147
74.0973 16.1087
77.321 16.1709
78.2223 16.1812
52.0948 15.8556
60.1691 16.2903
68.3278 16.2506
54.6017 15.1926
80.0919 15.6989
61.8957 16.0964
47.3273 16.5345
75.0216 15.6667
58.2426 16.0829
56.7531 16.7361
54.7766 17.286
49.8896 16.2797
49.8896 15.846
61.6219 15.5821
61.3522 15.9919
65.1981 15.9391
53.8316 15.8513
67.3379 15.4761
48.9327 16.6497
61.2742 17.1177
58.4198 16.0484
56.3483 16.6528
67.5964 15.6001
67.0453 15.9859
40.7131 16.6572
44.6924 17.7547
39.871 17.0973
45.5641 17.545
43.5658 16.8218
56.8234 15.7435
41.0408 18.0502
57.1971 17.1089
70.0605 15.887
75.7943 15.9141
52.633 15.413
52.633 15.8667
46.5287 16.2466
65.1925 16.8625
50.4048 16.2071
48.4346 16.0048
61.7409 16.3488
54.6835 16.3554
53.0976 16.2854
52.5059 16.0691
37.4146 15.9485
58.0055 16.8709
48.3339 16.728
49.4881 16.5115
59.3702 16.6393
64.0804 16.731
70.9949 17.6571
70.0318 16.8943
67.5127 16.2988
90.516 16.1854
75.9925 15.7291
75.8582 16.0265
52.576 16.6915
62.1971 16.6306
59.7153 15.9032
38.8135 16.6272
50.7504 16.3289
63.6086 15.6697
71.8875 15.1014
59.8101 14.7757
51.8747 15.9679
35.1208 16.8435
35.5754 17.3115
54.7393 15.0858
38.875 16.1248
52.092 16.9871
46.8872 16.9877
42.8319 17.1455
47.0494 17.0222
31.3343 17.6535
46.5258 16.9523
49.3525 17.3042
50.9485 17.2472
44.5405 15.9856
56.8033 16.735
72.837 16.092
55.1002 16.1657
67.3205 16.3857
58.8123 16.0999
51.0809 16.8517
46.2578 16.4092
52.6397 15.5059
51.4924 16.9313
53.0276 17.3694
37.0165 16.5781
75.9421 16.829
67.8055 16.3411
66.4368 15.6684
75.8556 16.0298
72.2622 15.1443
77.8616 16.0314
73.8528 15.8768
77.7048 15.4996
71.2644 15.558
62.0853 15.8907
58.5463 16.1456
47.719 16.3241
60.4958 15.5124
62.7421 15.1929
47.5395 15.2318
55.9456 17.4854
48.852 16.9573
55.5017 16.9036
64.7911 16.0989
51.3264 16.0868
37.5623 17.1943
37.5623 16.5109
49.8135 16.2792
65.2183 16.5324
75.7892 15.6152
77.1187 15.2816
61.7455 15.7074
58.5713 16.0832
49.928 17.0074
38.9547 16.9587
54.8344 16.1314
43.9458 16.0292
61.5572 15.2389
39.4683 17.1089
51.2061 15.9116
49.8984 16.6429
54.8561 15.4882
59.9723 16.1189
70.3059 16.4264
48.9769 17.857
48.3688 16.631
48.2559 16.3038
40.2255 17.6623
53.2561 16.9783
60.5436 16.1468
80.6091 16.5808
73.7038 15.9865
67.8078 15.4106
82.0976 15.3967
71.8252 15.3701
71.3119 15.556
55.1036 16.9987
60.8462 17.1629
64.6953 15.8854
48.0251 17.3363
62.6593 16.5932
52.7651 16.9494
52.3099 16.5037
50.9577 16.2734
62.6627 16.4126
64.9351 16.0292
63.8668 16.075
49.5364 16.7518
45.2377 17.5265
56.5095 16.4507
37.318 16.8866
40.2068 16.999
43.7186 16.9988
61.3403 16.4508
69.326 16.2577
71.9354 16.1554
54.5303 15.7433
45.72 16.2577
56.3299 15.789
71.8503 15.4133
61.9347 15.6583
70.8863 14.7123
68.0339 15.5182
64.0341 16.373
74.7032 15.4997
57.6844 15.5693
50.1741 16.324
49.3362 16.3936
50.7967 15.9715
67.3469 15.9479
62.6836 16.5667
53.6585 16.7734
50.216 17.7446
37.9694 18.4637
52.6183 17.1283
68.3785 15.8883
63.4423 16.1464
63.6329 15.6152
60.7622 16.5573
63.7707 16.4627
68.2975 16.0661
62.156 17.1257
72.6963 15.3338
51.3136 16.8004
54.2402 16.1032
52.6901 16.8725
51.477 16.2608
52.6835 16.3185
63.9653 16.1517
50.8448 16.1279
60.9933 15.7776
71.9013 15.6983
46.2434 16.4136
42.7542 16.053
27.2788 16.0479
26.9991 16.9518
49.54 16.5458
58.9197 15.7243
49.3956 15.7003
67.4702 15.8956
91.1022 16.0309
85.3075 15.5118
88.7282 15.9391
87.7602 15.9873
62.195 16.106
59.9001 15.505
42.9252 16.6248
51.5715 16.5434
49.146 16.785
64.3254 15.8145
62.6743 16.2833
71.6244 16.5504
73.9302 16.4401
50.5474 16.6241
62.2214 16.0757
50.7853 16.1569
46.4674 16.9906
45.774 17.2195
61.7301 16.6885
66.5782 15.9903
79.3206 15.9469
54.1055 16.2777
58.2349 16.4603
49.3139 16.3631
59.8545 16.0153
44.5125 16.8827
52.8765 16.7719
60.9292 17.3009
81.7578 15.8062
73.5582 15.579
36.4247 16.8776
50.5612 16.5505
58.5446 16.0626
59.2718 16.1759
61.5573 17.6515
42.8016 16.9804
41.7056 16.5295
60.4249 16.8234
54.5404 16.9021
46.5585 16.5588
52.5122 16.8946
57.1025 16.5848
86.3704 15.1094
63.5238 16.0288
53.1742 16.1228
48.1596 16.7902
57.231 17.114
46.2615 16.1126
54.0936 16.3319
51.8081 16.5867
44.4425 15.9754
59.1732 17.8649
59.1403 15.0997
52.1635 16.5524
56.6246 16.2296
54.9656 17.5036
54.8368 16.2499
45.5096 17.1344
62.2069 16.9357
52.4245 16.299
63.023 15.8181
81.9676 15.0587
69.2421 16.0129
79.3689 15.5249
74.1803 15.6863
52.0471 16.8105
47.5869 16.4079
48.6721 16.8645
62.6329 16.6125
70.838 16.2036
67.8483 16.0382
59.3563 15.6406
61.8332 15.0382
60.0411 16.323
52.2004 16.5452
30.2085 17.7481
69.5449 16.3681
73.6349 16.1969
61.5209 16.4037
39.931 16.4519
39.894 16.2562
42.6113 16.8118
35.7722 16.3452
31.7092 17.3582
42.107 16.0372
37.3283 15.9739
41.284 15.3316
63.573 15.9955
73.2369 15.5474
86.9048 15.6454
56.105 16.5355
58.8253 16.6499
52.2912 17.3878
64.9992 15.9621
49.1946 17.2455
52.6139 16.8013
54.8713 16.3109
61.4403 16.1977
55.4877 16.2047
53.2646 15.4688
46.1108 16.5132
58.4282 16.0254
57.089 16.8283
61.1624 15.8463
56.4521 15.1579
57.9162 16.5205
64.5317 17.0784
57.6252 16.9272
62.9658 16.0356
55.1695 15.7993
71.8133 17.1665
68.508 15.2593
62.3133 15.4872
62.7875 15.7678
48.6391 16.6583
57.0262 16.998
53.084 17.0329
61.0728 15.7841
64.1184 15.8638
56.6538 16.3494
47.6407 15.614
68.455 16.0807
63.6515 15.4872
49.1171 17.0922
52.768 16.7083
57.2966 16.8462
51.2562 16.276
64.7809 16.271
64.0536 15.3236
66.9372 16.0824
82.1163 15.9196
57.4748 16.1651
73.2916 16.1089
81.8186 15.6813
73.2858 15.5601
84.6415 15.6711
47.1454 16.9586
68.0732 16.1634
60.7753 15.1685
47.8623 16.2569
51.0462 16.2974
51.7149 16.4809
49.1386 16.1592
43.2012 16.6272
61.5201 15.9108
32.7625 16.3351
38.2542 16.3943
53.2049 16.3682
58.6534 15.8759
68.2351 16.3104
60.8401 16.2665
65.8453 15.4115
82.7601 15.9151
73.6437 16.2567
57.597 15.4864
59.5828 15.967
67.4257 16.3596
55.4638 16.6262
95.5377 15.8886
68.2024 15.5567
49.1108 16.561
59.0391 16.0912
56.7127 16.4064
60.6286 16.7827
69.0632 17.0641
63.3043 15.9717
67.4045 16.2573
45.9793 15.8421
66.742 16.6054
69.6716 15.4891
71.9389 15.6785
79.8329 16.0291
54.3498 17.4682
46.7391 17.5193
37.6581 16.612
59.9694 16.7852
60.7402 16.3231
55.5977 16.7569
58.8139 16.3676
77.1503 15.6324
65.5756 16.4288
62.4052 16.0911
62.1457 16.2994
62.9112 15.3626
57.1422 16.3267
63.5052 15.7144
58.1688 16.5058
56.2477 16.2901
62.658 16.506
60.8264 16.4562
72.7527 15.3374
55.9676 16.2721
50.7679 16.4017
52.1069 16.3158
44.8098 16.8119
82.8853 15.9432
47.9705 16.1564
66.2061 17.1392
72.7797 16.4779
69.1377 15.6256
63.687 16.3537
76.1345 15.9176
61.3917 15.809
69.5573 15.7538
64.2762 15.7404
74.0242 16.3346
54.7538 16.0213
45.7516 16.5859
52.5218 16.1522
64.6287 16.3456
53.1365 15.6959
54.9606 15.7587
65.665 15.7531
75.6659 16.1987
59.7139 16.3336
61.4486 17.0896
81.1083 15.6336
50.2501 15.2581
62.4443 15.6669
42.7928 14.9973
58.1515 16.5701
57.0739 16.2825
58.1232 16.3376
60.326 15.4715
77.4613 15.9775
81.24 15.3146
76.7743 16.6633
68.8646 15.5404
39.0884 16.9133
51.0715 17.5545
54.1964 17.0789
60.0795 15.9111
50.0735 15.8079
51.6575 16.3972
41.529 16.4421
56.7839 16.9482
46.5099 17.3476
35.1374 16.744
58.127 16.2219
50.053 16.2047
65.8211 15.5592
62.0084 15.4725
49.3587 16.6819
82.5375 16.2229
77.3923 16.3198
66.9386 16.9486
57.8999 16.4121
50.093 16.4164
68.0551 15.3991
60.9915 15.4182
59.3976 16.1378
60.072 16.2068
61.7491 16.2381
62.3957 16.0899
66.7705 15.5402
60.7405 15.5056
47.2392 16.9772
60.5815 16.3827
73.1211 15.1755
67.9821 16.9158
67.5512 16.3857
62.9309 16.5494
56.6412 16.4242
88.8068 15.4128
65.4927 17.2714
44.903 16.5702
51.4224 15.8114
62.8886 16.4508
57.6231 16.1052
53.4448 16.0295
47.0672 16.776
47.0693 16.4328
37.7776 17.3019
52.6951 15.8004
65.6772 16.2733
48.9741 15.8752
66.6426 15.8367
60.7638 15.931
61.7434 16.2986
63.8387 16.9395
66.7752 17.0507
55.8916 16.5815
55.6448 16.6309
58.8474 16.9666
67.0545 16.2935
59.3926 16.1203
77.6589 16.5052
77.6589 15.3773
72.4422 16.6627
71.3826 16.1551
66.3636 16.3005
47.0082 16.1227
59.0806 16.309
58.2232 15.6158
60.042 16.0429
58.1273 16.7443
73.5046 16.4009
81.5008 16.7968
74.4674 16.3462
64.8406 17.0614
68.1758 16.3233
41.0161 16.8096
70.2265 17.502
84.8815 15.2781
84.3068 15.9533
85.2371 15.8249
66.4256 16.9527
72.5167 16.4815
59.1291 16.1498
58.3278 16.4475
61.5482 16.7875
48.5656 16.4153
58.7298 16.5917
64.2025 16.4671
45.8526 16.1213
49.522 16.6138
92.1689 15.5309
59.0184 15.6014
91.4328 15.6535
69.2987 15.7925
79.223 16.4776
70.905 16.5635
74.5055 16.5875
46.1376 18.0063
66.7139 16.648
65.9515 16.2452
41.011 15.9263
58.4379 16.9961
52.9835 16.4639
63.17 16.5693
55.5664 15.2652
53.4246 16.305
69.4932 16.6254
29.6705 17.1998
59.7835 17.0463
66.9286 16.2668
67.7385 15.5749
68.5517 15.4481
74.3007 15.065
44.5506 16.6944
28.3757 16.1552
50.0137 16.6099
53.745 16.5222
52.8275 16.5012
56.4277 16.8292
63.9373 16.0811
69.5189 16.4977
70.4434 16.1477
69.4408 15.9059
59.2282 17.0886
72.6396 16.9732
67.9428 16.638
41.8845 17.7009
62.0388 16.7223
67.6453 15.9068
67.8034 16.2467
67.8689 16.8852
36.8964 17.2532
57.8355 16.4064
46.2884 16.8689
32.9075 17.5002
55.0097 16.859
51.6411 15.6257
78.5914 16.5418
48.6107 16.4843
62.3387 16.1519
54.9398 16.2866
45.9517 15.7314
77.545 16.1005
56.4548 15.9314
66.4969 16.0852
64.7014 15.7968
72.413 15.504
50.2557 16.9866
50.0884 16.6273
80.3691 16.3734
67.6983 16.4889
53.6 17.185
52.8593 16.4996
66.2505 17.167
69.4769 16.985
78.2784 16.5184
83.7713 15.8439
73.6969 15.3381
68.5683 15.9612
64.3182 15.6836
52.7252 17.1041
47.2994 16.5371
46.1489 16.2932
57.4119 16.0417
56.116 15.7554
53.7502 15.8969
64.5727 16.5181
58.0203 16.3706
53.1022 16.8034
76.3597 15.9466
57.4515 16.6571
53.5078 15.8533
60.2493 16.7731
89.9555 16.1988
74.9658 16.0234
60.5627 16.2185
51.8604 16.2981
58.9729 16.5001
48.9408 16.4773
49.5893 16.6532
35.8855 17.6452
54.4606 16.1621
57.2754 15.6107
76.2463 15.6255
70.8793 15.9029
71.9896 15.769
69.1 15.2526
72.6812 15.4434
56.8445 17.4202
72.9711 16.0928
76.6535 16.658
77.1973 16.2951
73.6901 15.7638
62.5574 15.8135
51.7255 15.6567
52.5233 15.5053
60.5422 15.9581
56.1241 16.0475
59.3727 15.6715
67.3871 15.9771
78.3005 15.5254
76.9524 15.6291
63.5095 16.4842
67.4335 15.462
80.0632 16.9549
70.1625 15.5676
66.5021 16.0938
63.5917 15.7867
61.684 15.9549
72.0507 15.8588
62.9223 16.4301
84.5158 15.4957
86.3204 15.6774
89.7709 16.2696
84.3261 16.1233
51.0328 16.8373
52.0347 16.5234
64.0513 15.8218
65.8624 15.6999
67.6446 15.7148
67.1411 15.4486
60.1278 15.393
52.6832 15.6155
74.1677 15.7002
72.4968 15.4949
65.7923 15.5297
75.9346 15.8363
80.6848 16.0517
75.1901 16.571
40.3841 15.7604
73.5102 15.7137
68.5563 16.0878
62.9043 15.7728
64.8529 15.945
58.0342 17.5386
49.314 16.6557
49.87 16.3335
46.364 17.1899
59.2324 16.1446
58.0424 16.2435
42.375 16.9232
25.5807 17.6076
45.0286 15.7557
61.6462 16.2903
79.145 16.3517
70.6953 16.0508
62.0764 15.7975
58.4652 15.8282
62.8862 16.5695
76.796 16.4518
72.1363 15.7959
52.9146 16.4315
78.7181 16.1963
69.2248 15.4718
66.3292 15.5987
48.6637 16.9294
53.8834 17.4475
39.8247 17.0209
74.3246 16.0729
69.1886 15.9218
71.0624 16.2425
86.6963 16.3645
69.7682 16.2732
72.3217 15.9364
63.7109 15.8368
65.6514 16.0599
56.4906 16.222
51.7287 16.2243
60.3491 16.2248
53.7117 16.074
50.9825 16.6634
70.6208 15.9239
63.282 16.9482
66.3523 16.3606
52.675 16.0391
38.7964 16.239
35.2403 17.9307
34.3416 16.6903
50.3704 16.3521
52.1613 16.3163
75.554 16.4874
86.5227 14.3683
92.3205 14.8529
63.0712 16.7621
60.81 17.0854
74.6826 15.6966
55.2098 16.6776
50.0777 15.8117
62.4873 16.065
93.8309 15.4756
59.359 16.2505
60.473 16.9564
56.03 15.111
55.411 15.0318
53.8681 16.1375
55.105 16.7485
52.7124 16.3145
58.5413 15.5951
68.5989 16.1519
63.6396 15.8976
37.7949 16.5008
60.3506 16.0915
73.336 16.3971
73.6986 15.9441
66.7284 16.5902
61.1979 17.5842
62.1652 15.1979
48.4812 16.3024
48.6664 16.1237
77.5077 16.0626
57.6821 16.3344
45.4828 16.6716
50.3935 17.4209
50.2529 15.9692
60.1516 16.3067
58.7485 16.8037
60.5707 16.1446
51.8835 18.005
51.3151 16.756
53.8441 15.9311
49.2057 15.6292
67.7515 16.2465
70.0515 15.3945
59.3994 16.8122
50.216 17.092
61.9454 17.3694
74.6737 15.0373
74.3403 16.7718
74.0247 16.101
56.3911 15.806
65.7368 14.9149
67.4833 15.6663
65.0097 16.1551
34.8624 16.4871
46.9732 16.683
33.8681 16.8086
52.295 16.4091
50.9293 16.5662
67.5246 16.581
66.794 16.5739
83.9186 15.34
77.9498 15.855
63.7222 15.3574
76.5044 15.856
61.8744 16.4992
47.104 16.7378
58.98 15.9805
56.1122 16.1101
66.906 15.4415
57.9495 16.5291
56.0383 16.2847
64.6424 16.0303
81.6439 16.1801
86.0003 16.2421
99.1896 16.4131
42.6026 17.6704
64.9352 15.2367
59.0531 15.7415
64.6135 16.4299
54.4543 17.0034
47.7296 16.7938
45.5529 16.1085
45.5529 16.4682
45.2538 15.8083
45.6652 15.9929
45.9468 17.0059
52.1343 16.6481
54.0231 16.2464
61.5089 16.7937
49.5589 16.9046
51.1938 16.6643
64.098 15.8322
64.4229 16.9671
76.1694 15.5071
59.4781 15.9825
66.6661 16.6631
58.9408 16.8788
43.8753 16.8286
50.4153 16.1303
48.0941 16.1554
45.2629 16.8915
53.4409 17.1832
51.6833 17.4888
55.4964 16.5233
66.4246 15.8874
57.1447 16.0939
51.5951 16.3141
49.6429 15.7391
56.9315 17.1742
58.3063 16.1356
53.5209 16.3426
45.6726 17.0444
48.7766 16.7379
59.7412 16.4521
62.8421 16.0946
59.2807 16.9404
50.6687 15.721
46.3423 16.2918
41.8795 16.6246
59.5525 16.2697
50.4633 16.5639
64.6055 15.8707
65.6293 16.779
58.4191 16.5871
57.4472 16.1203
45.565 17.3375
43.6518 15.6808
63.181 16.2518
52.1236 15.8235
62.9629 16.5428
67.6685 15.788
54.0124 16.0951
60.2082 16.7169
53.1727 15.9957
61.8497 16.403
67.103 16.7043
33.3058 16.867
63.3348 16.1005
63.9183 15.9251
64.2043 16.1905
64.9279 16.2513
63.4171 17.3838
42.7625 16.5107
43.2905 16.5094
40.9676 16.0741
41.585 15.8508
55.1143 15.8567
53.2684 16.5725
57.5324 16.5552
45.3126 15.3005
45.65 16.6144
62.8162 16.0475
56.1998 15.9206
49.1035 16.524
60.8214 16.4201
40.9588 17.4595
48.3906 16.5882
43.7288 16.2821
56.9851 16.1731
48.1558 17.8713
64.2675 16.0813
65.4971 16.9273
56.3038 16.8442
65.4437 17.4538
68.0144 15.0576
60.9408 16.5034
59.8947 16.0521
54.1002 15.9456
39.4591 16.2199
65.2139 16.3157
62.758 16.2459
54.7485 16.9226
58.2282 15.7735
65.4579 15.7727
78.7168 15.859
78.7473 15.1911
84.1938 15.6141
80.1084 15.8576
64.6341 16.3355
63.4232 16.2007
69.619 16.3306
59.2665 14.9673
56.7367 16.2174
66.1615 15.5337
65.4783 15.4426
56.2144 15.255
55.5388 16.5734
78.2033 16.2286
73.8609 14.1068
64.2117 15.7702
48.2428 15.8489
56.6108 16.2989
52.963 16.2782
75.9621 15.8966
69.7139 15.6811
44.0988 16.7616
47.0581 15.6798
50.7015 15.7728
96.2939 15.521
100.407 14.7019
83.2303 15.9737
47.6957 16.8801
57.9901 16.4124
49.9969 16.2964
64.2735 15.5137
61.4597 17.294
61.5326 16.3986
63.4656 15.5839
47.2345 16.34
48.7749 17.5752
70.1812 15.2031
69.7827 16.266
72.7071 17.2784
54.7278 17.1102
65.2606 16.3135
67.2118 16.288
64.7637 17.1382
52.1414 16.1525
47.7097 17.2286
57.609 16.206
45.9181 16.4275
54.5643 16.542
56.5986 17.0649
41.4348 16.8534
40.9641 16.6153
52.555 17.5114
55.0522 16.5095
74.1069 16.9381
88.027 15.2851
80.5154 16.1372
66.5189 15.9276
71.4233 15.0603
60.4749 15.3709
72.5705 15.2365
64.0983 15.3588
67.0169 15.9219
63.6119 16.1579
60.6791 16.3441
53.8251 15.1928
51.6948 17.7724
40.124 16.3844
43.9543 16.3121
43.2441 17.8411
64.7091 14.9888
69.385 15.428
52.1986 15.5165
46.9435 16.7529
25.4482 16.8599
40.8223 16.7795
55.4889 16.9651
30.6908 17.3326
43.422 17.164
64.4764 17.5402
50.9056 16.601
75.7003 16.3752
75.7003 16.1492
50.0879 16.2587
57.9365 15.3793
83.0714 15.7361
90.4005 15.3368
73.8829 16.5781
68.6296 15.4839
75.0896 15.876
69.687 15.4414
64.2065 15.133
56.8767 17.6172
54.4292 16.1865
68.0824 16.2034
58.4256 16.9229
63.7454 16.2429
63.3366 16.9796
77.1613 16.0936
56.5214 16.1274
59.7082 16.4571
71.2335 15.7161
62.3778 15.5659
57.909 16.1214
47.4412 15.788
77.1174 15.8814
70.511 15.3715
58.5693 15.8641
61.1415 14.64
32.0428 17.2664
47.0614 16.7801
70.0482 15.8171
54.6408 16.4587
35.0041 16.2189
40.7796 15.3082
38.4328 17.3283
37.2627 16.1471
70.5939 16.7056
52.0654 17.0521
44.1871 17.0505
74.032 16.3671
42.0061 15.6781
50.8934 17.5059
50.8953 16.191
55.2381 15.9236
58.896 16.8825
53.0531 15.5551
49.1118 16.8755
54.379 16.4407
57.6542 16.8069
51.8395 17.1032
65.4361 16.2162
73.8914 16.4541
81.6038 16.5147
88.843 16.3607
65.9199 15.9048
65.8302 15.6121
65.1165 16.1397
69.4902 14.7265
62.7278 15.7144
53.1214 15.8589
51.0235 15.9182
62.1103 15.9066
67.3439 15.9078
63.9156 16.6258
81.0368 15.6384
69.4088 15.7202
69.8128 15.5757
66.636 15.6905
75.8355 15.6112
40.7611 15.7786
50.6515 16.0778
43.79 16.2374
58.1168 14.9329
53.9747 16.2268
72.0146 16.073
55.9797 17.1593
50.9166 16.0165
56.2668 16.1547
65.679 16.3451
62.8777 16.1755
37.1624 17.1841
43.534 16.1041
66.3268 16.1942
50.6959 15.4485
74.9592 15.5491
60.379 16.1378
54.3918 16.5076
55.4279 16.8823
66.7803 15.6815
50.0483 17.6233
70.8028 16.0604
54.3065 16.2434
61.7531 16.4422
50.4588 15.5883
52.327 16.3927
54.1935 16.2491
53.5416 15.9802
65.6749 15.7426
76.5171 16.2258
68.6935 17.2685
61.5075 16.6721
51.7679 16.8914
65.1549 15.8871
42.2761 16.9852
42.7097 16.7031
47.0194 16.3913
39.8845 16.9773
36.3999 17.5443
36.8423 16.4563
60.0392 15.5372
56.33 16.6867
54.3061 16.6814
73.9217 15.7079
74.0746 15.6804
65.6661 16.8514
77.9559 15.4986
68.6778 16.1653
69.9979 15.7221
81.5618 16.2723
58.225 16.3163
62.4399 15.5037
71.8535 15.6032
58.3697 15.9537
55.487 16.0123
56.6981 16.1826
63.0732 16.4585
60.4661 16.4578
60.4661 16.4436
57.6512 15.8049
42.4845 16.2947
46.0733 16.3845
52.6112 16.1765
59.0475 15.8368
59.4346 16.0481
35.2243 17.4377
43.4613 15.7654
43.7222 16.949
34.4968 17.1617
65.0852 15.0787
65.1841 17.0949
63.1966 17.2617
44.1857 17.192
58.1397 17.1263
61.2241 15.9988
81.4078 16.2087
74.6541 15.8781
73.513 14.588
58.1395 15.8783
72.3155 15.1264
48.5142 15.394
61.0534 16.5505
69.1821 16.3457
69.6295 16.1744
74.475 15.6867
65.8682 15.9888
66.1806 15.797
51.6116 15.8563
52.1597 16.8229
61.7648 15.2292
42.5629 16.0494
57.3446 15.6447
58.0958 16.7802
59.2688 16.0661
57.8667 16.7315
58.6503 16.2297
65.054 16.6001
58.6798 16.2991
56.2017 17.0601
50.9374 15.9007
84.5135 15.7061
87.0439 15.4253
57.8303 16.624
66.5023 16.0271
64.4244 15.5654
70.0405 16.4284
49.3811 17.6191
52.269 16.7517
45.0339 16.4142
69.8735 16.0648
49.1526 16.8008
71.7548 16.0539
55.0633 16.1475
42.6635 17.4996
51.8927 16.3095
55.6181 16.3928
70.6587 15.812
59.3346 16.9407
54.4531 16.2705
58.4331 16.7617
67.4631 15.9271
62.4997 17.0388
49.6741 16.6913
54.2303 15.8408
52.9638 15.7803
53.4864 16.7302
88.4185 15.7325
68.1196 16.5589
56.7679 16.1466
64.85 16.1761
54.019 16.0636
57.3966 15.8456
54.4627 15.7801
75.3511 15.5496
63.407 15.998
78.3373 14.9201
37.3632 16.3533
49.8429 15.8574
67.0993 15.7911
67.41 15.5653
81.383 15.6179
73.4796 16.0172
59.0209 15.894
64.0521 16.1563
63.5578 15.7156
59.0405 16.5716
55.9056 16.6918
66.2793 16.3604
70.5179 16.1741
69.5325 16.2421
63.9139 15.8523
73.382 16.8132
68.1989 15.3517
68.5893 15.9486
60.2056 15.7177
54.8197 16.6082
51.6442 17.0944
42.5622 16.4064
45.9492 15.9618
45.7836 17.4121
55.8934 16.8267
49.0889 16.6509
50.8172 17.2184
70.9737 16.6181
67.2284 16.6831
66.0959 16.6704
37.49 16.3488
40.9863 16.7095
51.5454 15.8316
56.1161 15.7163
59.1059 16.2897
54.2486 15.2708
58.7066 16.8991
69.2167 15.6348
51.5481 17.5755
63.4494 16.2089
63.4494 16.1649
71.2885 15.2253
56.421 17.4804
60.0211 16.6072
65.5418 16.4996
69.1454 16.9219
59.1807 16.8041
77.3537 15.6222
42.3796 16.8574
64.9654 15.7133
36.9408 17.943
40.5086 16.0189
63.4636 15.9775
75.027 16.324
68.8648 16.1039
61.9573 16.0083
69.3764 15.786
54.5544 16.9379
45.6593 16.2423
42.7252 16.7757
70.0394 15.6848
81.101 15.2527
57.3794 16.6599
64.0581 16.1934
65.6325 16.5448
52.3364 16.7222
70.1451 16.0813
49.5831 16.1707
60.2558 15.7662
59.7519 15.1539
71.0759 15.3686
57.1389 16.1492
74.9927 15.8905
63.0427 14.6367
76.0102 15.4117
68.774 15.4956
56.1515 15.7102
55.2079 16.8893
51.4237 16.1958
52.3398 16.5505
67.6298 15.9788
46.0029 17.3813
38.6044 16.4443
53.6664 17.3208
65.5078 15.9498
58.4709 16.1708
49.8847 17.1773
48.7309 16.3838
38.0562 16.0465
35.0232 17.0511
34.9781 16.4335
50.9264 16.7046
61.6279 16.5805
54.991 15.7049
58.7599 16.8022
55.9118 16.6835
48.1931 16.2102
46.007 15.8546
77.1517 16.0343
76.3801 16.1764
69.4758 17.0375
49.3776 16.5282
50.0131 15.2562
67.8305 15.1326
49.3107 16.4698
55.2413 16.1213
59.5266 15.3816
61.1395 16.2833
61.0959 16.4548
60.6557 17.5927
52.3419 16.42
58.5982 16.0933
44.2033 16.7039
53.5811 15.5084
58.599 15.1843
52.6449 16.2664
54.3829 16.1979
43.5741 16.8735
62.2511 17.0629
57.1028 16.7598
73.9099 16.1247
65.0789 15.9109
55.7177 16.4427
52.4892 15.8421
58.9881 16.3072
67.6448 16.7967
68.4848 17.8658
63.464 16.9767
63.5987 16.2831
80.0641 15.5452
60.8199 15.0838
56.6202 15.8784
47.5169 16.7317
79.4629 16.0936
79.4629 16.552
65.0653 15.7949
88.9217 14.1227
75.9938 15.2536
64.8731 16.3178
73.5318 16.3497
64.6274 16.6873
65.3815 17.0196
76.966 15.5642
72.4187 15.4209
66.9345 16.4927
58.936 15.8614
43.9124 16.4925
52.1027 16.4325
47.2887 16.9317
64.5501 17.0462
51.3437 17.5162
51.3437 16.859
46.5747 16.9992
61.0559 16.1575
64.1524 15.7391
66.2608 15.4695
67.0772 15.933
60.809 15.8566
52.9785 15.7245
50.6541 17.3967
53.7151 16.3968
60.0337 15.9659
51.6701 17.2231
60.6744 17.3426
57.9063 15.8144
56.145 15.3107
47.4533 16.3462
72.0507 17.2581
54.7305 16.2559
61.8773 16.3287
77.021 16.4698
61.0934 16.6539
66.1012 15.4631
56.663 15.5722
42.1774 16.8716
49.8124 15.7888
66.2893 16.1633
64.1373 15.7444
48.0843 15.2942
53.7596 16.9088
47.4113 16.0198
64.5646 17.2185
57.9483 17.042
41.3676 16.8764
38.5991 15.8558
44.7725 15.2924
43.2123 15.6761
65.6413 16.7564
64.0161 16.0399
58.662 16.0417
41.2419 16.5718
60.8272 15.8759
56.2589 16.6221
52.5474 17.2548
49.3312 15.6661
49.3677 17.5129
48.9139 15.801
52.5495 16.0185
42.6837 15.7907
36.722 16.6855
38.2132 16.9104
40.822 17.3823
49.243 16.1972
68.8051 15.8571
58.2704 16.563
38.0702 16.0887
49.9392 16.3285
62.9629 16.0372
64.862 15.6393
55.8703 16.5767
49.1463 16.3447
57.2321 16.8894
50.9611 17.5163
71.6399 15.9914
76.1204 16.2051
70.5823 15.5863
75.2283 15.6385
69.9896 16.0836
40.4165 17.4086
40.6439 16.6872
50.2406 16.6074
66.2206 15.0345
55.1056 16.6195
45.7222 16.7975
49.3619 17.0824
47.1868 15.3908
68.087 15.3128
95.2819 16.6501
72.2545 16.7625
64.1484 16.9932
72.0984 16.7173
36.4684 16.4643
47.7714 16.3552
49.1165 16.4986
56.8748 15.8945
61.0935 15.8375
82.4813 15.3315
62.2298 15.7113
68.562 16.4583
53.1622 15.8627
34.4446 16.5125
53.0404 16.2145
52.728 17.1975
59.4352 16.2383
54.556 16.4719
57.4943 16.3511
56.31 16.2892
70.6147 15.318
73.5059 15.2251
63.392 15.956
65.6425 15.8472
44.0849 16.7052
41.9496 15.985
51.034 17.7214
63.2402 15.5378
49.2565 16.3415
47.4686 16.5546
47.8576 16.5662
62.7685 16.3614
73.8352 15.2525
75.267 15.892
70.9367 15.8172
74.6426 16.19
54.3759 16.5043
52.3529 16.266
50.8004 16.0238
60.644 16.3338
52.2727 16.6722
58.1576 15.6777
56.8346 16.7265
64.0446 16.312
50.8973 17.8005
48.6506 17.2064
55.7873 16.9201
44.6212 16.9317
43.2083 16.2467
73.408 16.2685
75.0891 15.3753
57.8575 16.4782
57.1073 16.8913
91.9812 15.0811
75.1856 15.0682
71.2664 15.4111
62.2967 15.9419
70.6417 15.9776
58.5166 16.4694
44.8639 16.4242
64.9575 16.1393
57.6843 14.9817
51.208 15.9729
60.0232 15.8683
64.7072 16.6459
57.7459 16.0643
69.2548 15.2674
54.3187 16.4128
56.7996 16.8511
69.4865 15.7057
60.559 15.2301
50.6479 16.8576
47.4604 17.3147
54.5936 17.0702
49.5048 16.1624
51.5082 15.7872
54.3439 15.9814
50.5006 17.0981
59.3618 16.7934
41.3849 16.1349
39.1991 16.9279
46.3056 16.0515
48.4414 16.7631
46.869 16.7355
52.1865 15.3885
69.5896 15.6628
55.6245 16.418
45.2955 15.4238
57.1701 16.0135
51.4029 15.8957
50.0142 16.6935
60.1798 16.6663
60.8844 15.6121
46.9894 16.8502
50.5638 15.7559
66.6648 15.4602
54.9014 16.6697
49.6981 16.3402
55.4488 15.5611
58.6442 15.6409
68.5305 15.7836
88.1931 16.3367
74.7316 14.9096
67.3255 16.4111
55.0372 15.8283
48.2474 15.9221
52.5281 15.7901
44.2721 16.7437
41.7488 15.5575
33.6733 16.9989
23.9967 16.656
35.1053 16.2557
36.115 16.3555
46.4184 16.4258
62.6494 15.5216
49.6625 16.1458
58.7457 15.6259
62.6269 16.411
45.876 16.7864
53.4809 15.9684
60.9781 16.6503
64.4853 15.8215
47.8926 16.443
53.4424 16.8314
47.6123 16.0383
57.7532 16.5332
43.3776 15.6829
57.0172 16.7904
42.4491 17.024
63.1141 16.9701
64.7684 16.8454
100.434 15.2796
72.9558 16.0731
75.0487 16.2968
69.735 16.3752
70.4844 16.2964
52.8826 16.722
53.8817 16.3501
67.6776 16.1748
61.3549 16.5257
66.4266 15.6218
66.1377 17.1019
59.6137 15.2845
63.0146 16.0164
66.482 16.1325
64.9987 15.7678
54.9656 16.2831
62.104 16.4017
82.3278 16.0829
85.0075 16.1442
64.6901 16.1023
60.976 16.5197
67.8459 16.9711
68.4149 16.377
71.8893 16.1105
73.7152 15.1205
57.5678 16.7772
49.2679 16.7197
68.426 16.5608
60.6485 16.4468
55.0029 16.3413
55.3796 16.7711
54.9774 16.0029
62.191 15.8028
48.3066 15.9701
62.6027 16.4564
60.6976 16.2731
58.5807 16.3238
52.0538 16.5875
63.7216 16.9122
68.5883 16.5382
66.5225 14.9984
62.2221 16.1107
54.4141 15.7162
50.2511 15.9727
63.6131 15.3363
57.0926 15.9336
55.1605 16.4194
65.1834 17.1605
75.9707 15.997
57.3713 17.3208
60.1609 16.8595
65.7666 15.0533
61.7461 16.7796
69.0189 15.701
72.9419 16.1707
63.5414 15.757
63.2551 16.0712
58.1944 16.8828
38.2464 16.4162
51.1613 15.8402
50.061 16.1276
50.9392 15.6734
40.6457 15.8452
40.9928 17.181
82.0908 15.88
59.1633 16.175
62.5675 15.8998
57.6711 15.9462
80.5014 16.0966
55.2701 16.2397
55.6058 16.5324
48.8355 16.0289
54.9778 16.1805
48.394 16.9031
52.0002 16.3315
43.8401 15.6749
25.1113 16.9859
48.7065 16.0046
44.135 16.4383
35.2475 16.6428
39.0469 17.1942
52.4152 16.0323
82.1831 16.2408
52.8808 16.7965
42.6689 16.7786
30.8921 17.113
40.3869 17.0903
53.3674 17.0903
46.4169 16.1607
42.2988 16.8112
44.7278 15.5325
65.8721 15.7269
52.7617 16.2658
41.3762 16.6473
56.1629 17.3505
60.7734 16.6359
48.2036 16.9939
48.2036 16.2247
64.0135 16.8482
50.0882 16.2292
68.6905 13.8631
63.6026 16.0202
50.0884 16.026
35.2511 15.9809
42.2716 15.8917
40.1331 15.8821
58.7346 16.7792
42.9746 15.5027
47.0854 16.7712
60.2731 16.1
65.2073 15.9067
64.2309 15.2701
68.8023 15.3342
49.1509 15.542
64.0768 15.9588
61.1032 16.548
42.1886 16.7338
65.4689 16.0237
55.7727 17.0005
61.7953 16.8781
60.3505 15.8297
65.8993 16.1926
65.9229 16.7742
47.0569 17.1654
74.4122 16.5549
51.4729 16.2999
64.309 15.9044
43.3543 17.8639
32.227 17.1853
43.0512 14.9698
40.7196 16.9795
61.6986 15.5197
62.0271 17.2221
46.7071 17.8303
43.2233 16.927
51.8337 16.3852
55.1731 16.6646
54.2004 16.7964
54.9005 16.1432
61.1234 15.5033
64.5574 15.9795
52.8675 15.9231
46.0483 16.3481
53.5035 16.5172
39.1647 16.5759
44.9186 16.639
53.1162 16.0832
51.7552 16.7966
52.8192 16.0368
35.1236 17.1786
38.4902 16.7221
51.3031 15.2246
51.1115 15.7436
68.1792 16.3291
67.4358 15.9954
72.8306 16.4813
79.2129 15.8685
86.6053 14.7129
78.1325 15.3147
62.8602 16.3258
67.0976 16.7218
55.7605 17.1236
51.2886 16.4371
47.6652 16.2834
68.1364 15.8965
57.4962 16.0556
58.4023 15.1808
44.7867 17.1968
42.1101 15.693
38.0556 16.2804
49.0418 15.9574
59.2497 16.368
73.5234 15.546
64.8449 15.2633
71.9871 17.0245
71.4472 16.5068
66.0376 15.9667
65.9028 16.2975
66.0752 16.1894
66.3265 15.7931
63.2457 15.671
70.3469 16.1276
51.7515 15.8063
60.7068 15.303
59.8358 15.2451
56.4283 16.108
48.7309 16.4359
54.7669 16.845
62.0232 15.8118
53.2673 15.9234
36.4927 17.1407
48.9289 16.6282
51.6642 16.6053
60.6995 16.3959
41.5497 16.9902
44.3967 16.4783
51.5019 15.8728
46.1806 16.0025
43.5286 15.8526
46.7469 15.7339
60.7971 16.0971
68.8984 15.9557
68.0463 16.0167
58.8302 16.5455
61.2221 16.7764
75.5366 15.6783
57.6967 16.4102
64.6492 17.3584
60.9318 16.6321
43.9312 18.1334
68.055 16.4187
40.2398 16.9214
52.8268 16.4647
43.1107 16.5936
62.2815 16.1119
66.9568 15.5858
79.0293 15.0392
86.7369 15.9892
74.8285 16.1795
64.875 16.4719
57.4746 17.066
43.4407 15.8436
60.3362 14.9746
60.7333 16.2106
64.8148 16.0841
71.6127 15.3778
72.0927 16.3303
38.6746 16.8412
52.2528 15.7357
57.8555 16.2196
54.7394 17.2148
53.9499 16.4173
53.5716 15.9712
65.7794 16.2395
58.6541 16.0409
45.313 15.3653
43.0937 16.5991
38.0144 16.976
49.1259 17.01
74.2212 14.7371
60.8092 16.2786
58.2303 15.6567
54.2148 17.2974
78.4469 15.613
83.2123 15.9743
72.3813 15.5121
68.4909 15.0813
62.5432 16.6873
58.202 16.1976
63.1052 16.262
37.602 16.5947
50.4193 16.4137
56.5535 16.3536
44.5242 16.261
52.6118 16.2913
56.0414 16.2019
79.0024 15.4089
60.7939 15.7043
87.0641 15.3728
78.8413 16.1488
67.1764 16.1393
77.0588 15.7169
60.8328 16.8466
65.1127 15.989
66.1071 16.64
48.4486 17.0315
60.2078 16.4911
56.1256 17.3232
56.3028 16.3722
57.9141 15.7941
46.1929 17.1035
66.5506 16.1224
74.817 15.2969
61.8662 15.3785
70.9867 16.0658
75.9337 15.7154
79.329 16.48
43.5744 16.7153
37.3361 16.8666
57.3914 16.4041
59.3586 16.5624
56.2412 17.2056
58.6085 17.3981
46.5953 15.995
56.5557 16.3599
66.1849 15.9327
43.1614 16.5002
55.5194 15.812
72.9825 15.2077
47.6507 16.554
54.0105 15.8775
40.4217 16.1394
43.5334 16.6656
42.7663 16.5178
46.036 16.8078
60.1628 16.7768
45.9387 16.5284
59.7789 16.7174
34.8411 17.1065
57.4639 16.2927
42.1067 16.3061
38.4335 16.4959
45.5837 16.7709
64.1543 16.3842
56.4375 16.4444
56.216 16.64
56.2318 15.7249
68.3199 16.4013
57.4021 16.3022
49.84 16.1885
59.3747 15.7455
65.9735 15.2039
63.1033 15.3156
64.722 17.0314
87.8624 14.7376
53.0546 15.4917
51.9359 16.4521
37.4295 16.3107
47.2185 16.1318
44.8639 16.4231
51.3728 16.4811
50.0275 16.6162
79.4992 15.8561
71.6247 15.0034
70.2671 15.8507
62.823 16.1194
54.3538 16.279
66.1488 16.2168
73.9991 15.1949
77.96 15.5918
75.7413 15.5298
52.0151 16.5844
43.9991 16.5922
48.1322 17.5786
57.0155 15.3362
51.7662 16.4969
56.0874 16.5852
61.057 15.5946
82.3272 15.5826
63.8345 15.5743
89.8003 15.7593
57.8984 16.9043
48.2707 16.3659
50.3474 16.6611
63.3368 16.1706
76.0566 15.153
46.4149 16.9141
50.6959 16.2653
47.1091 16.4294
54.1818 16.3829
57.8528 16.3856
64.306 16.3675
65.4321 16.3758
57.6192 16.3751
78.4517 16.404
49.6542 16.9153
48.7113 16.3301
44.8584 16.7424
51.4737 17.2441
64.4696 16.3736
68.8342 16.1773
57.2134 16.4129
53.3344 16.4342
49.1041 16.3105
38.1883 16.3504
44.866 16.7283
46.5653 17.2821
53.7993 16.4807
35.9824 17.2094
57.71 17.1509
63.7665 16.0316
48.3663 16.7104
48.0771 16.4847
58.911 16.3759
60.0931 16.3168
54.2699 17.3651
59.297 15.8792
59.2122 17.0401
66.3994 16.0575
60.258 16.5738
80.3933 15.9771
78.9298 16.258
72.109 16.9657
72.8868 15.8448
74.2784 15.6288
61.1966 15.8068
50.5073 15.6929
38.2979 16.2469
49.1571 16.8369
44.2717 15.7436
66.3604 15.6903
48.8952 15.4504
52.0394 16.0654
58.8823 17.4196
46.077 17.3038
35.245 17.1537
56.7083 16.6513
59.4765 15.851
46.5926 15.4408
65.2244 15.7229
66.7416 16.0721
45.5441 17.1354
39.5967 16.6596
31.6783 16.9953
48.3206 15.8024
34.7593 17.763
71.4955 15.9945
46.8094 16.4326
49.4776 16.683
59.3195 15.8896
57.8171 17.6952
52.6916 16.4887
54.525 16.0243
53.597 16.3771
53.597 16.0633
64.8287 15.8873
59.6403 15.8504
58.2632 15.5989
26.8199 15.8171
65.8231 16.0761
73.1844 16.3349
68.2448 16.5791
65.7913 16.6839
67.833 16.395
57.0354 15.1188
65.3459 15.2487
60.0315 16.2835
49.3775 16.4922
61.9513 16.7086
42.8005 16.4618
48.3065 16.622
55.5088 15.7881
49.2508 16.443
51.1268 16.4203
47.408 15.8576
50.307 16.8619
40.6375 16.5482
38.7799 17.0274
56.0631 16.2607
46.7838 15.9199
55.0805 16.9841
57.833 15.8848
61.5802 15.8933
58.2883 15.9216
65.5899 17.059
46.1408 16.8539
51.6277 16.0219
78.9397 15.662
75.9118 15.2469
72.207 15.5963
92.8148 15.1807
87.8698 16.6791
70.015 16.4323
69.413 16.429
74.7732 15.7103
63.8837 16.1939
56.9474 15.3245
88.9086 16.4432
56.1831 16.3157
63.3701 16.3688
56.5251 16.2951
65.1395 15.6712
57.0566 15.9509
62.2961 16.3707
51.8091 16.3963
56.6956 16.3954
63.8802 16.3064
61.7271 16.5257
59.7165 16.7386
66.1408 16.0084
61.3606 16.3376
56.2704 16.6059
72.2199 15.7942
50.3749 16.1178
59.1589 16.5948
44.5922 16.2195
58.1935 16.4167
66.9904 16.1457
46.3488 15.9982
38.6925 16.1979
42.5699 15.9537
45.7008 16.026
48.1092 16.3711
53.1782 16.2002
48.8791 17.1554
34.9359 16.0259
46.8062 16.469
54.2994 16.3382
44.9919 15.9126
63.2303 16.5568
53.5818 16.5233
45.1498 16.2441
43.4064 16.2502
32.1349 16.7601
81.9028 16.2016
83.0761 15.3177
74.5639 15.0557
80.5178 15.2319
72.4692 16.44
71.4438 15.9117
73.3371 16.427
70.3068 15.61
68.0753 16.4275
55.7718 17.4972
70.1957 15.8974
78.8923 14.4976
66.787 15.9059
66.7988 15.6955
47.0006 17.2426
40.179 16.5795
49.2988 16.8906
53.0986 16.3762
54.0554 16.3455
49.4849 16.2394
53.0237 15.9827
68.3281 15.9425
63.6192 16.1525
50.3126 16.3261
45.1117 16.2301
41.1007 16.9962
60.9592 16.5254
50.0146 15.7037
54.4933 15.9027
45.1371 15.9052
48.9969 15.8532
71.149 17.5154
29.6297 16.1755
31.7007 16.2021
28.8397 16.8111
27.872 17.1565
37.3605 16.3187
55.4706 15.796
80.1076 15.9258
83.4897 15.5787
65.4195 16.1859
63.1569 15.8455
64.5113 15.7705
53.589 16.0056
72.4965 17.04
55.1071 17.0269
64.6348 16.4404
77.6912 15.2904
53.6395 16.5925
44.5586 15.9222
66.3181 15.3491
56.0473 16.0797
51.7375 16.9103
64.7939 15.1549
72.6022 15.8261
52.4604 16.1098
68.7037 17.0899
65.4247 16.4071
65.4549 16.7435
69.3468 15.0903
56.2961 16.3663
56.7878 16.7849
55.2113 16.4516
49.5572 17.0079
49.3863 14.9832
42.2084 16.6067
59.1952 16.4367
51.7932 16.1567
56.1017 15.9926
55.0892 16.1873
55.4717 16.8923
40.9928 16.2984
56.6499 16.2609
58.3452 17.0463
56.3575 17.353
45.484 16.4639
46.5155 15.8042
56.3429 16.319
52.8165 16.9723
53.4674 15.37
57.0921 16.5348
58.0901 15.8391
50.5431 16.0799
40.2309 16.3847
57.5062 16.6924
57.3266 17.4455
36.1767 17.4741
42.5882 16.6928
44.975 16.6717
61.4315 17.2909
60.4092 16.3445
51.6098 16.9453
48.8107 16.8926
45.6457 16.3378
56.2927 15.6978
61.0856 17.0077
65.9956 16.2389
58.0546 15.9699
63.4558 15.9241
68.1459 16.2643
55.7979 16.4288
52.9625 17.1824
61.3667 15.6772
61.3382 16.1709
55.4972 16.0667
55.579 16.0959
43.7334 16.3444
57.2789 16.5661
45.5707 16.7142
48.4431 16.5914
49.567 16.7994
41.6267 17.5098
48.8172 17.2602
56.0814 16.3986
42.5131 16.5574
39.7218 16.7276
55.6995 16.3676
66.615 16.3055
42.4989 16.4205
65.7821 16.4279
51.4069 16.3972
45.7934 16.4405
44.294 17.2273
42.9412 16.0055
67.0391 16.3786
64.0457 16.83
61.1049 16.7192
54.9473 16.2377
57.9367 16.3189
50.9675 16.9926
38.877 15.5606
61.3808 15.4328
46.0288 16.0666
26.126 17.6785
56.9438 15.9126
58.4877 16.2388
71.1343 16.4705
63.8328 15.5921
63.5322 16.2201
63.6451 16.0559
77.8117 15.5466
69.2072 15.9571
35.9618 17.6308
58.7299 15.5967
48.9695 17.1877
55.5463 16.8687
63.0147 15.9516
47.952 15.8274
52.3112 16.9069
48.4889 16.7537
51.5762 16.347
56.3073 16.2688
59.2791 17.4044
58.8078 15.267
58.8523 16.0323
48.4133 16.7512
55.1073 15.6643
61.5321 15.9897
61.4088 15.8713
60.64 16.3841
62.6798 15.8148
56.476 16.2336
71.2255 16.2181
58.1871 15.6445
53.4402 15.8401
55.9397 14.0259
51.8739 16.9674
54.6338 16.5008
60.6022 16.3704
72.9854 17.1645
76.4952 16.4544
80.3406 16.5535
64.1819 15.6286
67.6172 16.5562
60.3513 16.4443
54.8744 16.3609
56.5163 16.0323
46.2278 15.769
48.951 15.9153
63.1361 15.1957
70.6515 15.3098
70.5066 16.0672
55.9668 16.4845
68.7974 15.6508
83.2698 14.8256
74.1303 14.9222
61.5314 16.774
61.494 15.9327
60.6516 16.3121
56.0798 16.0977
52.2992 16.5121
64.2052 16.5937
93.2264 16.2088
47.0238 15.6904
76.0597 15.8647
66.2627 16.5756
70.8887 15.3304
54.2349 17.0443
56.5464 16.2466
53.1108 16.6443
53.1108 16.8944
38.6897 16.9504
31.77 16.5666
49.686 16.4084
64.9352 17.0592
67.7425 15.0665
51.8663 15.1362
49.8219 15.9758
51.359 16.8302
67.0839 16.1667
63.795 15.9723
65.858 16.3169
63.3941 16.1306
69.5509 16.358
71.2979 16.358
44.2141 16.0357
42.5867 17.0172
30.1499 16.9366
39.1494 17.2283
47.23 16.5987
62.0318 16.096
52.337 16.3495
52.0958 16.8306
62.9253 16.333
46.5955 15.8622
37.721 16.2267
48.9081 16.2373
48.5926 16.862
56.3938 16.0883
56.3313 15.9965
49.5047 15.8969
56.5746 14.7027
66.0139 15.5342
51.4001 16.2016
74.9438 16.2797
47.7108 17.4303
46.2832 17.247
58.2461 17.3215
51.1124 17.0281
53.4006 16.4812
50.4947 17.1094
66.1702 15.9088
51.5858 15.5857
42.405 16.2292
50.8287 16.1761
50.1906 15.8742
63.1754 16.1653
61.2838 15.8673
49.8057 16.6443
47.3519 16.1446
66.0184 16.1803
74.5899 16.2077
51.5624 16.1148
82.3056 15.9375
64.7368 15.1201
59.8888 16.4585
57.0964 15.897
52.6973 15.837
39.9562 16.7344
60.9788 16.5237
41.47 16.3833
56.4192 16.3716
54.8649 15.3899
62.8206 15.7547
47.8405 16.4921
45.833 15.871
45.816 15.9506
45.8014 16.1927
34.0193 16.5245
64.5461 16.2556
72.1031 15.926
56.3482 16.6635
60.8464 16.3401
52.1991 16.21
52.6758 15.4551
55.493 16.5498
65.5632 15.9053
54.1591 16.9596
62.1309 17.1413
66.0464 16.3527
71.6053 15.7265
70.3281 15.6073
62.797 16.2765
41.0844 17.3467
57.5334 15.7751
59.1461 16.663
59.9497 16.2324
55.3924 16.0845
71.1589 15.1074
64.5956 16.0832
64.4421 15.3792
86.788 15.2456
75.8578 16.328
60.8254 15.9719
55.5925 15.2782
60.6335 15.7217
50.6361 15.7293
72.2463 14.8022
44.8233 16.7234
71.0513 16.0384
64.1674 15.6155
76.5104 16.2229
59.8883 15.8113
54.5669 15.8776
50.8203 15.6741
59.2925 15.7729
63.3184 14.5727
34.5319 16.4752
43.0524 16.4336
47.7303 15.995
32.1607 16.7597
53.4257 15.2442
36.9359 15.148
39.9208 16.3205
65.6697 15.797
55.8316 15.739
59.4637 16.9051
74.0055 15.2424
74.6921 15.6268
50.6645 16.1839
62.5104 16.4368
60.3023 16.3935
61.0902 15.5716
63.5006 16.0069
54.8633 16.4024
43.5815 17.1522
53.5442 15.5672
53.1456 16.1461
46.6984 16.0827
46.2899 16.9425
69.597 15.4549
54.0451 16.3411
78.9664 16.8739
77.4984 16.0503
76.3016 15.4376
63.8132 15.5321
68.7332 15.2962
56.0986 15.8915
57.9242 16.0889
49.6618 16.5371
53.2983 15.4081
59.2824 16.7409
58.0449 16.8893
57.2152 15.6522
74.3351 16.5031
55.02 15.6091
76.1262 16.4959
62.8435 16.6111
65.1346 16.6156
55.171 17.0764
69.9968 15.1541
61.5608 16.7368
46.7056 16.2955
40.8069 15.2435
63.5647 17.6559
70.731 16.1272
68.0775 15.8236
65.1572 16.621
82.3411 15.6608
80.5837 14.9104
60.7752 16.6406
54.7347 16.3274
56.476 16.3408
63.0734 15.9805
81.4124 15.9758
66.3644 15.8856
66.2249 17.2007
66.7086 15.9565
47.4009 16.438
48.818 16.3644
47.4497 17.1182
47.4149 16.9484
47.7166 15.76
61.5038 16.7202
53.6739 16.625
59.4296 16.4397
41.0106 17.3099
50.3676 15.719
43.6814 16.7272
50.9592 16.5517
55.3776 16.5056
51.0712 15.4817
67.2914 16.3899
72.0622 16.8422
59.5686 15.9256
65.1131 15.5036
58.9477 16.6198
77.2605 15.5613
87.3056 16.0809
85.204 15.6134
91.5557 16.3145
67.6471 16.7539
78.2192 16.4953
73.8769 15.9864
73.2188 16.1619
83.307 15.1612
60.8297 16.3712
48.22 17.0079
31.5229 17.7097
52.5048 16.8358
64.2264 16.8366
63.7392 16.7709
61.5836 16.8113
65.4061 16.9211
65.5334 16.0229
51.4275 16.567
53.3863 17.7762
56.0306 16.5286
54.9824 15.7147
65.6983 16.5818
59.9556 15.2877
56.5015 15.3484
53.5883 15.9
59.5384 16.2266
48.3106 16.4823
76.1565 16.3176
73.8398 15.6204
67.3615 16.4385
64.6748 15.0473
45.4439 15.46
36.9369 16.4804
48.8239 16.112
44.5558 16.2397
52.372 15.5111
61.7385 16.3225
57.3826 15.8567
31.4997 16.2157
24.9841 17.5318
35.9472 16.4444
49.554 16.0363
63.0496 14.3081
63.4652 16.2681
62.531 16.2145
69.6299 15.9494
71.428 16.156
77.9447 14.7629
59.3415 15.8205
59.4164 15.9532
52.0515 15.6127
55.816 16.8461
71.3274 15.6468
52.2679 17.3193
53.1696 16.4256
90.1412 16.333
46.3209 16.2278
56.4188 15.377
61.9172 16.585
53.5961 16.2112
67.0187 15.4432
66.2353 15.8674
70.02 15.8816
68.9349 15.2505
61.0603 17.5206
43.6927 17.3467
26.1036 17.6906
54.4239 16.0528
49.009 15.7637
52.6697 15.4015
57.8877 15.703
58.7965 16.3905
62.9266 16.4225
40.6972 17.3924
50.3393 16.7572
47.4863 16.7465
49.8398 15.8487
68.8053 15.6667
61.7208 15.6414
51.1632 16.4545
55.5711 16.1129
62.7143 14.6949
61.4692 15.7345
68.4533 15.392
61.9072 15.1598
61.0159 15.7339
64.0549 15.4953
55.2116 16.7814
58.9117 16.1915
58.3783 16.5908
61.2056 15.6677
34.849 17.2094
55.9352 16.7973
62.8167 15.6462
70.2783 16.3619
69.4293 15.923
53.2122 16.86
54.9596 16.8883
66.317 16.7439
76.6818 15.8543
68.5456 16.4192
64.0373 15.9895
55.4004 16.6901
51.303 16.0409
45.8329 15.7664
72.5988 15.7537
44.0609 16.7601
58.0717 15.4434
60.6736 16.2024
90.2268 15.9563
83.6845 15.0834
79.0035 15.2071
70.6866 16.6604
63.8901 15.1843
65.4899 15.3645
68.8833 15.4552
55.2996 16.5763
51.9747 15.7959
49.8856 17.4759
38.4639 16.3322
58.5768 16.5067
59.9976 16.8383
61.542 15.3433
76.2484 15.1113
55.204 16.6776
79.1063 16.2558
68.1629 16.2192
61.7495 15.9183
54.9087 15.5435
52.5314 15.8441
56.2115 17.3536
69.9873 16.6941
52.348 15.3675
52.132 15.6017
73.2092 15.8878
48.0778 16.4302
59.7615 17.5031
63.7025 16.6266
53.4415 16.0929
56.5585 16.6281
57.024 15.3201
61.1823 16.028
63.5052 15.7842
63.2796 15.8933
61.841 15.9105
55.5694 16.2055
50.4596 15.6739
64.4194 16.6122
72.2665 15.5839
83.0687 15.8854
82.3869 15.4282
83.5228 14.9257
62.0759 15.7128
58.4151 16.893
51.4895 16.9733
64.9145 16.1137
57.9307 17.1303
54.942 15.8742
72.162 16.2351
71.0956 15.9456
63.271 16.0699
61.2836 16.0997
70.839 16.0588
64.8775 16.0802
55.8361 16.1159
69.0424 16.1159
83.8576 16.0527
80.7937 15.7655
77.1908 15.5817
53.4883 17.3078
31.0167 16.6043
48.1626 16.3069
41.1471 17.1301
46.0481 16.1263
38.268 17.4705
31.7197 16.6038
58.0196 16.2251
55.7258 16.1365
60.3017 16.4552
46.8672 17.6813
45.083 17.5268
30.8464 17.2882
58.6986 15.8833
75.996 14.68
69.774 16.1968
52.1904 16.6137
39.2858 15.716
39.5627 16.3559
65.0138 16.4658
52.6012 16.1792
64.6598 16.4366
61.1325 15.6656
56.1618 16.5212
63.9618 16.0341
50.0591 17.3126
51.0531 17.1877
81.1263 15.8069
68.6674 16.0099
66.8637 15.4012
70.6055 15.5639
80.7412 15.595
64.9887 15.7724
69.0468 15.9979
65.1535 16.0364
64.3095 15.4574
63.7381 16.0981
61.6813 16.0011
68.9123 15.9506
67.11 15.889
61.2399 15.8553
68.7846 15.4239
66.5463 16.082
65.7589 15.8674
65.5837 16.5021
56.2785 16.3528
52.0461 15.053
63.8297 15.3848
51.0974 15.3588
42.3816 16.5669
64.7935 16.6975
59.0331 16.956
59.3284 16.5961
63.9109 16.1073
61.89 16.3397
67.6814 16.0364
78.3985 15.6634
58.6755 16.3009
56.5403 16.52
59.9894 16.5022
35.1169 16.9565
30.1897 16.1771
33.0304 16.4055
65.4261 16.8654
56.2317 16.594
58.0998 16.7851
45.188 16.4615
45.7238 15.731
74.9342 15.5724
53.0662 15.8115
67.0912 16.3831
59.5068 16.1492
63.6304 16.344
62.0542 16.1491
51.7411 17.1804
62.4936 15.9729
80.5559 15.6165
68.7125 15.2842
73.557 14.8173
73.557 16.3884
77.4781 15.2619
77.4781 16.3845
65.9271 15.9351
64.8617 16.0406
62.273 16.1074
60.3476 16.8212
64.2712 17.4456
57.9432 16.4632
69.5582 16.1846
58.4694 16.0444
54.3014 16.2382
57.0667 16.7947
66.3669 16.3008
57.9204 15.8795
63.6703 15.7627
67.2363 15.9828
61.1731 15.578
44.3659 16.5626
42.3 15.9316
44.6323 16.5348
61.653 16.7886
57.4372 16.6132
44.7906 15.8147
45.0935 16.1189
62.9528 15.2096
53.1058 15.4182
51.8564 15.8934
55.7343 16.7668
48.022 15.9308
58.3174 17.1756
55.6274 16.4928
70.5664 15.7209
46.2454 16.5022
57.5561 16.8124
57.0927 15.4682
46.5771 17.1218
27.7205 16.597
27.7205 16.4012
43.7143 16.4521
53.7362 15.6435
36.0764 17.3367
39.0088 16.5811
49.1137 17.6259
55.7627 16.1454
57.3515 16.6354
62.1044 16.38
55.9422 15.5909
63.474 15.7441
58.3109 16.0467
64.6203 15.6891
53.2644 16.2484
60.2154 15.8043
49.2079 16.7076
59.93 16.3259
50.9764 16.3245
45.2339 16.1044
38.6202 15.7928
40.7185 17.6336
51.7595 16.7004
39.5334 16.0999
48.4297 16.1282
52.7979 16.353
64.8078 16.5127
55.1302 16.1471
65.788 16.8398
66.5733 17.1436
63.6005 15.1372
70.4688 15.092
75.2686 15.8284
63.7993 15.3162
65.3689 17.0571
66.5729 15.9573
74.3106 15.8751
74.8336 16.0023
56.9809 16.9083
78.7831 15.4862
64.0585 16.3115
53.1741 17.1235
83.3388 16.3771
61.705 16.0748
65.6862 16.2794
59.6859 16.6416
66.345 15.7461
71.2244 16.1817
68.001 16.6575
58.9813 15.3884
58.7448 15.4757
47.8687 16.3802
51.7916 16.717
60.3265 16.6834
63.6108 16.9318
41.6466 16.2487
51.2135 17.2331
61.9434 15.6138
79.5078 16.6529
58.2241 16.6059
54.6823 16.2345
41.2615 16.9669
35.8617 17.3783
52.495 16.9612
49.3143 17.0203
66.4154 16.1669
62.7868 16.2359
60.2204 15.4942
64.1662 15.7824
58.2215 16.2852
69.5232 15.7385
52.2728 16.3122
59.3647 16.4962
59.9915 16.3743
38.4953 16.937
45.0016 17.1531
76.6194 16.0752
70.527 14.9492
72.4221 16.1114
41.8335 16.4308
43.5389 17.0799
64.3387 15.9602
37.1688 16.3539
58.5293 16.1468
44.4853 17.5088
52.5122 16.3473
70.1265 16.079
56.5238 16.9443
78.4351 15.9353
58.6091 17.0302
49.7806 16.9776
55.7661 16.1624
47.0337 16.5247
42.8945 16.5936
56.4414 15.5582
44.5847 17.2471
65.1475 16.4638
76.4409 15.858
64.8815 15.9804
55.036 16.4197
56.4713 16.3132
49.3682 16.2892
60.423 14.4781
56.8827 15.6476
58.7301 15.4256
49.1729 15.7737
70.4442 16.1414
42.8594 16.3297
41.1747 16.8367
41.5467 16.204
41.827 15.7674
36.0505 15.8558
51.3032 17.4428
59.2395 17.0268
48.6129 16.478
50.7545 16.4763
44.9921 16.7226
54.5058 16.4532
50.7663 16.4948
71.3836 16.0718
74.4368 15.7267
54.7032 15.3805
46.5527 15.1991
46.2149 15.5878
45.0452 15.9703
66.0064 15.4972
50.2352 15.9132
52.8463 15.4921
52.6383 15.881
47.5157 17.8766
49.3947 16.1315
42.2216 16.4071
53.3691 16.7745
50.9893 17.373
45.4512 16.6443
64.3291 16.1676
47.455 16.6187
55.1283 16.3944
51.4961 16.3462
51.4339 17.4664
89.618 15.0989
78.5642 15.3149
57.1682 15.6176
68.2459 15.3712
68.1415 16.4636
70.8923 15.655
72.9398 16.3522
38.9757 16.9053
64.7227 16.4918
79.4023 15.7463
102.605 15.1905
65.0398 15.7323
77.0756 16.0161
74.9855 17.1093
66.5655 15.6616
59.9765 15.4587
79.9434 15.5331
68.0178 15.692
68.5954 16.0762
57.5747 15.493
54.7695 16.2115
48.6878 17.147
46.6983 16.8277
48.4771 15.784
46.5872 16.3331
61.1798 17.1139
83.1702 15.1498
71.0495 16.2829
85.0497 15.3685
84.8447 15.6957
83.7013 15.5829
65.7872 15.7475
79.0016 15.5708
46.5804 15.7867
50.637 16.1645
50.204 17.6836
61.3048 16.5582
51.3514 16.4195
52.4654 16.6683
50.9099 16.581
46.9952 16.4189
87.8749 15.0508
78.6978 15.8282
75.9395 16.4771
53.1132 16.4459
59.0749 15.8691
69.631 15.898
65.9632 16.2577
86.4409 15.7951
83.8598 16.5479
57.0883 15.478
53.4818 16.6266
67.805 15.8904
71.015 16.1806
66.369 16.6447
78.1986 16.2318
78.5303 16.4477
61.6435 16.0728
46.5266 16.143
61.441 15.4815
73.7624 15.4916
66.3293 14.5511
63.5068 15.9937
74.3538 16.8716
63.3492 17.287
56.9586 15.5874
61.4413 15.6168
62.3734 17.0697
65.3635 16.7077
82.2329 15.1025
66.9734 16.3048
59.1248 16.3449
58.1447 17.2132
58.5378 16.8352
59.8176 16.4649
48.1891 16.8459
61.328 16.9031
58.8304 16.2914
56.4194 16.1131
59.5318 17.126
56.4567 16.0305
38.7652 17.1928
56.9351 16.037
52.7897 16.6903
37.7279 17.1676
35.26 16.8363
48.2186 16.4632
40.8846 16.546
33.9338 16.3405
45.8154 16.2991
44.5416 15.9976
61.0456 15.983
46.4798 16.5092
40.4051 16.8651
49.9918 17.0072
47.3503 16.7922
40.8702 15.3092
43.4275 17.0342
47.584 17.0575
60.8466 16.4656
67.9391 15.5708
60.9486 15.9594
67.0991 15.9793
64.3132 16.3373
70.0805 16.0392
67.8639 15.3923
72.106 15.8059
68.8422 15.8696
77.4317 14.8476
62.4653 16.5682
66.475 16.0713
58.0982 16.8099
72.9297 15.7363
63.7263 15.2177
55.9902 15.9197
72.4752 15.7265
81.7331 15.7013
76.5388 15.8254
80.8971 15.9747
52.5221 15.4269
49.9396 17.2953
45.168 16.8235
48.7643 16.179
58.4166 16.5765
52.4002 16.0754
49.1226 15.9323
56.8966 16.0227
47.5873 16.0125
47.9473 15.6176
54.2109 16.091
51.0871 15.9591
65.2437 16.085
74.315 16.1661
61.4253 16.1846
58.1113 15.597
61.2109 16.579
58.0362 16.5998
51.7792 16.9855
42.1932 16.8493
52.0464 16.3819
51.8169 16.9995
46.271 17.0258
55.9016 16.716
67.4017 16.8533
87.0901 14.6731
89.8495 15.5506
91.7901 15.3771
78.2006 15.7019
77.1727 15.9551
69.8896 15.5696
73.2138 15.6308
97.9813 16.3443
84.3504 15.9478
95.8125 15.8153
72.5065 15.4673
62.3562 15.6618
57.5169 16.4729
49.6687 16.5624
53.0519 17.28
48.5857 16.8921
43.1903 16.6055
74.578 16.1223
72.5177 16.6455
75.4357 16.2771
35.4485 16.9651
28.0753 16.7526
45.5244 17.2294
41.0131 17.0665
33.8056 16.0905
39.9787 16.3247
50.1448 16.1925
73.8973 15.6864
76.8146 15.3131
67.8398 16.0577
52.489 16.9286
55.6113 17.6045
57.5991 16.0333
67.2201 16.7548
62.8075 16.1291
50.2384 16.8478
67.0657 15.8589
60.4432 15.9235
63.3157 15.8405
51.7916 16.8578
54.2956 15.6642
75.226 16.5233
49.2913 16.3918
47.1959 16.4925
46.5735 16.5052
70.776 16.194
58.5311 16.6088
64.3808 15.1431
69.4597 16.6289
55.3992 16.1244
61.3323 15.6781
63.602 15.8163
70.6522 15.5042
61.4482 15.1661
42.3506 16.8332
45.6314 16.306
44.8747 16.1428
54.1386 16.4106
57.3658 16.2423
44.2151 16.1412
47.8996 16.2348
47.8936 15.8878
48.237 17.1204
60.3023 15.9861
54.2921 16.5397
52.8618 16.657
44.5286 16.2291
53.6874 15.8469
47.5083 16.1409
60.6309 15.5063
76.6823 15.6588
72.0843 16.0256
59.0702 16.7625
84.3519 15.6773
82.8734 15.3694
72.0741 15.7613
72.3099 16.4264
53.4615 15.877
39.8059 15.6865
35.7987 16.113
80.4909 16.2017
85.6691 15.7218
66.8327 16.7856
55.9738 15.9474
49.1103 17.0617
64.0176 16.3949
53.9923 16.2802
64.2067 16.4275
54.6822 17.4463
60.4197 17.2556
53.4011 15.7233
57.3307 15.3053
57.3307 15.8059
63.2605 15.9432
66.0233 15.8107
51.3345 17.1088
67.6562 16.1724
79.9371 15.7784
45.4527 15.9762
47.1457 17.2473
51.7231 16.3124
50.2587 16.5889
63.8326 15.8978
66.1027 15.7591
77.769 15.2309
53.7788 16.373
62.1023 15.5701
53.1765 16.8936
40.4709 16.5104
54.4559 16.7915
52.3607 16.4368
46.7534 16.7016
51.8028 16.7016
48.6083 16.8196
34.3171 16.7417
34.7939 18.0322
45.2749 16.6621
48.2076 16.7482
38.7998 16.1855
47.9428 16.3312
55.0684 16.2803
51.6812 16.2715
60.7275 15.8527
38.4479 16.3173
44.9735 16.5397
46.8566 17.1681
63.118 15.7196
49.3037 16.1694
49.8548 16.181
44.7658 16.185
47.2434 16.1844
57.0442 16.1951
90.088 16.1785
72.2042 16.2371
83.2907 16.4293
61.7956 16.8725
60.878 16.6315
56.3946 15.8667
49.487 17.444
65.0081 16.1252
54.1485 16.5039
57.5749 16.6313
90.4096 16.1308
62.5131 16.1471
77.8193 16.3392
95.1827 15.7418
71.6938 16.8977
59.4858 16.2355
66.7577 15.7521
53.4346 16.8339
54.5999 15.794
62.5443 16.3796
53.7235 16.224
45.5039 16.7319
46.9348 16.4142
64.1475 15.7954
69.0745 15.7854
67.7982 16.6514
58.1041 16.8848
46.409 16.4598
39.2172 16.8002
46.9483 16.4719
52.6896 16.2023
62.8926 16.8436
57.0494 16.2075
48.6818 15.8507
79.5679 16.4514
59.7348 16.3088
72.1596 16.5921
63.1623 17.0931
63.4215 17.4354
57.7497 16.7349
42.6003 16.7274
39.5947 16.5927
55.8299 16.2532
47.6473 16.5032
71.1085 16.0591
67.7495 15.4293
68.7416 15.8141
52.6012 15.5344
68.2912 16.7142
56.4349 15.6411
56.5263 15.6058
63.8663 16.003
70.1666 16.3091
82.0428 16.0711
64.0145 15.8501
59.3859 16.2881
69.9852 16.2011
29.4023 16.1681
47.2438 16.528
55.4437 16.1502
53.491 16.1402
55.2941 16.3472
61.7567 15.7009
68.7338 17.1315
81.9915 15.1442
74.6029 16.0923
71.2099 16.5082
43.8508 16.6009
26.5678 16.2164
57.8782 16.2846
42.2426 16.5731
38.7004 15.8465
49.8338 17.8878
62.9626 15.7662
46.7514 16.2208
60.8306 16.3275
67.744 15.4718
80.849 15.8206
75.7592 16.3441
68.6175 16.8155
44.0225 16.1772
54.8134 17.1583
56.7584 16.6206
60.3724 16.1316
67.0714 16.4832
55.6585 17.5177
48.8535 16.3645
74.2042 16.1195
60.6807 15.9871
49.289 16.8434
47.4418 16.9585
56.1785 16.3995
66.2033 15.5741
61.081 15.7472
70.6023 15.7587
71.9049 15.8154
69.5228 15.9759
73.101 15.6951
64.6229 16.5282
53.4006 16.9053
52.9396 16.9162
57.9555 16.3479
54.6288 16.756
67.1683 16.0219
42.5294 17.2481
48.687 16.7371
44.6947 16.5509
48.064 16.7329
54.0586 16.9427
47.1976 16.2993
53.0581 16.9093
65.9664 15.8642
53.4955 16.4329
66.5632 15.552
74.6953 15.7535
74.303 15.8272
48.0884 17.4237
82.5542 17.0377
92.7741 14.9703
98.1947 15.6179
80.6107 15.7994
65.9934 15.8041
77.07 16.2369
60.4302 16.8544
60.8302 16.4115
71.5421 16.2129
57.7482 16.7356
54.1007 16.5327
63.082 15.5723
52.799 16.617
77.4698 16.0783
63.4174 16.1832
61.4779 15.4239
68.5965 16.6379
51.1055 16.5938
56.4534 16.9684
62.6935 16.5121
59.5918 16.5909
60.7341 16.9957
56.126 16.879
56.373 16.1905
67.3539 16.3501
72.5999 16.0716
48.6161 16.2808
49.7687 16.6427
50.1165 16.239
44.5814 16.5758
52.3588 16.3709
61.1291 16.0991
48.4365 16.254
43.1073 17.047
50.9595 17.9189
59.931 15.8043
58.0097 16.7316
78.391 15.8363
50.8445 16.3328
54.197 16.1937
62.2098 15.3204
71.8201 15.976
60.4466 16.7045
67.2171 15.8435
